#
# There is insufficient memory for the Java Runtime Environment to continue.
# Native memory allocation (malloc) failed to allocate 824976 bytes for Chunk::new
# Possible reasons:
#   The system is out of physical RAM or swap space
#   The process is running with CompressedOops enabled, and the Java Heap may be blocking the growth of the native heap
# Possible solutions:
#   Reduce memory load on the system
#   Increase physical memory or swap space
#   Check if swap backing store is full
#   Decrease Java heap size (-Xmx/-Xms)
#   Decrease number of Java threads
#   Decrease Java thread stack sizes (-Xss)
#   Set larger code cache with -XX:ReservedCodeCacheSize=
#   JVM is running with Zero Based Compressed Oops mode in which the Java heap is
#     placed in the first 32GB address space. The Java Heap base address is the
#     maximum limit for the native heap growth. Please use -XX:HeapBaseMinAddress
#     to set the Java Heap base and to place the Java Heap above 32GB virtual address.
# This output file may be truncated or incomplete.
#
#  Out of Memory Error (arena.cpp:189), pid=16128, tid=30424
#
# JRE version: Java(TM) SE Runtime Environment (17.0.9+11) (build 17.0.9+11-LTS-201)
# Java VM: Java HotSpot(TM) 64-Bit Server VM (17.0.9+11-LTS-201, mixed mode, sharing, tiered, compressed oops, compressed class ptrs, g1 gc, windows-amd64)
# No core dump will be written. Minidumps are not enabled by default on client versions of Windows
#

---------------  S U M M A R Y ------------

Command Line: -Dcom.sun.management.jmxremote -Dcom.sun.management.jmxremote.port=52120 -Dcom.sun.management.jmxremote.authenticate=false -Dcom.sun.management.jmxremote.ssl=false -Dspring.jmx.enabled=true -Djava.rmi.server.hostname=localhost -Dspring.application.admin.enabled=true -Dspring.boot.project.name=jobhunter-01-java-spring-jobhunter-starter-master -XX:+ShowCodeDetailsInExceptionMessages -Dmanagement.endpoints.jmx.exposure.include=* vn.hoidanit.jobhunter.JobhunterApplication

Host: AMD Ryzen 7 6800H with Radeon Graphics         , 16 cores, 15G,  Windows 11 , 64 bit Build 22621 (10.0.22621.4391)
Time: Tue Jan 14 11:35:38 2025 SE Asia Standard Time elapsed time: 82.150767 seconds (0d 0h 1m 22s)

---------------  T H R E A D  ---------------

Current thread (0x0000028475e6d100):  JavaThread "C2 CompilerThread3" daemon [_thread_in_native, id=30424, stack(0x000000ab14600000,0x000000ab14700000)]


Current CompileTask:
C2:  82151 10254       4       org.springframework.asm.ClassReader::accept (1401 bytes)

Stack: [0x000000ab14600000,0x000000ab14700000]
Native frames: (J=compiled Java code, j=interpreted, Vv=VM code, C=native code)
V  [jvm.dll+0x678a4a]
V  [jvm.dll+0x7d9cfd]
V  [jvm.dll+0x7db60e]
V  [jvm.dll+0x7dbc73]
V  [jvm.dll+0x245e1f]
V  [jvm.dll+0xaaafb]
V  [jvm.dll+0xab09c]
V  [jvm.dll+0x36232f]
V  [jvm.dll+0x1bb7c5]
V  [jvm.dll+0x218287]
V  [jvm.dll+0x217561]
V  [jvm.dll+0x1a3bc0]
V  [jvm.dll+0x2272de]
V  [jvm.dll+0x22548b]
V  [jvm.dll+0x78f58c]
V  [jvm.dll+0x78998a]
V  [jvm.dll+0x677875]
C  [ucrtbase.dll+0x29333]
C  [KERNEL32.DLL+0x1259d]
C  [ntdll.dll+0x5af38]


---------------  P R O C E S S  ---------------

Threads class SMR info:
_java_thread_list=0x00000284728c7a70, length=28, elements={
0x000002842504f0d0, 0x0000028425050360, 0x00000284253889b0, 0x000002842538a380,
0x000002842538ad40, 0x000002842538b700, 0x000002842538f9a0, 0x0000028425399380,
0x00000284253a64b0, 0x000002842503c900, 0x000002842551b7f0, 0x0000028425ab56e0,
0x0000028425813170, 0x0000028425bc5ca0, 0x0000028425dad8c0, 0x000002846b81af40,
0x000002846b81a520, 0x000002846b81aa30, 0x000002846b81a010, 0x00000284710593e0,
0x000002847019cd40, 0x0000028470199080, 0x0000028470199fb0, 0x000002847019dc70,
0x0000028475e6e0f0, 0x0000028475e6eb90, 0x0000028475e6d100, 0x000002846d05a560
}

Java Threads: ( => current thread )
  0x000002842504f0d0 JavaThread "Reference Handler" daemon [_thread_blocked, id=10732, stack(0x000000ab13900000,0x000000ab13a00000)]
  0x0000028425050360 JavaThread "Finalizer" daemon [_thread_blocked, id=21220, stack(0x000000ab13a00000,0x000000ab13b00000)]
  0x00000284253889b0 JavaThread "Signal Dispatcher" daemon [_thread_blocked, id=29768, stack(0x000000ab13b00000,0x000000ab13c00000)]
  0x000002842538a380 JavaThread "Attach Listener" daemon [_thread_blocked, id=20448, stack(0x000000ab13c00000,0x000000ab13d00000)]
  0x000002842538ad40 JavaThread "Service Thread" daemon [_thread_blocked, id=29084, stack(0x000000ab13d00000,0x000000ab13e00000)]
  0x000002842538b700 JavaThread "Monitor Deflation Thread" daemon [_thread_blocked, id=26768, stack(0x000000ab13e00000,0x000000ab13f00000)]
  0x000002842538f9a0 JavaThread "C2 CompilerThread0" daemon [_thread_in_native, id=5168, stack(0x000000ab13f00000,0x000000ab14000000)]
  0x0000028425399380 JavaThread "C1 CompilerThread0" daemon [_thread_blocked, id=36160, stack(0x000000ab14000000,0x000000ab14100000)]
  0x00000284253a64b0 JavaThread "Sweeper thread" daemon [_thread_blocked, id=16308, stack(0x000000ab14100000,0x000000ab14200000)]
  0x000002842503c900 JavaThread "Common-Cleaner" daemon [_thread_blocked, id=30536, stack(0x000000ab14200000,0x000000ab14300000)]
  0x000002842551b7f0 JavaThread "Notification Thread" daemon [_thread_blocked, id=36516, stack(0x000000ab14700000,0x000000ab14800000)]
  0x0000028425ab56e0 JavaThread "RMI TCP Accept-0" daemon [_thread_in_native, id=26716, stack(0x000000ab14800000,0x000000ab14900000)]
  0x0000028425813170 JavaThread "RMI TCP Accept-52120" daemon [_thread_in_native, id=10300, stack(0x000000ab14900000,0x000000ab14a00000)]
  0x0000028425bc5ca0 JavaThread "RMI TCP Accept-0" daemon [_thread_in_native, id=6192, stack(0x000000ab14a00000,0x000000ab14b00000)]
  0x0000028425dad8c0 JavaThread "RMI TCP Connection(idle)" daemon [_thread_blocked, id=27496, stack(0x000000ab15500000,0x000000ab15600000)]
  0x000002846b81af40 JavaThread "RMI Scheduler(0)" daemon [_thread_blocked, id=3980, stack(0x000000ab15600000,0x000000ab15700000)]
  0x000002846b81a520 JavaThread "RMI TCP Connection(idle)" daemon [_thread_blocked, id=21488, stack(0x000000ab15700000,0x000000ab15800000)]
  0x000002846b81aa30 JavaThread "JMX server connection timeout 33" daemon [_thread_blocked, id=5544, stack(0x000000ab15800000,0x000000ab15900000)]
  0x000002846b81a010 JavaThread "mysql-cj-abandoned-connection-cleanup" daemon [_thread_blocked, id=15128, stack(0x000000ab16900000,0x000000ab16a00000)]
  0x00000284710593e0 JavaThread "Live Reload Server" daemon [_thread_in_native, id=25748, stack(0x000000ab16f00000,0x000000ab17000000)]
  0x000002847019cd40 JavaThread "DestroyJavaVM" [_thread_blocked, id=28140, stack(0x000000ab13200000,0x000000ab13300000)]
  0x0000028470199080 JavaThread "RMI TCP Connection(idle)" daemon [_thread_blocked, id=16380, stack(0x000000ab15300000,0x000000ab15400000)]
  0x0000028470199fb0 JavaThread "Thread-11" [_thread_blocked, id=36032, stack(0x000000ab12f00000,0x000000ab13000000)]
  0x000002847019dc70 JavaThread "restartedMain" [_thread_in_vm, id=30276, stack(0x000000ab13100000,0x000000ab13200000)]
  0x0000028475e6e0f0 JavaThread "C2 CompilerThread1" daemon [_thread_in_native, id=35648, stack(0x000000ab13000000,0x000000ab13100000)]
  0x0000028475e6eb90 JavaThread "C2 CompilerThread2" daemon [_thread_blocked, id=10316, stack(0x000000ab14500000,0x000000ab14600000)]
=>0x0000028475e6d100 JavaThread "C2 CompilerThread3" daemon [_thread_in_native, id=30424, stack(0x000000ab14600000,0x000000ab14700000)]
  0x000002846d05a560 JavaThread "C2 CompilerThread4" daemon [_thread_in_native, id=36056, stack(0x000000ab14c00000,0x000000ab14d00000)]

Other Threads:
  0x0000028425049180 VMThread "VM Thread" [stack: 0x000000ab13800000,0x000000ab13900000] [id=36720]
  0x0000028425bc83a0 WatcherThread [stack: 0x000000ab14b00000,0x000000ab14c00000] [id=8336]
  0x000002840205be00 GCTaskThread "GC Thread#0" [stack: 0x000000ab13300000,0x000000ab13400000] [id=24864]
  0x000002846b719f50 GCTaskThread "GC Thread#1" [stack: 0x000000ab14d00000,0x000000ab14e00000] [id=24656]
  0x000002846b71a210 GCTaskThread "GC Thread#2" [stack: 0x000000ab14e00000,0x000000ab14f00000] [id=24216]
  0x000002846b7ab020 GCTaskThread "GC Thread#3" [stack: 0x000000ab14f00000,0x000000ab15000000] [id=9484]
  0x000002846b7ab2e0 GCTaskThread "GC Thread#4" [stack: 0x000000ab15000000,0x000000ab15100000] [id=12208]
  0x000002846b66b450 GCTaskThread "GC Thread#5" [stack: 0x000000ab15100000,0x000000ab15200000] [id=15648]
  0x000002846b66b710 GCTaskThread "GC Thread#6" [stack: 0x000000ab15200000,0x000000ab15300000] [id=14712]
  0x000002846b84e030 GCTaskThread "GC Thread#7" [stack: 0x000000ab15900000,0x000000ab15a00000] [id=14380]
  0x000002846bb40650 GCTaskThread "GC Thread#8" [stack: 0x000000ab15a00000,0x000000ab15b00000] [id=30012]
  0x000002846c3e53d0 GCTaskThread "GC Thread#9" [stack: 0x000000ab15f00000,0x000000ab16000000] [id=33364]
  0x000002846c21d3e0 GCTaskThread "GC Thread#10" [stack: 0x000000ab16000000,0x000000ab16100000] [id=32032]
  0x000002846cd9b250 GCTaskThread "GC Thread#11" [stack: 0x000000ab16100000,0x000000ab16200000] [id=13832]
  0x000002846c6ec840 GCTaskThread "GC Thread#12" [stack: 0x000000ab16200000,0x000000ab16300000] [id=29484]
  0x000002840206c150 ConcurrentGCThread "G1 Main Marker" [stack: 0x000000ab13400000,0x000000ab13500000] [id=36408]
  0x000002840206d300 ConcurrentGCThread "G1 Conc#0" [stack: 0x000000ab13500000,0x000000ab13600000] [id=28372]
  0x000002846bedd000 ConcurrentGCThread "G1 Conc#1" [stack: 0x000000ab16300000,0x000000ab16400000] [id=31628]
  0x000002846ba41580 ConcurrentGCThread "G1 Conc#2" [stack: 0x000000ab16400000,0x000000ab16500000] [id=23016]
  0x000002840209e430 ConcurrentGCThread "G1 Refine#0" [stack: 0x000000ab13600000,0x000000ab13700000] [id=23932]
  0x0000028424f020d0 ConcurrentGCThread "G1 Service" [stack: 0x000000ab13700000,0x000000ab13800000] [id=22932]

Threads with active compile tasks:
C2 CompilerThread0    82227 10244       4       org.springframework.boot.type.classreading.ConcurrentReferenceCachingMetadataReaderFactory::getMetadataReader (38 bytes)
C2 CompilerThread1    82228 10289       4       org.springframework.boot.autoconfigure.condition.FilteringSpringBootCondition::filter (82 bytes)
C2 CompilerThread3    82229 10254       4       org.springframework.asm.ClassReader::accept (1401 bytes)
C2 CompilerThread4    82230 10261   !   4       org.springframework.context.annotation.ConfigurationClassParser::asSourceClass (86 bytes)

VM state: not at safepoint (normal execution)

VM Mutex/Monitor currently owned by a thread: None

Heap address: 0x000000070c000000, size: 3904 MB, Compressed Oops mode: Zero based, Oop shift amount: 3

CDS archive(s) mapped at: [0x0000028426000000-0x0000028426bd0000-0x0000028426bd0000), size 12386304, SharedBaseAddress: 0x0000028426000000, ArchiveRelocationMode: 1.
Compressed class space mapped at: 0x0000028427000000-0x0000028467000000, reserved size: 1073741824
Narrow klass base: 0x0000028426000000, Narrow klass shift: 0, Narrow klass range: 0x100000000

GC Precious Log:
 CPUs: 16 total, 16 available
 Memory: 15613M
 Large Page Support: Disabled
 NUMA Support: Disabled
 Compressed Oops: Enabled (Zero based)
 Heap Region Size: 2M
 Heap Min Capacity: 8M
 Heap Initial Capacity: 244M
 Heap Max Capacity: 3904M
 Pre-touch: Disabled
 Parallel Workers: 13
 Concurrent Workers: 3
 Concurrent Refinement Workers: 13
 Periodic GC: Disabled

Heap:
 garbage-first heap   total 90112K, used 48974K [0x000000070c000000, 0x0000000800000000)
  region size 2048K, 6 young (12288K), 2 survivors (4096K)
 Metaspace       used 77988K, committed 78720K, reserved 1179648K
  class space    used 10408K, committed 10752K, reserved 1048576K

Heap Regions: E=young(eden), S=young(survivor), O=old, HS=humongous(starts), HC=humongous(continues), CS=collection set, F=free, OA=open archive, CA=closed archive, TAMS=top-at-mark-start (previous, next)
|   0|0x000000070c000000, 0x000000070c1fa080, 0x000000070c200000| 98%| O|  |TAMS 0x000000070c1fa080, 0x000000070c000000| Untracked 
|   1|0x000000070c200000, 0x000000070c3fffd0, 0x000000070c400000| 99%| O|  |TAMS 0x000000070c3fffd0, 0x000000070c200000| Untracked 
|   2|0x000000070c400000, 0x000000070c600000, 0x000000070c600000|100%| O|  |TAMS 0x000000070c600000, 0x000000070c400000| Untracked 
|   3|0x000000070c600000, 0x000000070c7ffff0, 0x000000070c800000| 99%| O|  |TAMS 0x000000070c7ffff0, 0x000000070c600000| Untracked 
|   4|0x000000070c800000, 0x000000070c9fffb8, 0x000000070ca00000| 99%| O|  |TAMS 0x000000070c9fffb8, 0x000000070c800000| Untracked 
|   5|0x000000070ca00000, 0x000000070cc00000, 0x000000070cc00000|100%| O|  |TAMS 0x000000070cc00000, 0x000000070ca00000| Untracked 
|   6|0x000000070cc00000, 0x000000070cdfffe0, 0x000000070ce00000| 99%| O|  |TAMS 0x000000070cdfffe0, 0x000000070cc00000| Untracked 
|   7|0x000000070ce00000, 0x000000070cfffff8, 0x000000070d000000| 99%| O|  |TAMS 0x000000070cfffff8, 0x000000070ce00000| Untracked 
|   8|0x000000070d000000, 0x000000070d1ffff0, 0x000000070d200000| 99%| O|  |TAMS 0x000000070d1ffff0, 0x000000070d000000| Untracked 
|   9|0x000000070d200000, 0x000000070d400000, 0x000000070d400000|100%| O|  |TAMS 0x000000070d400000, 0x000000070d200000| Untracked 
|  10|0x000000070d400000, 0x000000070d5fffe8, 0x000000070d600000| 99%| O|  |TAMS 0x000000070d5fffe8, 0x000000070d400000| Untracked 
|  11|0x000000070d600000, 0x000000070d800000, 0x000000070d800000|100%| O|  |TAMS 0x000000070d800000, 0x000000070d600000| Untracked 
|  12|0x000000070d800000, 0x000000070d9fffb0, 0x000000070da00000| 99%| O|  |TAMS 0x000000070d9fffb0, 0x000000070d800000| Untracked 
|  13|0x000000070da00000, 0x000000070dbfffe8, 0x000000070dc00000| 99%| O|  |TAMS 0x000000070dbfffe8, 0x000000070da00000| Untracked 
|  14|0x000000070dc00000, 0x000000070ddfff98, 0x000000070de00000| 99%| O|  |TAMS 0x000000070ddfff98, 0x000000070dc00000| Untracked 
|  15|0x000000070de00000, 0x000000070dffb140, 0x000000070e000000| 99%| O|  |TAMS 0x000000070dffb140, 0x000000070de00000| Untracked 
|  16|0x000000070e000000, 0x000000070e1ffff0, 0x000000070e200000| 99%| O|  |TAMS 0x000000070e1ffff0, 0x000000070e000000| Untracked 
|  17|0x000000070e200000, 0x000000070e3ffff0, 0x000000070e400000| 99%| O|  |TAMS 0x000000070e3ffff0, 0x000000070e200000| Untracked 
|  18|0x000000070e400000, 0x000000070e5c87e0, 0x000000070e600000| 89%| O|  |TAMS 0x000000070e5c87e0, 0x000000070e400000| Untracked 
|  19|0x000000070e600000, 0x000000070e66f258, 0x000000070e800000| 21%| O|  |TAMS 0x000000070e66f258, 0x000000070e600000| Untracked 
|  20|0x000000070e800000, 0x000000070e904778, 0x000000070ea00000| 50%| O|  |TAMS 0x000000070e904778, 0x000000070e800000| Untracked 
|  21|0x000000070ea00000, 0x000000070ea00000, 0x000000070ec00000|  0%| F|  |TAMS 0x000000070ea00000, 0x000000070ea00000| Untracked 
|  22|0x000000070ec00000, 0x000000070ec00000, 0x000000070ee00000|  0%| F|  |TAMS 0x000000070ec00000, 0x000000070ec00000| Untracked 
|  23|0x000000070ee00000, 0x000000070ee00000, 0x000000070f000000|  0%| F|  |TAMS 0x000000070ee00000, 0x000000070ee00000| Untracked 
|  24|0x000000070f000000, 0x000000070f000000, 0x000000070f200000|  0%| F|  |TAMS 0x000000070f000000, 0x000000070f000000| Untracked 
|  25|0x000000070f200000, 0x000000070f200000, 0x000000070f400000|  0%| F|  |TAMS 0x000000070f200000, 0x000000070f200000| Untracked 
|  26|0x000000070f400000, 0x000000070f400000, 0x000000070f600000|  0%| F|  |TAMS 0x000000070f400000, 0x000000070f400000| Untracked 
|  27|0x000000070f600000, 0x000000070f6a2a40, 0x000000070f800000| 31%| S|CS|TAMS 0x000000070f600000, 0x000000070f600000| Complete 
|  28|0x000000070f800000, 0x000000070fa00000, 0x000000070fa00000|100%| S|CS|TAMS 0x000000070f800000, 0x000000070f800000| Complete 
|  29|0x000000070fa00000, 0x000000070fa00000, 0x000000070fc00000|  0%| F|  |TAMS 0x000000070fa00000, 0x000000070fa00000| Untracked 
|  30|0x000000070fc00000, 0x000000070fc00000, 0x000000070fe00000|  0%| F|  |TAMS 0x000000070fc00000, 0x000000070fc00000| Untracked 
|  31|0x000000070fe00000, 0x000000070fe00000, 0x0000000710000000|  0%| F|  |TAMS 0x000000070fe00000, 0x000000070fe00000| Untracked 
|  32|0x0000000710000000, 0x0000000710000000, 0x0000000710200000|  0%| F|  |TAMS 0x0000000710000000, 0x0000000710000000| Untracked 
|  33|0x0000000710200000, 0x0000000710200000, 0x0000000710400000|  0%| F|  |TAMS 0x0000000710200000, 0x0000000710200000| Untracked 
|  34|0x0000000710400000, 0x0000000710400000, 0x0000000710600000|  0%| F|  |TAMS 0x0000000710400000, 0x0000000710400000| Untracked 
|  35|0x0000000710600000, 0x0000000710600000, 0x0000000710800000|  0%| F|  |TAMS 0x0000000710600000, 0x0000000710600000| Untracked 
|  36|0x0000000710800000, 0x0000000710800000, 0x0000000710a00000|  0%| F|  |TAMS 0x0000000710800000, 0x0000000710800000| Untracked 
|  37|0x0000000710a00000, 0x0000000710a00000, 0x0000000710c00000|  0%| F|  |TAMS 0x0000000710a00000, 0x0000000710a00000| Untracked 
|  38|0x0000000710c00000, 0x0000000710c00000, 0x0000000710e00000|  0%| F|  |TAMS 0x0000000710c00000, 0x0000000710c00000| Untracked 
|  40|0x0000000711000000, 0x0000000711000000, 0x0000000711200000|  0%| F|  |TAMS 0x0000000711000000, 0x0000000711000000| Untracked 
|  41|0x0000000711200000, 0x0000000711400000, 0x0000000711400000|100%| E|  |TAMS 0x0000000711200000, 0x0000000711200000| Complete 
|  42|0x0000000711400000, 0x0000000711600000, 0x0000000711600000|100%| E|CS|TAMS 0x0000000711400000, 0x0000000711400000| Complete 
|  43|0x0000000711600000, 0x0000000711800000, 0x0000000711800000|100%| E|CS|TAMS 0x0000000711600000, 0x0000000711600000| Complete 
| 121|0x000000071b200000, 0x000000071b400000, 0x000000071b400000|100%| E|CS|TAMS 0x000000071b200000, 0x000000071b200000| Complete 

Card table byte_map: [0x00000284198a0000,0x000002841a040000] _byte_map_base: 0x0000028416040000

Marking Bits (Prev, Next): (CMBitMap*) 0x000002840205c460, (CMBitMap*) 0x000002840205c420
 Prev Bits: [0x000002841e4e0000, 0x00000284221e0000)
 Next Bits: [0x000002841a7e0000, 0x000002841e4e0000)

Polling page: 0x00000284017a0000

Metaspace:

Usage:
  Non-class:     66.10 MB used.
      Class:     10.19 MB used.
       Both:     76.29 MB used.

Virtual space:
  Non-class space:      128.00 MB reserved,      66.50 MB ( 52%) committed,  2 nodes.
      Class space:        1.00 GB reserved,      10.50 MB (  1%) committed,  1 nodes.
             Both:        1.12 GB reserved,      77.00 MB (  7%) committed. 

Chunk freelists:
   Non-Class:  13.41 MB
       Class:  5.50 MB
        Both:  18.91 MB

MaxMetaspaceSize: unlimited
CompressedClassSpaceSize: 1.00 GB
Initial GC threshold: 21.00 MB
Current GC threshold: 127.94 MB
CDS: on
MetaspaceReclaimPolicy: balanced
 - commit_granule_bytes: 65536.
 - commit_granule_words: 8192.
 - virtual_space_node_default_size: 8388608.
 - enlarge_chunks_in_place: 1.
 - new_chunks_are_fully_committed: 0.
 - uncommit_free_chunks: 1.
 - use_allocation_guard: 0.
 - handle_deallocations: 1.


Internal statistics:

num_allocs_failed_limit: 9.
num_arena_births: 1018.
num_arena_deaths: 0.
num_vsnodes_births: 3.
num_vsnodes_deaths: 0.
num_space_committed: 1232.
num_space_uncommitted: 0.
num_chunks_returned_to_freelist: 9.
num_chunks_taken_from_freelist: 3827.
num_chunk_merges: 9.
num_chunk_splits: 2666.
num_chunks_enlarged: 1978.
num_inconsistent_stats: 0.

CodeHeap 'non-profiled nmethods': size=119168Kb used=8643Kb max_used=8643Kb free=110524Kb
 bounds [0x0000028411410000, 0x0000028411c90000, 0x0000028418870000]
CodeHeap 'profiled nmethods': size=119104Kb used=17185Kb max_used=17657Kb free=101918Kb
 bounds [0x0000028409870000, 0x000002840a9c0000, 0x0000028410cc0000]
CodeHeap 'non-nmethods': size=7488Kb used=1380Kb max_used=3149Kb free=6107Kb
 bounds [0x0000028410cc0000, 0x0000028410fe0000, 0x0000028411410000]
 total_blobs=9195 nmethods=8486 adapters=620
 compilation: enabled
              stopped_count=0, restarted_count=0
 full_count=0

Compilation events (20 events):
Event: 81.992 Thread 0x0000028475e6e0f0 10255       4       org.springframework.core.type.classreading.SimpleMethodMetadata::hashCode (8 bytes)
Event: 82.004 Thread 0x0000028475e6e0f0 nmethod 10255 0x0000028411c6fe90 code [0x0000028411c70020, 0x0000028411c70698]
Event: 82.004 Thread 0x0000028475e6e0f0 10256       4       org.springframework.core.type.classreading.SimpleMethodMetadataReadingVisitor$Source::hashCode (43 bytes)
Event: 82.016 Thread 0x0000028475e6e0f0 nmethod 10256 0x0000028411c70a10 code [0x0000028411c70ba0, 0x0000028411c711f8]
Event: 82.043 Thread 0x0000028425399380 10281       3       org.springframework.beans.factory.support.RootBeanDefinition::<init> (47 bytes)
Event: 82.044 Thread 0x0000028425399380 nmethod 10281 0x000002840a092890 code [0x000002840a092a60, 0x000002840a092f88]
Event: 82.059 Thread 0x0000028475e6e0f0 10282       4       org.springframework.core.OrderComparator::getOrder (22 bytes)
Event: 82.094 Thread 0x0000028475e6e0f0 nmethod 10282 0x0000028411c71590 code [0x0000028411c718c0, 0x0000028411c72ca8]
Event: 82.094 Thread 0x0000028475e6e0f0 10283   !   4       org.slf4j.LoggerFactory::getProvider (102 bytes)
Event: 82.095 Thread 0x0000028475e6e0f0 nmethod 10283 0x0000028411c73d10 code [0x0000028411c73e80, 0x0000028411c73f38]
Event: 82.095 Thread 0x0000028475e6e0f0 10284       4       ch.qos.logback.classic.LoggerContext::getLogger (6 bytes)
Event: 82.096 Thread 0x0000028475e6e0f0 nmethod 10284 0x0000028411c74010 code [0x0000028411c741a0, 0x0000028411c74248]
Event: 82.128 Thread 0x0000028475e6e0f0 10285       4       java.util.Map::getOrDefault (28 bytes)
Event: 82.134 Thread 0x0000028475e6e0f0 nmethod 10285 0x0000028411c74310 code [0x0000028411c744c0, 0x0000028411c749a8]
Event: 82.138 Thread 0x0000028475e6e0f0 10286       4       java.util.HashMap$Node::hashCode (16 bytes)
Event: 82.139 Thread 0x0000028475e6e0f0 nmethod 10286 0x0000028411c74f10 code [0x0000028411c750a0, 0x0000028411c75238]
Event: 82.140 Thread 0x0000028425399380 10287       3       java.time.temporal.TemporalQueries::chronology (4 bytes)
Event: 82.140 Thread 0x0000028425399380 nmethod 10287 0x0000028409b80e90 code [0x0000028409b81020, 0x0000028409b81118]
Event: 82.140 Thread 0x0000028425399380 10288       3       java.time.LocalDate::get0 (238 bytes)
Event: 82.141 Thread 0x0000028425399380 nmethod 10288 0x000002840a090690 code [0x000002840a090a80, 0x000002840a092158]

GC Heap History (20 events):
Event: 66.079 GC heap before
{Heap before GC invocations=22 (full 1):
 garbage-first heap   total 90112K, used 66293K [0x000000070c000000, 0x0000000800000000)
  region size 2048K, 16 young (32768K), 2 survivors (4096K)
 Metaspace       used 77296K, committed 77952K, reserved 1179648K
  class space    used 10373K, committed 10688K, reserved 1048576K
}
Event: 66.082 GC heap after
{Heap after GC invocations=23 (full 1):
 garbage-first heap   total 90112K, used 38845K [0x000000070c000000, 0x0000000800000000)
  region size 2048K, 2 young (4096K), 2 survivors (4096K)
 Metaspace       used 77296K, committed 77952K, reserved 1179648K
  class space    used 10373K, committed 10688K, reserved 1048576K
}
Event: 66.390 GC heap before
{Heap before GC invocations=24 (full 1):
 garbage-first heap   total 90112K, used 67517K [0x000000070c000000, 0x0000000800000000)
  region size 2048K, 16 young (32768K), 2 survivors (4096K)
 Metaspace       used 77387K, committed 78016K, reserved 1179648K
  class space    used 10377K, committed 10688K, reserved 1048576K
}
Event: 66.393 GC heap after
{Heap after GC invocations=25 (full 1):
 garbage-first heap   total 90112K, used 40131K [0x000000070c000000, 0x0000000800000000)
  region size 2048K, 2 young (4096K), 2 survivors (4096K)
 Metaspace       used 77387K, committed 78016K, reserved 1179648K
  class space    used 10377K, committed 10688K, reserved 1048576K
}
Event: 67.830 GC heap before
{Heap before GC invocations=25 (full 1):
 garbage-first heap   total 90112K, used 40131K [0x000000070c000000, 0x0000000800000000)
  region size 2048K, 3 young (6144K), 2 survivors (4096K)
 Metaspace       used 77406K, committed 78080K, reserved 1179648K
  class space    used 10378K, committed 10688K, reserved 1048576K
}
Event: 67.891 GC heap after
{Heap after GC invocations=26 (full 2):
 garbage-first heap   total 90112K, used 35751K [0x000000070c000000, 0x0000000800000000)
  region size 2048K, 0 young (0K), 0 survivors (0K)
 Metaspace       used 77406K, committed 78080K, reserved 1179648K
  class space    used 10378K, committed 10688K, reserved 1048576K
}
Event: 68.234 GC heap before
{Heap before GC invocations=26 (full 2):
 garbage-first heap   total 90112K, used 70567K [0x000000070c000000, 0x0000000800000000)
  region size 2048K, 17 young (34816K), 0 survivors (0K)
 Metaspace       used 77466K, committed 78144K, reserved 1179648K
  class space    used 10382K, committed 10688K, reserved 1048576K
}
Event: 68.236 GC heap after
{Heap after GC invocations=27 (full 2):
 garbage-first heap   total 90112K, used 38699K [0x000000070c000000, 0x0000000800000000)
  region size 2048K, 2 young (4096K), 2 survivors (4096K)
 Metaspace       used 77466K, committed 78144K, reserved 1179648K
  class space    used 10382K, committed 10688K, reserved 1048576K
}
Event: 68.613 GC heap before
{Heap before GC invocations=27 (full 2):
 garbage-first heap   total 90112K, used 69419K [0x000000070c000000, 0x0000000800000000)
  region size 2048K, 17 young (34816K), 2 survivors (4096K)
 Metaspace       used 77517K, committed 78208K, reserved 1179648K
  class space    used 10383K, committed 10688K, reserved 1048576K
}
Event: 68.616 GC heap after
{Heap after GC invocations=28 (full 2):
 garbage-first heap   total 90112K, used 40033K [0x000000070c000000, 0x0000000800000000)
  region size 2048K, 3 young (6144K), 3 survivors (6144K)
 Metaspace       used 77517K, committed 78208K, reserved 1179648K
  class space    used 10383K, committed 10688K, reserved 1048576K
}
Event: 68.953 GC heap before
{Heap before GC invocations=28 (full 2):
 garbage-first heap   total 90112K, used 68705K [0x000000070c000000, 0x0000000800000000)
  region size 2048K, 17 young (34816K), 3 survivors (6144K)
 Metaspace       used 77778K, committed 78464K, reserved 1179648K
  class space    used 10397K, committed 10752K, reserved 1048576K
}
Event: 68.959 GC heap after
{Heap after GC invocations=29 (full 2):
 garbage-first heap   total 90112K, used 41664K [0x000000070c000000, 0x0000000800000000)
  region size 2048K, 2 young (4096K), 2 survivors (4096K)
 Metaspace       used 77778K, committed 78464K, reserved 1179648K
  class space    used 10397K, committed 10752K, reserved 1048576K
}
Event: 69.223 GC heap before
{Heap before GC invocations=29 (full 2):
 garbage-first heap   total 90112K, used 68288K [0x000000070c000000, 0x0000000800000000)
  region size 2048K, 15 young (30720K), 2 survivors (4096K)
 Metaspace       used 77848K, committed 78592K, reserved 1179648K
  class space    used 10399K, committed 10752K, reserved 1048576K
}
Event: 69.226 GC heap after
{Heap after GC invocations=30 (full 2):
 garbage-first heap   total 90112K, used 43053K [0x000000070c000000, 0x0000000800000000)
  region size 2048K, 2 young (4096K), 2 survivors (4096K)
 Metaspace       used 77848K, committed 78592K, reserved 1179648K
  class space    used 10399K, committed 10752K, reserved 1048576K
}
Event: 69.551 GC heap before
{Heap before GC invocations=31 (full 2):
 garbage-first heap   total 90112K, used 69677K [0x000000070c000000, 0x0000000800000000)
  region size 2048K, 15 young (30720K), 2 survivors (4096K)
 Metaspace       used 77866K, committed 78592K, reserved 1179648K
  class space    used 10399K, committed 10752K, reserved 1048576K
}
Event: 69.553 GC heap after
{Heap after GC invocations=32 (full 2):
 garbage-first heap   total 90112K, used 43975K [0x000000070c000000, 0x0000000800000000)
  region size 2048K, 2 young (4096K), 2 survivors (4096K)
 Metaspace       used 77866K, committed 78592K, reserved 1179648K
  class space    used 10399K, committed 10752K, reserved 1048576K
}
Event: 81.436 GC heap before
{Heap before GC invocations=32 (full 2):
 garbage-first heap   total 90112K, used 62407K [0x000000070c000000, 0x0000000800000000)
  region size 2048K, 12 young (24576K), 2 survivors (4096K)
 Metaspace       used 77897K, committed 78592K, reserved 1179648K
  class space    used 10400K, committed 10752K, reserved 1048576K
}
Event: 81.503 GC heap after
{Heap after GC invocations=33 (full 3):
 garbage-first heap   total 90112K, used 40132K [0x000000070c000000, 0x0000000800000000)
  region size 2048K, 0 young (0K), 0 survivors (0K)
 Metaspace       used 77897K, committed 78592K, reserved 1179648K
  class space    used 10400K, committed 10752K, reserved 1048576K
}
Event: 81.985 GC heap before
{Heap before GC invocations=33 (full 3):
 garbage-first heap   total 90112K, used 70852K [0x000000070c000000, 0x0000000800000000)
  region size 2048K, 15 young (30720K), 0 survivors (0K)
 Metaspace       used 77970K, committed 78720K, reserved 1179648K
  class space    used 10404K, committed 10752K, reserved 1048576K
}
Event: 81.989 GC heap after
{Heap after GC invocations=34 (full 3):
 garbage-first heap   total 90112K, used 42830K [0x000000070c000000, 0x0000000800000000)
  region size 2048K, 2 young (4096K), 2 survivors (4096K)
 Metaspace       used 77970K, committed 78720K, reserved 1179648K
  class space    used 10404K, committed 10752K, reserved 1048576K
}

Deoptimization events (20 events):
Event: 81.623 Thread 0x000002847019dc70 DEOPT PACKING pc=0x0000028411c55554 sp=0x000000ab131fd0b0
Event: 81.623 Thread 0x000002847019dc70 DEOPT UNPACKING pc=0x0000028410d123a3 sp=0x000000ab131fd068 mode 2
Event: 81.651 Thread 0x000002847019dc70 DEOPT PACKING pc=0x0000028409e1d305 sp=0x000000ab131fd1e0
Event: 81.651 Thread 0x000002847019dc70 DEOPT UNPACKING pc=0x0000028410d12b43 sp=0x000000ab131fc690 mode 0
Event: 81.672 Thread 0x000002847019dc70 Uncommon trap: trap_request=0xffffffbe fr.pc=0x0000028411c5f954 relative=0x00000000000001b4
Event: 81.672 Thread 0x000002847019dc70 Uncommon trap: reason=profile_predicate action=maybe_recompile pc=0x0000028411c5f954 method=java.util.LinkedHashMap.keysToArray([Ljava/lang/Object;)[Ljava/lang/Object; @ 12 c2
Event: 81.672 Thread 0x000002847019dc70 DEOPT PACKING pc=0x0000028411c5f954 sp=0x000000ab131fd0b0
Event: 81.672 Thread 0x000002847019dc70 DEOPT UNPACKING pc=0x0000028410d123a3 sp=0x000000ab131fd068 mode 2
Event: 81.673 Thread 0x000002847019dc70 Uncommon trap: trap_request=0xffffffbe fr.pc=0x0000028411c5f954 relative=0x00000000000001b4
Event: 81.673 Thread 0x000002847019dc70 Uncommon trap: reason=profile_predicate action=maybe_recompile pc=0x0000028411c5f954 method=java.util.LinkedHashMap.keysToArray([Ljava/lang/Object;)[Ljava/lang/Object; @ 12 c2
Event: 81.673 Thread 0x000002847019dc70 DEOPT PACKING pc=0x0000028411c5f954 sp=0x000000ab131fd0b0
Event: 81.673 Thread 0x000002847019dc70 DEOPT UNPACKING pc=0x0000028410d123a3 sp=0x000000ab131fd068 mode 2
Event: 81.673 Thread 0x000002847019dc70 Uncommon trap: trap_request=0xffffffbe fr.pc=0x0000028411c5f954 relative=0x00000000000001b4
Event: 81.673 Thread 0x000002847019dc70 Uncommon trap: reason=profile_predicate action=maybe_recompile pc=0x0000028411c5f954 method=java.util.LinkedHashMap.keysToArray([Ljava/lang/Object;)[Ljava/lang/Object; @ 12 c2
Event: 81.673 Thread 0x000002847019dc70 DEOPT PACKING pc=0x0000028411c5f954 sp=0x000000ab131fd5a0
Event: 81.673 Thread 0x000002847019dc70 DEOPT UNPACKING pc=0x0000028410d123a3 sp=0x000000ab131fd558 mode 2
Event: 81.674 Thread 0x000002847019dc70 Uncommon trap: trap_request=0xffffffbe fr.pc=0x0000028411c5f954 relative=0x00000000000001b4
Event: 81.674 Thread 0x000002847019dc70 Uncommon trap: reason=profile_predicate action=maybe_recompile pc=0x0000028411c5f954 method=java.util.LinkedHashMap.keysToArray([Ljava/lang/Object;)[Ljava/lang/Object; @ 12 c2
Event: 81.674 Thread 0x000002847019dc70 DEOPT PACKING pc=0x0000028411c5f954 sp=0x000000ab131fcdd0
Event: 81.674 Thread 0x000002847019dc70 DEOPT UNPACKING pc=0x0000028410d123a3 sp=0x000000ab131fcd88 mode 2

Classes unloaded (0 events):
No events

Classes redefined (0 events):
No events

Internal exceptions (20 events):
Event: 68.425 Thread 0x0000028471056650 Exception <a 'sun/nio/fs/WindowsException'{0x00000007104739d0}> (0x00000007104739d0) 
thrown [s\open\src\hotspot\share\prims\jni.cpp, line 516]
Event: 68.425 Thread 0x0000028471056650 Exception <a 'sun/nio/fs/WindowsException'{0x00000007104740a8}> (0x00000007104740a8) 
thrown [s\open\src\hotspot\share\prims\jni.cpp, line 516]
Event: 68.442 Thread 0x0000028471056650 Exception <a 'java/io/FileNotFoundException'{0x00000007104bf248}> (0x00000007104bf248) 
thrown [s\open\src\hotspot\share\prims\jni.cpp, line 516]
Event: 68.575 Thread 0x0000028471056650 Exception <a 'java/io/FileNotFoundException'{0x000000070fa0ec30}> (0x000000070fa0ec30) 
thrown [s\open\src\hotspot\share\prims\jni.cpp, line 516]
Event: 68.643 Thread 0x0000028471056650 Exception <a 'sun/nio/fs/WindowsException'{0x0000000711514d78}> (0x0000000711514d78) 
thrown [s\open\src\hotspot\share\prims\jni.cpp, line 516]
Event: 69.168 Thread 0x0000028471056650 Exception <a 'sun/nio/fs/WindowsException'{0x00000007107a8ca0}> (0x00000007107a8ca0) 
thrown [s\open\src\hotspot\share\prims\jni.cpp, line 516]
Event: 69.553 Thread 0x0000028471056650 Implicit null exception at 0x0000028411b37cfa to 0x0000028411b38fc4
Event: 81.422 Thread 0x000002847019a4c0 Exception <a 'java/io/IOException'{0x000000071052e9f0}> (0x000000071052e9f0) 
thrown [s\open\src\hotspot\share\prims\jni.cpp, line 516]
Event: 81.422 Thread 0x000002847019a4c0 Exception <a 'java/io/IOException'{0x000000071052f530}> (0x000000071052f530) 
thrown [s\open\src\hotspot\share\prims\jni.cpp, line 516]
Event: 81.425 Thread 0x000002847019a4c0 Exception <a 'java/io/IOException'{0x0000000710534a78}> (0x0000000710534a78) 
thrown [s\open\src\hotspot\share\prims\jni.cpp, line 516]
Event: 81.426 Thread 0x000002847019a4c0 Exception <a 'java/io/IOException'{0x0000000710537828}> (0x0000000710537828) 
thrown [s\open\src\hotspot\share\prims\jni.cpp, line 516]
Event: 81.427 Thread 0x000002847019a4c0 Exception <a 'java/io/IOException'{0x000000071053a5d8}> (0x000000071053a5d8) 
thrown [s\open\src\hotspot\share\prims\jni.cpp, line 516]
Event: 81.428 Thread 0x000002847019a4c0 Exception <a 'java/net/SocketException'{0x000000071053d338}: Connection reset by peer: shutdown> (0x000000071053d338) 
thrown [s\open\src\hotspot\share\prims\jni.cpp, line 535]
Event: 81.428 Thread 0x000002847019a4c0 Exception <a 'java/io/IOException'{0x000000071053ed70}> (0x000000071053ed70) 
thrown [s\open\src\hotspot\share\prims\jni.cpp, line 516]
Event: 81.429 Thread 0x000002847019a4c0 Exception <a 'java/io/IOException'{0x0000000710541b20}> (0x0000000710541b20) 
thrown [s\open\src\hotspot\share\prims\jni.cpp, line 516]
Event: 81.430 Thread 0x000002847019a4c0 Exception <a 'java/net/SocketException'{0x0000000710544880}: Connection reset by peer: shutdown> (0x0000000710544880) 
thrown [s\open\src\hotspot\share\prims\jni.cpp, line 535]
Event: 81.436 Thread 0x00000284710584b0 Exception <a 'java/lang/InterruptedException'{0x0000000710586248}: sleep interrupted> (0x0000000710586248) 
thrown [s\open\src\hotspot\share\prims\jvm.cpp, line 3064]
Event: 81.511 Thread 0x000002847019dc70 Exception <a 'sun/nio/fs/WindowsException'{0x000000071b28dbc8}> (0x000000071b28dbc8) 
thrown [s\open\src\hotspot\share\prims\jni.cpp, line 516]
Event: 81.542 Thread 0x000002847019dc70 Exception <a 'sun/nio/fs/WindowsException'{0x00000007116f77c8}> (0x00000007116f77c8) 
thrown [s\open\src\hotspot\share\prims\jni.cpp, line 516]
Event: 81.560 Thread 0x000002847019e180 Exception <a 'java/lang/NoClassDefFoundError'{0x00000007114d1cb0}: org/glassfish/jersey/server/monitoring/ApplicationEventListener> (0x00000007114d1cb0) 
thrown [s\open\src\hotspot\share\classfile\systemDictionary.cpp, line 245]

VM Operations (20 events):
Event: 68.953 Executing VM operation: G1CollectForAllocation
Event: 68.962 Executing VM operation: G1CollectForAllocation done
Event: 69.222 Executing VM operation: G1CollectForAllocation
Event: 69.226 Executing VM operation: G1CollectForAllocation done
Event: 69.268 Executing VM operation: G1Concurrent
Event: 69.275 Executing VM operation: G1Concurrent done
Event: 69.288 Executing VM operation: G1Concurrent
Event: 69.289 Executing VM operation: G1Concurrent done
Event: 69.550 Executing VM operation: G1CollectForAllocation
Event: 69.553 Executing VM operation: G1CollectForAllocation done
Event: 70.561 Executing VM operation: Cleanup
Event: 70.561 Executing VM operation: Cleanup done
Event: 81.436 Executing VM operation: G1CollectFull
Event: 81.503 Executing VM operation: G1CollectFull done
Event: 81.984 Executing VM operation: G1CollectForAllocation
Event: 81.989 Executing VM operation: G1CollectForAllocation done
Event: 82.030 Executing VM operation: G1Concurrent
Event: 82.038 Executing VM operation: G1Concurrent done
Event: 82.051 Executing VM operation: G1Concurrent
Event: 82.052 Executing VM operation: G1Concurrent done

Events (20 events):
Event: 81.415 Thread 0x000002847019a4c0 Thread exited: 0x000002847019a4c0
Event: 81.415 Thread 0x000002847019d250 Thread exited: 0x000002847019d250
Event: 81.415 Thread 0x000002847019dc70 Thread exited: 0x000002847019dc70
Event: 81.415 Thread 0x00000284701a04f0 Thread exited: 0x00000284701a04f0
Event: 81.416 Thread 0x000002847019aee0 Thread exited: 0x000002847019aee0
Event: 81.420 Thread 0x000002847019a4c0 Thread added: 0x000002847019a4c0
Event: 81.421 Thread 0x0000028471056b60 Thread exited: 0x0000028471056b60
Event: 81.432 Thread 0x000002847019a4c0 Thread exited: 0x000002847019a4c0
Event: 81.436 Thread 0x00000284710584b0 Thread exited: 0x00000284710584b0
Event: 81.436 Thread 0x0000028471057580 Thread exited: 0x0000028471057580
Event: 81.436 Thread 0x0000028471057a90 Thread exited: 0x0000028471057a90
Event: 81.503 Thread 0x000002847019d250 Thread added: 0x000002847019d250
Event: 81.504 Thread 0x000002847019d250 Thread exited: 0x000002847019d250
Event: 81.504 Thread 0x000002847019dc70 Thread added: 0x000002847019dc70
Event: 81.550 Thread 0x000002847019e180 Thread added: 0x000002847019e180
Event: 81.568 Thread 0x000002847019e180 Thread exited: 0x000002847019e180
Event: 81.619 Thread 0x0000028475e6e0f0 Thread added: 0x0000028475e6e0f0
Event: 81.619 Thread 0x0000028475e6eb90 Thread added: 0x0000028475e6eb90
Event: 81.824 Thread 0x0000028475e6d100 Thread added: 0x0000028475e6d100
Event: 81.824 Thread 0x000002846d05a560 Thread added: 0x000002846d05a560


Dynamic libraries:
0x00007ff7a9280000 - 0x00007ff7a9290000 	C:\Program Files\Java\jdk-17\bin\java.exe
0x00007ff8e27d0000 - 0x00007ff8e29e7000 	C:\WINDOWS\SYSTEM32\ntdll.dll
0x00007ff8e21f0000 - 0x00007ff8e22b4000 	C:\WINDOWS\System32\KERNEL32.DLL
0x00007ff8dfd30000 - 0x00007ff8e00ea000 	C:\WINDOWS\System32\KERNELBASE.dll
0x00007ff8dfad0000 - 0x00007ff8dfbe1000 	C:\WINDOWS\System32\ucrtbase.dll
0x00007ff8cee80000 - 0x00007ff8cee99000 	C:\Program Files\Java\jdk-17\bin\jli.dll
0x00007ff8d3160000 - 0x00007ff8d317b000 	C:\Program Files\Java\jdk-17\bin\VCRUNTIME140.dll
0x00007ff8e16c0000 - 0x00007ff8e1772000 	C:\WINDOWS\System32\ADVAPI32.dll
0x00007ff8e1610000 - 0x00007ff8e16b7000 	C:\WINDOWS\System32\msvcrt.dll
0x00007ff8e1e40000 - 0x00007ff8e1ee7000 	C:\WINDOWS\System32\sechost.dll
0x00007ff8e04a0000 - 0x00007ff8e04c8000 	C:\WINDOWS\System32\bcrypt.dll
0x00007ff8e05d0000 - 0x00007ff8e06e4000 	C:\WINDOWS\System32\RPCRT4.dll
0x00007ff8e06f0000 - 0x00007ff8e089e000 	C:\WINDOWS\System32\USER32.dll
0x00007ff8dfaa0000 - 0x00007ff8dfac6000 	C:\WINDOWS\System32\win32u.dll
0x00007ff8e05a0000 - 0x00007ff8e05c9000 	C:\WINDOWS\System32\GDI32.dll
0x00007ff8d27d0000 - 0x00007ff8d2a62000 	C:\WINDOWS\WinSxS\amd64_microsoft.windows.common-controls_6595b64144ccf1df_6.0.22621.4541_none_2710d1c57384c085\COMCTL32.dll
0x00007ff8e00f0000 - 0x00007ff8e020b000 	C:\WINDOWS\System32\gdi32full.dll
0x00007ff8e0290000 - 0x00007ff8e032a000 	C:\WINDOWS\System32\msvcp_win.dll
0x00007ff8d9800000 - 0x00007ff8d980a000 	C:\WINDOWS\SYSTEM32\VERSION.dll
0x00007ff8e0b00000 - 0x00007ff8e0b31000 	C:\WINDOWS\System32\IMM32.DLL
0x00007ff8dbe10000 - 0x00007ff8dbe1c000 	C:\Program Files\Java\jdk-17\bin\vcruntime140_1.dll
0x00007ff8b3070000 - 0x00007ff8b30fe000 	C:\Program Files\Java\jdk-17\bin\msvcp140.dll
0x00007ff871910000 - 0x00007ff8724f1000 	C:\Program Files\Java\jdk-17\bin\server\jvm.dll
0x00007ff8e26e0000 - 0x00007ff8e26e8000 	C:\WINDOWS\System32\PSAPI.DLL
0x00007ff8cb6b0000 - 0x00007ff8cb6b9000 	C:\WINDOWS\SYSTEM32\WSOCK32.dll
0x00007ff8d8470000 - 0x00007ff8d84a4000 	C:\WINDOWS\SYSTEM32\WINMM.dll
0x00007ff8e08c0000 - 0x00007ff8e0931000 	C:\WINDOWS\System32\WS2_32.dll
0x00007ff8deae0000 - 0x00007ff8deaf8000 	C:\WINDOWS\SYSTEM32\kernel.appcore.dll
0x00007ff8dbde0000 - 0x00007ff8dbdea000 	C:\Program Files\Java\jdk-17\bin\jimage.dll
0x00007ff8d8a10000 - 0x00007ff8d8c42000 	C:\WINDOWS\SYSTEM32\DBGHELP.DLL
0x00007ff8e2350000 - 0x00007ff8e26df000 	C:\WINDOWS\System32\combase.dll
0x00007ff8e0b40000 - 0x00007ff8e0c17000 	C:\WINDOWS\System32\OLEAUT32.dll
0x00007ff8d7ad0000 - 0x00007ff8d7b02000 	C:\WINDOWS\SYSTEM32\dbgcore.DLL
0x00007ff8e0210000 - 0x00007ff8e028b000 	C:\WINDOWS\System32\bcryptPrimitives.dll
0x00007ff8cece0000 - 0x00007ff8ced05000 	C:\Program Files\Java\jdk-17\bin\java.dll
0x00007ff8afdc0000 - 0x00007ff8afe97000 	C:\Program Files\Java\jdk-17\bin\jsvml.dll
0x00007ff8e0d90000 - 0x00007ff8e1608000 	C:\WINDOWS\System32\SHELL32.dll
0x00007ff8dd9e0000 - 0x00007ff8de2e8000 	C:\WINDOWS\SYSTEM32\windows.storage.dll
0x00007ff8dd8a0000 - 0x00007ff8dd9df000 	C:\WINDOWS\SYSTEM32\wintypes.dll
0x00007ff8e20f0000 - 0x00007ff8e21ea000 	C:\WINDOWS\System32\SHCORE.dll
0x00007ff8e0540000 - 0x00007ff8e059e000 	C:\WINDOWS\System32\shlwapi.dll
0x00007ff8df9d0000 - 0x00007ff8df9fb000 	C:\WINDOWS\SYSTEM32\profapi.dll
0x00007ff8cddf0000 - 0x00007ff8cde09000 	C:\Program Files\Java\jdk-17\bin\net.dll
0x00007ff8dca20000 - 0x00007ff8dcb56000 	C:\WINDOWS\SYSTEM32\WINHTTP.dll
0x00007ff8def60000 - 0x00007ff8defc9000 	C:\WINDOWS\system32\mswsock.dll
0x00007ff8cd670000 - 0x00007ff8cd686000 	C:\Program Files\Java\jdk-17\bin\nio.dll
0x00007ff8cee60000 - 0x00007ff8cee78000 	C:\Program Files\Java\jdk-17\bin\zip.dll
0x00007ff8d3150000 - 0x00007ff8d315a000 	C:\Program Files\Java\jdk-17\bin\management.dll
0x00007ff8d2ec0000 - 0x00007ff8d2ecb000 	C:\Program Files\Java\jdk-17\bin\management_ext.dll
0x00007ff8b86b0000 - 0x00007ff8b86c7000 	C:\WINDOWS\system32\napinsp.dll
0x00007ff8b8580000 - 0x00007ff8b859b000 	C:\WINDOWS\system32\pnrpnsp.dll
0x00007ff8de580000 - 0x00007ff8de682000 	C:\WINDOWS\SYSTEM32\DNSAPI.dll
0x00007ff8de550000 - 0x00007ff8de57d000 	C:\WINDOWS\SYSTEM32\IPHLPAPI.DLL
0x00007ff8e1780000 - 0x00007ff8e1789000 	C:\WINDOWS\System32\NSI.dll
0x00007ff8b8380000 - 0x00007ff8b8391000 	C:\WINDOWS\System32\winrnr.dll
0x00007ff8b82f0000 - 0x00007ff8b8305000 	C:\WINDOWS\system32\wshbth.dll
0x00007ff8b8290000 - 0x00007ff8b82b7000 	C:\WINDOWS\system32\nlansp_c.dll
0x00007ff8dc000000 - 0x00007ff8dc00a000 	C:\Windows\System32\rasadhlp.dll
0x00007ff8d9f70000 - 0x00007ff8d9ff3000 	C:\WINDOWS\System32\fwpuclnt.dll
0x00007ff8df1c0000 - 0x00007ff8df1db000 	C:\WINDOWS\SYSTEM32\CRYPTSP.dll
0x00007ff8dea40000 - 0x00007ff8dea75000 	C:\WINDOWS\system32\rsaenh.dll
0x00007ff8df050000 - 0x00007ff8df078000 	C:\WINDOWS\SYSTEM32\USERENV.dll
0x00007ff8df1b0000 - 0x00007ff8df1bc000 	C:\WINDOWS\SYSTEM32\CRYPTBASE.dll
0x00007ff8dc150000 - 0x00007ff8dc169000 	C:\WINDOWS\SYSTEM32\dhcpcsvc6.DLL
0x00007ff8dc080000 - 0x00007ff8dc09f000 	C:\WINDOWS\SYSTEM32\dhcpcsvc.DLL
0x00007ff8cecd0000 - 0x00007ff8cecde000 	C:\Program Files\Java\jdk-17\bin\sunmscapi.dll
0x00007ff8e0330000 - 0x00007ff8e0496000 	C:\WINDOWS\System32\CRYPT32.dll
0x00007ff8df370000 - 0x00007ff8df39d000 	C:\WINDOWS\SYSTEM32\ncrypt.dll
0x00007ff8df330000 - 0x00007ff8df367000 	C:\WINDOWS\SYSTEM32\NTASN1.dll
0x00007ff8d9dc0000 - 0x00007ff8d9dd0000 	C:\Program Files\Java\jdk-17\bin\verify.dll
0x00007ff8d2d90000 - 0x00007ff8d2d98000 	C:\WINDOWS\system32\wshunix.dll

dbghelp: loaded successfully - version: 4.0.5 - missing functions: none
symbol engine: initialized successfully - sym options: 0x614 - pdb path: .;C:\Program Files\Java\jdk-17\bin;C:\WINDOWS\SYSTEM32;C:\WINDOWS\WinSxS\amd64_microsoft.windows.common-controls_6595b64144ccf1df_6.0.22621.4541_none_2710d1c57384c085;C:\Program Files\Java\jdk-17\bin\server

VM Arguments:
jvm_args: -Dcom.sun.management.jmxremote -Dcom.sun.management.jmxremote.port=52120 -Dcom.sun.management.jmxremote.authenticate=false -Dcom.sun.management.jmxremote.ssl=false -Dspring.jmx.enabled=true -Djava.rmi.server.hostname=localhost -Dspring.application.admin.enabled=true -Dspring.boot.project.name=jobhunter-01-java-spring-jobhunter-starter-master -XX:+ShowCodeDetailsInExceptionMessages -Dmanagement.endpoints.jmx.exposure.include=* 
java_command: vn.hoidanit.jobhunter.JobhunterApplication
java_class_path (initial): E:\java-spring-boot-hdi\code\01-java-spring-jobhunter-starter-master\bin\main;C:\Users\ASUS\.gradle\caches\modules-2\files-2.1\org.springframework.boot\spring-boot-starter-actuator\3.2.4\a26cd0ab56f912d2aa44504042af06f15d3d1a80\spring-boot-starter-actuator-3.2.4.jar;C:\Users\ASUS\.gradle\caches\modules-2\files-2.1\org.springframework.boot\spring-boot-starter-data-jpa\3.2.4\d8c5f393d9b18d96021b3e02d80e4356c5cbe0f7\spring-boot-starter-data-jpa-3.2.4.jar;C:\Users\ASUS\.gradle\caches\modules-2\files-2.1\org.springframework.boot\spring-boot-starter-security\3.2.4\a1b9f09832c42c6c079be67bf3e7989c54a338ff\spring-boot-starter-security-3.2.4.jar;C:\Users\ASUS\.gradle\caches\modules-2\files-2.1\org.springframework.boot\spring-boot-starter-thymeleaf\3.2.4\db900acbd0bbeb7a8682fe6aeb477d17fe501ac1\spring-boot-starter-thymeleaf-3.2.4.jar;C:\Users\ASUS\.gradle\caches\modules-2\files-2.1\org.springframework.boot\spring-boot-starter-validation\3.2.4\5f43697d1f24a19414bcaec3733dab5b6c24d1da\spring-boot-starter-validation-3.2.4.jar;C:\Users\ASUS\.gradle\caches\modules-2\files-2.1\org.springframework.boot\spring-boot-starter-web\3.2.4\a74df12b71060da7c8e87f9a8c2ef4ea43fc8017\spring-boot-starter-web-3.2.4.jar;C:\Users\ASUS\.gradle\caches\modules-2\files-2.1\org.thymeleaf.extras\thymeleaf-extras-springsecurity6\3.1.2.RELEASE\574c188eb147191e2f162419e9fc780fcf3256d7\thymeleaf-extras-springsecurity6-3.1.2.RELEASE.jar;C:\Users\ASUS\.gradle\caches\modules-2\files-2.1\org.springframework.boot\spring-boot-starter-aop\3.2.4\11aedc0a23c43947608f2122eed08eabe5e2994c\spring-boot-starter-aop-3.2.4.jar;C:\Users\ASUS\.gradle\caches\modules-2\files-2.1\org.springframework.boot\spring-boot-starter-jdbc\3.2.4\7dd399e7ba19d62cae32be6e20edac37ff8fcbc0\spring-boot-starter-jdbc-3.2.4.jar;C:\Users\ASUS\.gradle\caches\modules-2\files-2.1\org.springframework.boot\spring-boot-starter-json\3.2.4\ef3f72369ce7f6f7a7b02c0b23e60ef5bdf581b1\spring-boot-starter-json-3.2.4.jar;C:\Users\ASUS
Launcher Type: SUN_STANDARD

[Global flags]
     intx CICompilerCount                          = 12                                        {product} {ergonomic}
     uint ConcGCThreads                            = 3                                         {product} {ergonomic}
     uint G1ConcRefinementThreads                  = 13                                        {product} {ergonomic}
   size_t G1HeapRegionSize                         = 2097152                                   {product} {ergonomic}
    uintx GCDrainStackTargetSize                   = 64                                        {product} {ergonomic}
   size_t InitialHeapSize                          = 255852544                                 {product} {ergonomic}
     bool ManagementServer                         = true                                      {product} {command line}
   size_t MarkStackSize                            = 4194304                                   {product} {ergonomic}
   size_t MaxHeapSize                              = 4093640704                                {product} {ergonomic}
   size_t MaxNewSize                               = 2455764992                                {product} {ergonomic}
   size_t MinHeapDeltaBytes                        = 2097152                                   {product} {ergonomic}
   size_t MinHeapSize                              = 8388608                                   {product} {ergonomic}
    uintx NonNMethodCodeHeapSize                   = 7602480                                {pd product} {ergonomic}
    uintx NonProfiledCodeHeapSize                  = 122027880                              {pd product} {ergonomic}
    uintx ProfiledCodeHeapSize                     = 122027880                              {pd product} {ergonomic}
    uintx ReservedCodeCacheSize                    = 251658240                              {pd product} {ergonomic}
     bool SegmentedCodeCache                       = true                                      {product} {ergonomic}
     bool ShowCodeDetailsInExceptionMessages       = true                                   {manageable} {command line}
   size_t SoftMaxHeapSize                          = 4093640704                             {manageable} {ergonomic}
     bool UseCompressedClassPointers               = true                           {product lp64_product} {ergonomic}
     bool UseCompressedOops                        = true                           {product lp64_product} {ergonomic}
     bool UseG1GC                                  = true                                      {product} {ergonomic}
     bool UseLargePagesIndividualAllocation        = false                                  {pd product} {ergonomic}

Logging:
Log output configuration:
 #0: stdout all=warning uptime,level,tags
 #1: stderr all=off uptime,level,tags

Environment Variables:
PATH=C:\Program Files\Common Files\Oracle\Java\javapath;C:\Program Files (x86)\Common Files\Oracle\Java\java8path;C:\Program Files (x86)\Common Files\Oracle\Java\javapath;C:\ProgramData\Oracle\Java\javapath;C:\Windows\system32;C:\Windows;C:\Windows\System32\Wbem;C:\Windows\System32\WindowsPowerShell\v1.0\;C:\Windows\System32\OpenSSH\;C:\Program Files (x86)\NVIDIA Corporation\PhysX\Common;C:\WINDOWS\system32;C:\WINDOWS;C:\WINDOWS\System32\Wbem;C:\WINDOWS\System32\WindowsPowerShell\v1.0\;C:\WINDOWS\System32\OpenSSH\;C:\Program Files (x86)\Microsoft SQL Server\160\Tools\Binn\;C:\Program Files\Microsoft SQL Server\160\Tools\Binn\;C:\Program Files\Microsoft SQL Server\Client SDK\ODBC\170\Tools\Binn\;C:\Program Files\Microsoft SQL Server\160\DTS\Binn\;C:\Program Files (x86)\Microsoft SQL Server\160\DTS\Binn\;C:\Program Files\Azure Data Studio\bin;C:\Program Files\dotnet\;C:\Program Files\nodejs\;C:\Program Files\Git\cmd;C:\Program Files\Cloudflare\Cloudflare WARP\;C:\Program Files\MySQL\MySQL Shell 8.0\bin\;C:\Users\ASUS\AppData\Local\Microsoft\WindowsApps;;C:\Program Files\Azure Data Studio\bin;C:\Users\ASUS\AppData\Local\Programs\Microsoft VS Code\bin;C:\Users\ASUS\AppData\Roaming\npm
USERNAME=ASUS
LANG=en_US.UTF-8
OS=Windows_NT
PROCESSOR_IDENTIFIER=AMD64 Family 25 Model 68 Stepping 1, AuthenticAMD



---------------  S Y S T E M  ---------------

OS:
 Windows 11 , 64 bit Build 22621 (10.0.22621.4391)
OS uptime: 7 days 22:26 hours

CPU: total 16 (initial active 16) (16 cores per cpu, 2 threads per core) family 25 model 68 stepping 1 microcode 0x0, cx8, cmov, fxsr, ht, mmx, 3dnowpref, sse, sse2, sse3, ssse3, sse4a, sse4.1, sse4.2, popcnt, lzcnt, tsc, tscinvbit, avx, avx2, aes, clmul, bmi1, bmi2, adx, sha, fma, vzeroupper, clflush, clflushopt

Memory: 4k page, system-wide physical 15613M (2238M free)
TotalPageFile size 19709M (AvailPageFile size 859M)
current process WorkingSet (physical memory assigned to process): 365M, peak: 410M
current process commit charge ("private bytes"): 422M, peak: 458M

vm_info: Java HotSpot(TM) 64-Bit Server VM (17.0.9+11-LTS-201) for windows-amd64 JRE (17.0.9+11-LTS-201), built on Oct 10 2023 23:16:06 by "mach5one" with MS VC++ 17.1 (VS2022)

END.
