#
# There is insufficient memory for the Java Runtime Environment to continue.
# Native memory allocation (malloc) failed to allocate 321568 bytes. Error detail: Chunk::new
# Possible reasons:
#   The system is out of physical RAM or swap space
#   This process is running with CompressedOops enabled, and the Java Heap may be blocking the growth of the native heap
# Possible solutions:
#   Reduce memory load on the system
#   Increase physical memory or swap space
#   Check if swap backing store is full
#   Decrease Java heap size (-Xmx/-Xms)
#   Decrease number of Java threads
#   Decrease Java thread stack sizes (-Xss)
#   Set larger code cache with -XX:ReservedCodeCacheSize=
#   JVM is running with Unscaled Compressed Oops mode in which the Java heap is
#     placed in the first 4GB address space. The Java Heap base address is the
#     maximum limit for the native heap growth. Please use -XX:HeapBaseMinAddress
#     to set the Java Heap base and to place the Java Heap above 4GB virtual address.
# This output file may be truncated or incomplete.
#
#  Out of Memory Error (arena.cpp:191), pid=32524, tid=26528
#
# JRE version: OpenJDK Runtime Environment Temurin-17.0.13+11 (17.0.13+11) (build 17.0.13+11)
# Java VM: OpenJDK 64-Bit Server VM Temurin-17.0.13+11 (17.0.13+11, mixed mode, tiered, compressed oops, compressed class ptrs, parallel gc, windows-amd64)
# No core dump will be written. Minidumps are not enabled by default on client versions of Windows
#

---------------  S U M M A R Y ------------

Command Line: --add-modules=ALL-SYSTEM --add-opens=java.base/java.util=ALL-UNNAMED --add-opens=java.base/java.lang=ALL-UNNAMED --add-opens=java.base/sun.nio.fs=ALL-UNNAMED -Declipse.application=org.eclipse.jdt.ls.core.id1 -Dosgi.bundles.defaultStartLevel=4 -Declipse.product=org.eclipse.jdt.ls.core.product -Djava.import.generatesMetadataFilesAtProjectRoot=false -DDetectVMInstallationsJob.disabled=true -Dfile.encoding=utf8 -XX:+UseParallelGC -XX:GCTimeRatio=4 -XX:AdaptiveSizePolicyWeight=90 -Dsun.zip.disableMemoryMapping=true -Xmx1G -Xms100m -Xlog:disable -javaagent:c:\Users\ASUS\.vscode\extensions\redhat.java-1.38.0-win32-x64\lombok\lombok-1.18.34.jar -XX:+HeapDumpOnOutOfMemoryError -XX:HeapDumpPath=c:\Users\ASUS\AppData\Roaming\Code\User\workspaceStorage\9fdc986f79f7f5afd451b576530659b4\redhat.java -Daether.dependencyCollector.impl=bf c:\Users\ASUS\.vscode\extensions\redhat.java-1.38.0-win32-x64\server\plugins\org.eclipse.equinox.launcher_1.6.900.v20240613-2009.jar -configuration c:\Users\ASUS\AppData\Roaming\Code\User\globalStorage\redhat.java\1.38.0\config_win -data c:\Users\ASUS\AppData\Roaming\Code\User\workspaceStorage\9fdc986f79f7f5afd451b576530659b4\redhat.java\jdt_ws --pipe=\\.\pipe\lsp-9bec6378620609bf439c733976e433db-sock

Host: AMD Ryzen 7 6800H with Radeon Graphics         , 16 cores, 15G,  Windows 11 , 64 bit Build 22621 (10.0.22621.4391)
Time: Tue Jan 14 11:35:38 2025 SE Asia Standard Time elapsed time: 1.152071 seconds (0d 0h 0m 1s)

---------------  T H R E A D  ---------------

Current thread (0x0000023ffcdec100):  JavaThread "C2 CompilerThread0" daemon [_thread_in_native, id=26528, stack(0x0000004b9b900000,0x0000004b9ba00000)]


Current CompileTask:
C2:   1153 1485   !   4       lombok.patcher.ScriptManager$OurClassFileTransformer::transform (364 bytes)

Stack: [0x0000004b9b900000,0x0000004b9ba00000]
Native frames: (J=compiled Java code, j=interpreted, Vv=VM code, C=native code)
V  [jvm.dll+0x682a19]
V  [jvm.dll+0x839538]
V  [jvm.dll+0x83afe3]
V  [jvm.dll+0x83b653]
V  [jvm.dll+0x24704f]
V  [jvm.dll+0xace34]
V  [jvm.dll+0xad4cc]
V  [jvm.dll+0x36597e]
V  [jvm.dll+0x32fbd8]
V  [jvm.dll+0x32f05a]
V  [jvm.dll+0x21804f]
V  [jvm.dll+0x21748f]
V  [jvm.dll+0x1a3070]
V  [jvm.dll+0x22788c]
V  [jvm.dll+0x2259eb]
V  [jvm.dll+0x7eec98]
V  [jvm.dll+0x7e8ffc]
V  [jvm.dll+0x6818f7]
C  [ucrtbase.dll+0x29333]
C  [KERNEL32.DLL+0x1259d]
C  [ntdll.dll+0x5af38]


---------------  P R O C E S S  ---------------

Threads class SMR info:
_java_thread_list=0x0000023f8f1fddc0, length=21, elements={
0x0000023ff2d5f3b0, 0x0000023ff7be4030, 0x0000023ff7be6f60, 0x0000023ffcddea20,
0x0000023ffcddf550, 0x0000023ffcde0b20, 0x0000023ffcde3ef0, 0x0000023ffcdec100,
0x0000023ffcdeee80, 0x0000023ffcdf7b30, 0x0000023ffcefa020, 0x0000023ffcf6b010,
0x0000023ffcf73520, 0x0000023ffcf75a50, 0x0000023ffcfde460, 0x0000023ffef763d0,
0x0000023f8f202910, 0x0000023f8f252a20, 0x0000023f8f1f0690, 0x0000023f8f1f17c0,
0x0000023f8f1fe970
}

Java Threads: ( => current thread )
  0x0000023ff2d5f3b0 JavaThread "main" [_thread_in_Java, id=21892, stack(0x0000004b9b000000,0x0000004b9b100000)]
  0x0000023ff7be4030 JavaThread "Reference Handler" daemon [_thread_blocked, id=10276, stack(0x0000004b9b300000,0x0000004b9b400000)]
  0x0000023ff7be6f60 JavaThread "Finalizer" daemon [_thread_blocked, id=35048, stack(0x0000004b9b400000,0x0000004b9b500000)]
  0x0000023ffcddea20 JavaThread "Signal Dispatcher" daemon [_thread_blocked, id=24048, stack(0x0000004b9b500000,0x0000004b9b600000)]
  0x0000023ffcddf550 JavaThread "Attach Listener" daemon [_thread_blocked, id=22588, stack(0x0000004b9b600000,0x0000004b9b700000)]
  0x0000023ffcde0b20 JavaThread "Service Thread" daemon [_thread_blocked, id=35312, stack(0x0000004b9b700000,0x0000004b9b800000)]
  0x0000023ffcde3ef0 JavaThread "Monitor Deflation Thread" daemon [_thread_blocked, id=12792, stack(0x0000004b9b800000,0x0000004b9b900000)]
=>0x0000023ffcdec100 JavaThread "C2 CompilerThread0" daemon [_thread_in_native, id=26528, stack(0x0000004b9b900000,0x0000004b9ba00000)]
  0x0000023ffcdeee80 JavaThread "C1 CompilerThread0" daemon [_thread_blocked, id=30024, stack(0x0000004b9ba00000,0x0000004b9bb00000)]
  0x0000023ffcdf7b30 JavaThread "Sweeper thread" daemon [_thread_blocked, id=11928, stack(0x0000004b9bb00000,0x0000004b9bc00000)]
  0x0000023ffcefa020 JavaThread "Common-Cleaner" daemon [_thread_blocked, id=21480, stack(0x0000004b9bc00000,0x0000004b9bd00000)]
  0x0000023ffcf6b010 JavaThread "C1 CompilerThread1" daemon [_thread_blocked, id=24988, stack(0x0000004b9bd00000,0x0000004b9be00000)]
  0x0000023ffcf73520 JavaThread "C1 CompilerThread2" daemon [_thread_blocked, id=28620, stack(0x0000004b9be00000,0x0000004b9bf00000)]
  0x0000023ffcf75a50 JavaThread "C1 CompilerThread3" daemon [_thread_blocked, id=25584, stack(0x0000004b9bf00000,0x0000004b9c000000)]
  0x0000023ffcfde460 JavaThread "C2 CompilerThread1" daemon [_thread_blocked, id=33328, stack(0x0000004b9c000000,0x0000004b9c100000)]
  0x0000023ffef763d0 JavaThread "Notification Thread" daemon [_thread_blocked, id=29180, stack(0x0000004b9c200000,0x0000004b9c300000)]
  0x0000023f8f202910 JavaThread "C2 CompilerThread2" daemon [_thread_blocked, id=29716, stack(0x0000004b9c100000,0x0000004b9c200000)]
  0x0000023f8f252a20 JavaThread "C2 CompilerThread3" daemon [_thread_blocked, id=18292, stack(0x0000004b9c900000,0x0000004b9ca00000)]
  0x0000023f8f1f0690 JavaThread "C2 CompilerThread4" daemon [_thread_blocked, id=25040, stack(0x0000004b9ca00000,0x0000004b9cb00000)]
  0x0000023f8f1f17c0 JavaThread "C2 CompilerThread5" daemon [_thread_blocked, id=35740, stack(0x0000004b9cb00000,0x0000004b9cc00000)]
  0x0000023f8f1fe970 JavaThread "Active Thread: Equinox Container: 79b078a9-1c20-4b82-b17c-49de487bb2dd" [_thread_blocked, id=23548, stack(0x0000004b9cc00000,0x0000004b9cd00000)]

Other Threads:
  0x0000023ff2de94e0 VMThread "VM Thread" [stack: 0x0000004b9b200000,0x0000004b9b300000] [id=5424]
  0x0000023ffef8d280 WatcherThread [stack: 0x0000004b9c300000,0x0000004b9c400000] [id=20744]
  0x0000023ff2d746a0 GCTaskThread "GC Thread#0" [stack: 0x0000004b9b100000,0x0000004b9b200000] [id=20648]
  0x0000023fff678d10 GCTaskThread "GC Thread#1" [stack: 0x0000004b9c400000,0x0000004b9c500000] [id=26276]
  0x0000023fff218230 GCTaskThread "GC Thread#2" [stack: 0x0000004b9c500000,0x0000004b9c600000] [id=35772]
  0x0000023fff2184f0 GCTaskThread "GC Thread#3" [stack: 0x0000004b9c600000,0x0000004b9c700000] [id=34500]
  0x0000023f8f0cf650 GCTaskThread "GC Thread#4" [stack: 0x0000004b9c700000,0x0000004b9c800000] [id=27464]
  0x0000023f8f0cfb20 GCTaskThread "GC Thread#5" [stack: 0x0000004b9c800000,0x0000004b9c900000] [id=16268]

Threads with active compile tasks:
C2 CompilerThread0     1209 1485   !   4       lombok.patcher.ScriptManager$OurClassFileTransformer::transform (364 bytes)
C2 CompilerThread5     1210 1563       4       java.math.MutableBigInteger::mulsub (110 bytes)

VM state: not at safepoint (normal execution)

VM Mutex/Monitor currently owned by a thread: None

Heap address: 0x00000000c0000000, size: 1024 MB, Compressed Oops mode: 32-bit

CDS archive(s) not mapped
Compressed class space mapped at: 0x0000000100000000-0x0000000140000000, reserved size: 1073741824
Narrow klass base: 0x0000000000000000, Narrow klass shift: 3, Narrow klass range: 0x140000000

GC Precious Log:
 CPUs: 16 total, 16 available
 Memory: 15613M
 Large Page Support: Disabled
 NUMA Support: Disabled
 Compressed Oops: Enabled (32-bit)
 Alignments: Space 512K, Generation 512K, Heap 2M
 Heap Min Capacity: 100M
 Heap Initial Capacity: 100M
 Heap Max Capacity: 1G
 Pre-touch: Disabled
 Parallel Workers: 13

Heap:
 PSYoungGen      total 29696K, used 24889K [0x00000000eab00000, 0x00000000ecc00000, 0x0000000100000000)
  eden space 25600K, 85% used [0x00000000eab00000,0x00000000ec046aa8,0x00000000ec400000)
  from space 4096K, 75% used [0x00000000ec400000,0x00000000ec707990,0x00000000ec800000)
  to   space 4096K, 0% used [0x00000000ec800000,0x00000000ec800000,0x00000000ecc00000)
 ParOldGen       total 68608K, used 16K [0x00000000c0000000, 0x00000000c4300000, 0x00000000eab00000)
  object space 68608K, 0% used [0x00000000c0000000,0x00000000c0004000,0x00000000c4300000)
 Metaspace       used 13608K, committed 13760K, reserved 1114112K
  class space    used 1341K, committed 1408K, reserved 1048576K

Card table byte_map: [0x0000023ff2710000,0x0000023ff2920000] _byte_map_base: 0x0000023ff2110000

Marking Bits: (ParMarkBitMap*) 0x00007ff86c9d6940
 Begin Bits: [0x0000023ff59f0000, 0x0000023ff69f0000)
 End Bits:   [0x0000023ff69f0000, 0x0000023ff79f0000)

Polling page: 0x0000023ff0ce0000

Metaspace:

Usage:
  Non-class:     11.99 MB used.
      Class:      1.31 MB used.
       Both:     13.30 MB used.

Virtual space:
  Non-class space:       64.00 MB reserved,      12.06 MB ( 19%) committed,  1 nodes.
      Class space:        1.00 GB reserved,       1.44 MB ( <1%) committed,  1 nodes.
             Both:        1.06 GB reserved,      13.50 MB (  1%) committed. 

Chunk freelists:
   Non-Class:  3.44 MB
       Class:  14.48 MB
        Both:  17.93 MB

MaxMetaspaceSize: unlimited
CompressedClassSpaceSize: 1.00 GB
Initial GC threshold: 21.00 MB
Current GC threshold: 21.00 MB
CDS: off
MetaspaceReclaimPolicy: balanced
 - commit_granule_bytes: 65536.
 - commit_granule_words: 8192.
 - virtual_space_node_default_size: 8388608.
 - enlarge_chunks_in_place: 1.
 - new_chunks_are_fully_committed: 0.
 - uncommit_free_chunks: 1.
 - use_allocation_guard: 0.
 - handle_deallocations: 1.


Internal statistics:

num_allocs_failed_limit: 0.
num_arena_births: 56.
num_arena_deaths: 0.
num_vsnodes_births: 2.
num_vsnodes_deaths: 0.
num_space_committed: 217.
num_space_uncommitted: 0.
num_chunks_returned_to_freelist: 0.
num_chunks_taken_from_freelist: 216.
num_chunk_merges: 0.
num_chunk_splits: 148.
num_chunks_enlarged: 117.
num_inconsistent_stats: 0.

CodeHeap 'non-profiled nmethods': size=119168Kb used=637Kb max_used=637Kb free=118530Kb
 bounds [0x0000023f87ba0000, 0x0000023f87e10000, 0x0000023f8f000000]
CodeHeap 'profiled nmethods': size=119104Kb used=2758Kb max_used=2758Kb free=116345Kb
 bounds [0x0000023f80000000, 0x0000023f802c0000, 0x0000023f87450000]
CodeHeap 'non-nmethods': size=7488Kb used=2847Kb max_used=2865Kb free=4640Kb
 bounds [0x0000023f87450000, 0x0000023f87720000, 0x0000023f87ba0000]
 total_blobs=2013 nmethods=1565 adapters=359
 compilation: enabled
              stopped_count=0, restarted_count=0
 full_count=0

Compilation events (20 events):
Event: 1.117 Thread 0x0000023ffcf73520 1483       3       java.security.CodeSigner::equals (75 bytes)
Event: 1.118 Thread 0x0000023ffcf73520 nmethod 1483 0x0000023f80288910 code [0x0000023f80288b00, 0x0000023f80289158]
Event: 1.118 Thread 0x0000023ffcf75a50 1484   !   3       jdk.internal.loader.URLClassPath$JarLoader::checkResource (78 bytes)
Event: 1.118 Thread 0x0000023ffcdec100 1485   !   4       lombok.patcher.ScriptManager$OurClassFileTransformer::transform (364 bytes)
Event: 1.118 Thread 0x0000023ffcf75a50 nmethod 1484 0x0000023f80289310 code [0x0000023f80289540, 0x0000023f80289e08]
Event: 1.120 Thread 0x0000023f8f252a20 nmethod 1453 0x0000023f87c36f10 code [0x0000023f87c370c0, 0x0000023f87c37b08]
Event: 1.129 Thread 0x0000023ffcdeee80 1486       1       org.eclipse.osgi.storage.BundleInfo::getBundleId (5 bytes)
Event: 1.129 Thread 0x0000023ffcdeee80 nmethod 1486 0x0000023f87c38390 code [0x0000023f87c38520, 0x0000023f87c385f8]
Event: 1.135 Thread 0x0000023ffcf73520 1487       1       lombok.patcher.ScriptManager::access$0 (5 bytes)
Event: 1.135 Thread 0x0000023ffcf6b010 1488       1       lombok.patcher.ScriptManager::access$2 (5 bytes)
Event: 1.135 Thread 0x0000023ffcf75a50 1489       1       lombok.patcher.ScriptManager::access$1 (5 bytes)
Event: 1.136 Thread 0x0000023ffcf75a50 nmethod 1489 0x0000023f87c38690 code [0x0000023f87c38820, 0x0000023f87c388d8]
Event: 1.136 Thread 0x0000023ffcf73520 nmethod 1487 0x0000023f87c38990 code [0x0000023f87c38b20, 0x0000023f87c38bd8]
Event: 1.136 Thread 0x0000023ffcf6b010 nmethod 1488 0x0000023f87c38c90 code [0x0000023f87c38e20, 0x0000023f87c38ed8]
Event: 1.138 Thread 0x0000023ffcf6b010 1490   !   3       java.lang.ClassLoader::loadClass (121 bytes)
Event: 1.139 Thread 0x0000023ffcf6b010 nmethod 1490 0x0000023f8028a290 code [0x0000023f8028a540, 0x0000023f8028b148]
Event: 1.140 Thread 0x0000023f8f1f17c0 1491       4       java.lang.AbstractStringBuilder::<init> (39 bytes)
Event: 1.141 Thread 0x0000023f8f1f17c0 nmethod 1491 0x0000023f87c38f90 code [0x0000023f87c39120, 0x0000023f87c392d8]
Event: 1.146 Thread 0x0000023ffcf73520 1492       3       java.lang.ClassLoader::compareCerts (197 bytes)
Event: 1.146 Thread 0x0000023ffcf73520 nmethod 1492 0x0000023f8028b790 code [0x0000023f8028b9a0, 0x0000023f8028c1d8]

GC Heap History (2 events):
Event: 0.583 GC heap before
{Heap before GC invocations=1 (full 0):
 PSYoungGen      total 29696K, used 25600K [0x00000000eab00000, 0x00000000ecc00000, 0x0000000100000000)
  eden space 25600K, 100% used [0x00000000eab00000,0x00000000ec400000,0x00000000ec400000)
  from space 4096K, 0% used [0x00000000ec800000,0x00000000ec800000,0x00000000ecc00000)
  to   space 4096K, 0% used [0x00000000ec400000,0x00000000ec400000,0x00000000ec800000)
 ParOldGen       total 68608K, used 0K [0x00000000c0000000, 0x00000000c4300000, 0x00000000eab00000)
  object space 68608K, 0% used [0x00000000c0000000,0x00000000c0000000,0x00000000c4300000)
 Metaspace       used 10584K, committed 10752K, reserved 1114112K
  class space    used 1053K, committed 1152K, reserved 1048576K
}
Event: 0.590 GC heap after
{Heap after GC invocations=1 (full 0):
 PSYoungGen      total 29696K, used 3102K [0x00000000eab00000, 0x00000000ecc00000, 0x0000000100000000)
  eden space 25600K, 0% used [0x00000000eab00000,0x00000000eab00000,0x00000000ec400000)
  from space 4096K, 75% used [0x00000000ec400000,0x00000000ec707990,0x00000000ec800000)
  to   space 4096K, 0% used [0x00000000ec800000,0x00000000ec800000,0x00000000ecc00000)
 ParOldGen       total 68608K, used 16K [0x00000000c0000000, 0x00000000c4300000, 0x00000000eab00000)
  object space 68608K, 0% used [0x00000000c0000000,0x00000000c0004000,0x00000000c4300000)
 Metaspace       used 10584K, committed 10752K, reserved 1114112K
  class space    used 1053K, committed 1152K, reserved 1048576K
}

Dll operation events (8 events):
Event: 0.010 Loaded shared library c:\Users\ASUS\.vscode\extensions\redhat.java-1.38.0-win32-x64\jre\17.0.13-win32-x86_64\bin\java.dll
Event: 0.103 Loaded shared library c:\Users\ASUS\.vscode\extensions\redhat.java-1.38.0-win32-x64\jre\17.0.13-win32-x86_64\bin\zip.dll
Event: 0.106 Loaded shared library C:\Users\ASUS\.vscode\extensions\redhat.java-1.38.0-win32-x64\jre\17.0.13-win32-x86_64\bin\instrument.dll
Event: 0.115 Loaded shared library C:\Users\ASUS\.vscode\extensions\redhat.java-1.38.0-win32-x64\jre\17.0.13-win32-x86_64\bin\net.dll
Event: 0.117 Loaded shared library C:\Users\ASUS\.vscode\extensions\redhat.java-1.38.0-win32-x64\jre\17.0.13-win32-x86_64\bin\nio.dll
Event: 0.122 Loaded shared library C:\Users\ASUS\.vscode\extensions\redhat.java-1.38.0-win32-x64\jre\17.0.13-win32-x86_64\bin\zip.dll
Event: 0.135 Loaded shared library C:\Users\ASUS\.vscode\extensions\redhat.java-1.38.0-win32-x64\jre\17.0.13-win32-x86_64\bin\jimage.dll
Event: 0.178 Loaded shared library c:\Users\ASUS\.vscode\extensions\redhat.java-1.38.0-win32-x64\jre\17.0.13-win32-x86_64\bin\verify.dll

Deoptimization events (20 events):
Event: 0.752 Thread 0x0000023ff2d5f3b0 DEOPT PACKING pc=0x0000023f87be2b4c sp=0x0000004b9b0f82c0
Event: 0.753 Thread 0x0000023ff2d5f3b0 DEOPT UNPACKING pc=0x0000023f874a66a3 sp=0x0000004b9b0f8228 mode 2
Event: 0.754 Thread 0x0000023ff2d5f3b0 DEOPT PACKING pc=0x0000023f80074c21 sp=0x0000004b9b0f7780
Event: 0.754 Thread 0x0000023ff2d5f3b0 DEOPT UNPACKING pc=0x0000023f874a6e43 sp=0x0000004b9b0f6c30 mode 0
Event: 0.773 Thread 0x0000023ff2d5f3b0 DEOPT PACKING pc=0x0000023f80074c21 sp=0x0000004b9b0f3b90
Event: 0.773 Thread 0x0000023ff2d5f3b0 DEOPT UNPACKING pc=0x0000023f874a6e43 sp=0x0000004b9b0f3040 mode 0
Event: 0.780 Thread 0x0000023ff2d5f3b0 DEOPT PACKING pc=0x0000023f80074c21 sp=0x0000004b9b0f3b90
Event: 0.780 Thread 0x0000023ff2d5f3b0 DEOPT UNPACKING pc=0x0000023f874a6e43 sp=0x0000004b9b0f3040 mode 0
Event: 0.809 Thread 0x0000023ff2d5f3b0 DEOPT PACKING pc=0x0000023f80074c21 sp=0x0000004b9b0f7650
Event: 0.809 Thread 0x0000023ff2d5f3b0 DEOPT UNPACKING pc=0x0000023f874a6e43 sp=0x0000004b9b0f6b00 mode 0
Event: 0.844 Thread 0x0000023ff2d5f3b0 Uncommon trap: trap_request=0xffffffc6 fr.pc=0x0000023f87bcc99c relative=0x000000000000027c
Event: 0.844 Thread 0x0000023ff2d5f3b0 Uncommon trap: reason=bimorphic_or_optimized_type_check action=maybe_recompile pc=0x0000023f87bcc99c method=java.util.Collections$UnmodifiableCollection$1.next()Ljava/lang/Object; @ 4 c2
Event: 0.844 Thread 0x0000023ff2d5f3b0 DEOPT PACKING pc=0x0000023f87bcc99c sp=0x0000004b9b0f7d60
Event: 0.844 Thread 0x0000023ff2d5f3b0 DEOPT UNPACKING pc=0x0000023f874a66a3 sp=0x0000004b9b0f7d10 mode 2
Event: 0.844 Thread 0x0000023ff2d5f3b0 Uncommon trap: trap_request=0xffffffc6 fr.pc=0x0000023f87bcc99c relative=0x000000000000027c
Event: 0.844 Thread 0x0000023ff2d5f3b0 Uncommon trap: reason=bimorphic_or_optimized_type_check action=maybe_recompile pc=0x0000023f87bcc99c method=java.util.Collections$UnmodifiableCollection$1.next()Ljava/lang/Object; @ 4 c2
Event: 0.844 Thread 0x0000023ff2d5f3b0 DEOPT PACKING pc=0x0000023f87bcc99c sp=0x0000004b9b0f7d60
Event: 0.844 Thread 0x0000023ff2d5f3b0 DEOPT UNPACKING pc=0x0000023f874a66a3 sp=0x0000004b9b0f7d10 mode 2
Event: 1.098 Thread 0x0000023f8f1fe970 DEOPT PACKING pc=0x0000023f8025ca89 sp=0x0000004b9ccfef00
Event: 1.098 Thread 0x0000023f8f1fe970 DEOPT UNPACKING pc=0x0000023f874a6e43 sp=0x0000004b9ccfe358 mode 3

Classes loaded (20 events):
Event: 1.094 Loading class java/lang/Thread$State
Event: 1.094 Loading class java/lang/Thread$State done
Event: 1.096 Loading class java/util/concurrent/TimeUnit$1
Event: 1.096 Loading class java/util/concurrent/TimeUnit$1 done
Event: 1.098 Loading class java/util/concurrent/locks/AbstractQueuedSynchronizer$ConditionNode
Event: 1.098 Loading class java/util/concurrent/locks/AbstractQueuedSynchronizer$ExclusiveNode
Event: 1.098 Loading class java/util/concurrent/locks/AbstractQueuedSynchronizer$Node
Event: 1.098 Loading class java/util/concurrent/locks/AbstractQueuedSynchronizer$Node done
Event: 1.098 Loading class java/util/concurrent/locks/AbstractQueuedSynchronizer$ExclusiveNode done
Event: 1.098 Loading class java/util/concurrent/locks/AbstractQueuedSynchronizer$ConditionNode done
Event: 1.098 Loading class java/lang/ApplicationShutdownHooks
Event: 1.099 Loading class java/lang/ApplicationShutdownHooks done
Event: 1.099 Loading class java/lang/ApplicationShutdownHooks$1
Event: 1.099 Loading class java/lang/ApplicationShutdownHooks$1 done
Event: 1.128 Loading class java/util/ArrayList$ListItr
Event: 1.128 Loading class java/util/ArrayList$ListItr done
Event: 1.143 Loading class java/util/LinkedList
Event: 1.143 Loading class java/util/AbstractSequentialList
Event: 1.143 Loading class java/util/AbstractSequentialList done
Event: 1.143 Loading class java/util/LinkedList done

Classes unloaded (0 events):
No events

Classes redefined (0 events):
No events

Internal exceptions (20 events):
Event: 0.372 Thread 0x0000023ff2d5f3b0 Exception <a 'java/io/FileNotFoundException'{0x00000000eba1afd8}> (0x00000000eba1afd8) 
thrown [s\src\hotspot\share\prims\jni.cpp, line 516]
Event: 0.372 Thread 0x0000023ff2d5f3b0 Exception <a 'java/io/FileNotFoundException'{0x00000000eba1bcd8}> (0x00000000eba1bcd8) 
thrown [s\src\hotspot\share\prims\jni.cpp, line 516]
Event: 0.372 Thread 0x0000023ff2d5f3b0 Exception <a 'java/io/FileNotFoundException'{0x00000000eba1c9a8}> (0x00000000eba1c9a8) 
thrown [s\src\hotspot\share\prims\jni.cpp, line 516]
Event: 0.376 Thread 0x0000023ff2d5f3b0 Implicit null exception at 0x0000023f87bc76f2 to 0x0000023f87bc7c10
Event: 0.379 Thread 0x0000023ff2d5f3b0 Exception <a 'java/io/FileNotFoundException'{0x00000000eba574e0}> (0x00000000eba574e0) 
thrown [s\src\hotspot\share\prims\jni.cpp, line 516]
Event: 0.543 Thread 0x0000023ff2d5f3b0 Exception <a 'java/lang/ClassNotFoundException'{0x00000000ec297a90}: sun/net/www/protocol/c/Handler> (0x00000000ec297a90) 
thrown [s\src\hotspot\share\classfile\systemDictionary.cpp, line 256]
Event: 0.543 Thread 0x0000023ff2d5f3b0 Exception <a 'java/lang/ClassNotFoundException'{0x00000000ec298e38}: sun/net/www/protocol/e/Handler> (0x00000000ec298e38) 
thrown [s\src\hotspot\share\classfile\systemDictionary.cpp, line 256]
Event: 0.543 Thread 0x0000023ff2d5f3b0 Exception <a 'java/lang/ClassNotFoundException'{0x00000000ec29a050}: sun/net/www/protocol/c/Handler> (0x00000000ec29a050) 
thrown [s\src\hotspot\share\classfile\systemDictionary.cpp, line 256]
Event: 0.551 Thread 0x0000023ff2d5f3b0 Exception <a 'java/io/FileNotFoundException'{0x00000000ec2c1260}> (0x00000000ec2c1260) 
thrown [s\src\hotspot\share\prims\jni.cpp, line 516]
Event: 0.579 Thread 0x0000023ff2d5f3b0 Implicit null exception at 0x0000023f87c0087b to 0x0000023f87c01284
Event: 0.579 Thread 0x0000023ff2d5f3b0 Implicit null exception at 0x0000023f87bf418c to 0x0000023f87bf43c4
Event: 0.579 Thread 0x0000023ff2d5f3b0 Implicit null exception at 0x0000023f87bef38c to 0x0000023f87bef598
Event: 0.579 Thread 0x0000023ff2d5f3b0 Implicit null exception at 0x0000023f87becb8f to 0x0000023f87becc05
Event: 0.632 Thread 0x0000023ff2d5f3b0 Exception <a 'java/lang/NoSuchMethodError'{0x00000000ead5bc08}: 'int java.lang.invoke.DirectMethodHandle$Holder.invokeStaticInit(java.lang.Object, java.lang.Object, java.lang.Object, java.lang.Object)'> (0x00000000ead5bc08) 
thrown [s\src\hotspot\share\interpreter\linkResolver.cpp, line 759]
Event: 0.634 Thread 0x0000023ff2d5f3b0 Exception <a 'java/lang/NoSuchMethodError'{0x00000000ead66370}: 'java.lang.Object java.lang.invoke.DirectMethodHandle$Holder.invokeInterface(java.lang.Object, java.lang.Object)'> (0x00000000ead66370) 
thrown [s\src\hotspot\share\interpreter\linkResolver.cpp, line 759]
Event: 0.634 Thread 0x0000023ff2d5f3b0 Exception <a 'java/lang/IncompatibleClassChangeError'{0x00000000ead69db8}: Found class java.lang.Object, but interface was expected> (0x00000000ead69db8) 
thrown [s\src\hotspot\share\interpreter\linkResolver.cpp, line 826]
Event: 0.635 Thread 0x0000023ff2d5f3b0 Exception <a 'java/lang/NoSuchMethodError'{0x00000000ead6e298}: 'void java.lang.invoke.DirectMethodHandle$Holder.invokeStatic(java.lang.Object, java.lang.Object)'> (0x00000000ead6e298) 
thrown [s\src\hotspot\share\interpreter\linkResolver.cpp, line 759]
Event: 0.635 Thread 0x0000023ff2d5f3b0 Exception <a 'java/lang/NoSuchMethodError'{0x00000000ead71a98}: 'void java.lang.invoke.DirectMethodHandle$Holder.invokeStaticInit(java.lang.Object, java.lang.Object)'> (0x00000000ead71a98) 
thrown [s\src\hotspot\share\interpreter\linkResolver.cpp, line 759]
Event: 0.636 Thread 0x0000023ff2d5f3b0 Exception <a 'java/lang/NoSuchMethodError'{0x00000000ead79178}: 'int java.lang.invoke.DirectMethodHandle$Holder.invokeStaticInit(java.lang.Object, java.lang.Object)'> (0x00000000ead79178) 
thrown [s\src\hotspot\share\interpreter\linkResolver.cpp, line 759]
Event: 0.683 Thread 0x0000023ff2d5f3b0 Exception <a 'java/lang/NoSuchMethodError'{0x00000000eaec8ca0}: 'void java.lang.invoke.DirectMethodHandle$Holder.invokeSpecial(java.lang.Object, java.lang.Object, java.lang.Object)'> (0x00000000eaec8ca0) 
thrown [s\src\hotspot\share\interpreter\linkResolver.cpp, line 759]

VM Operations (20 events):
Event: 0.146 Executing VM operation: HandshakeAllThreads
Event: 0.146 Executing VM operation: HandshakeAllThreads done
Event: 0.344 Executing VM operation: HandshakeAllThreads
Event: 0.344 Executing VM operation: HandshakeAllThreads done
Event: 0.362 Executing VM operation: HandshakeAllThreads
Event: 0.362 Executing VM operation: HandshakeAllThreads done
Event: 0.521 Executing VM operation: ICBufferFull
Event: 0.521 Executing VM operation: ICBufferFull done
Event: 0.527 Executing VM operation: HandshakeAllThreads
Event: 0.527 Executing VM operation: HandshakeAllThreads done
Event: 0.583 Executing VM operation: ParallelGCFailedAllocation
Event: 0.590 Executing VM operation: ParallelGCFailedAllocation done
Event: 1.115 Executing VM operation: HandshakeAllThreads
Event: 1.115 Executing VM operation: HandshakeAllThreads done
Event: 1.116 Executing VM operation: HandshakeAllThreads
Event: 1.116 Executing VM operation: HandshakeAllThreads done
Event: 1.129 Executing VM operation: HandshakeAllThreads
Event: 1.129 Executing VM operation: HandshakeAllThreads done
Event: 1.144 Executing VM operation: HandshakeAllThreads
Event: 1.144 Executing VM operation: HandshakeAllThreads done

Memory protections (0 events):
No events

Nmethod flushes (0 events):
No events

Events (20 events):
Event: 0.045 Thread 0x0000023ff2d5f3b0 Thread added: 0x0000023ffcddea20
Event: 0.045 Thread 0x0000023ff2d5f3b0 Thread added: 0x0000023ffcddf550
Event: 0.045 Thread 0x0000023ff2d5f3b0 Thread added: 0x0000023ffcde0b20
Event: 0.045 Thread 0x0000023ff2d5f3b0 Thread added: 0x0000023ffcde3ef0
Event: 0.045 Thread 0x0000023ff2d5f3b0 Thread added: 0x0000023ffcdec100
Event: 0.045 Thread 0x0000023ff2d5f3b0 Thread added: 0x0000023ffcdeee80
Event: 0.046 Thread 0x0000023ff2d5f3b0 Thread added: 0x0000023ffcdf7b30
Event: 0.080 Thread 0x0000023ff2d5f3b0 Thread added: 0x0000023ffcefa020
Event: 0.091 Thread 0x0000023ffcdeee80 Thread added: 0x0000023ffcf6b010
Event: 0.093 Thread 0x0000023ffcf6b010 Thread added: 0x0000023ffcf73520
Event: 0.093 Thread 0x0000023ffcdeee80 Thread added: 0x0000023ffcf75a50
Event: 0.096 Thread 0x0000023ffcf6b010 Thread added: 0x0000023ffcfde460
Event: 0.096 Thread 0x0000023ffcf6b010 Thread added: 0x0000023ffcfd61a0
Event: 0.238 Thread 0x0000023ff2d5f3b0 Thread added: 0x0000023ffef763d0
Event: 0.644 Thread 0x0000023ffcfd61a0 Thread exited: 0x0000023ffcfd61a0
Event: 0.937 Thread 0x0000023ffcf73520 Thread added: 0x0000023f8f202910
Event: 0.948 Thread 0x0000023ffcf6b010 Thread added: 0x0000023f8f252a20
Event: 0.953 Thread 0x0000023ffcf75a50 Thread added: 0x0000023f8f1f0690
Event: 0.953 Thread 0x0000023ffcf73520 Thread added: 0x0000023f8f1f17c0
Event: 1.094 Thread 0x0000023ff2d5f3b0 Thread added: 0x0000023f8f1fe970


Dynamic libraries:
0x00007ff65ec50000 - 0x00007ff65ec5e000 	c:\Users\ASUS\.vscode\extensions\redhat.java-1.38.0-win32-x64\jre\17.0.13-win32-x86_64\bin\java.exe
0x00007ff8e27d0000 - 0x00007ff8e29e7000 	C:\WINDOWS\SYSTEM32\ntdll.dll
0x00007ff8e21f0000 - 0x00007ff8e22b4000 	C:\WINDOWS\System32\KERNEL32.DLL
0x00007ff8dfd30000 - 0x00007ff8e00ea000 	C:\WINDOWS\System32\KERNELBASE.dll
0x00007ff8dfad0000 - 0x00007ff8dfbe1000 	C:\WINDOWS\System32\ucrtbase.dll
0x00007ff8cde40000 - 0x00007ff8cde57000 	c:\Users\ASUS\.vscode\extensions\redhat.java-1.38.0-win32-x64\jre\17.0.13-win32-x86_64\bin\jli.dll
0x00007ff8cde20000 - 0x00007ff8cde3e000 	c:\Users\ASUS\.vscode\extensions\redhat.java-1.38.0-win32-x64\jre\17.0.13-win32-x86_64\bin\VCRUNTIME140.dll
0x00007ff8e06f0000 - 0x00007ff8e089e000 	C:\WINDOWS\System32\USER32.dll
0x00007ff8dfaa0000 - 0x00007ff8dfac6000 	C:\WINDOWS\System32\win32u.dll
0x00007ff8d27d0000 - 0x00007ff8d2a62000 	C:\WINDOWS\WinSxS\amd64_microsoft.windows.common-controls_6595b64144ccf1df_6.0.22621.4541_none_2710d1c57384c085\COMCTL32.dll
0x00007ff8e05a0000 - 0x00007ff8e05c9000 	C:\WINDOWS\System32\GDI32.dll
0x00007ff8e1610000 - 0x00007ff8e16b7000 	C:\WINDOWS\System32\msvcrt.dll
0x00007ff8e00f0000 - 0x00007ff8e020b000 	C:\WINDOWS\System32\gdi32full.dll
0x00007ff8e0290000 - 0x00007ff8e032a000 	C:\WINDOWS\System32\msvcp_win.dll
0x00007ff8e0b00000 - 0x00007ff8e0b31000 	C:\WINDOWS\System32\IMM32.DLL
0x00007ff8dbe40000 - 0x00007ff8dbe4c000 	c:\Users\ASUS\.vscode\extensions\redhat.java-1.38.0-win32-x64\jre\17.0.13-win32-x86_64\bin\vcruntime140_1.dll
0x00007ff8a5990000 - 0x00007ff8a5a1d000 	c:\Users\ASUS\.vscode\extensions\redhat.java-1.38.0-win32-x64\jre\17.0.13-win32-x86_64\bin\msvcp140.dll
0x00007ff86be30000 - 0x00007ff86ca9b000 	c:\Users\ASUS\.vscode\extensions\redhat.java-1.38.0-win32-x64\jre\17.0.13-win32-x86_64\bin\server\jvm.dll
0x00007ff8e16c0000 - 0x00007ff8e1772000 	C:\WINDOWS\System32\ADVAPI32.dll
0x00007ff8e1e40000 - 0x00007ff8e1ee7000 	C:\WINDOWS\System32\sechost.dll
0x00007ff8e04a0000 - 0x00007ff8e04c8000 	C:\WINDOWS\System32\bcrypt.dll
0x00007ff8e05d0000 - 0x00007ff8e06e4000 	C:\WINDOWS\System32\RPCRT4.dll
0x00007ff8e08c0000 - 0x00007ff8e0931000 	C:\WINDOWS\System32\WS2_32.dll
0x00007ff8df970000 - 0x00007ff8df9bd000 	C:\WINDOWS\SYSTEM32\POWRPROF.dll
0x00007ff8d8470000 - 0x00007ff8d84a4000 	C:\WINDOWS\SYSTEM32\WINMM.dll
0x00007ff8d9800000 - 0x00007ff8d980a000 	C:\WINDOWS\SYSTEM32\VERSION.dll
0x00007ff8df950000 - 0x00007ff8df963000 	C:\WINDOWS\SYSTEM32\UMPDC.dll
0x00007ff8deae0000 - 0x00007ff8deaf8000 	C:\WINDOWS\SYSTEM32\kernel.appcore.dll
0x00007ff8cf390000 - 0x00007ff8cf39a000 	c:\Users\ASUS\.vscode\extensions\redhat.java-1.38.0-win32-x64\jre\17.0.13-win32-x86_64\bin\jimage.dll
0x00007ff8d8a10000 - 0x00007ff8d8c42000 	C:\WINDOWS\SYSTEM32\DBGHELP.DLL
0x00007ff8e2350000 - 0x00007ff8e26df000 	C:\WINDOWS\System32\combase.dll
0x00007ff8e0b40000 - 0x00007ff8e0c17000 	C:\WINDOWS\System32\OLEAUT32.dll
0x00007ff8d7ad0000 - 0x00007ff8d7b02000 	C:\WINDOWS\SYSTEM32\dbgcore.DLL
0x00007ff8e0210000 - 0x00007ff8e028b000 	C:\WINDOWS\System32\bcryptPrimitives.dll
0x00007ff8cf2d0000 - 0x00007ff8cf2de000 	c:\Users\ASUS\.vscode\extensions\redhat.java-1.38.0-win32-x64\jre\17.0.13-win32-x86_64\bin\instrument.dll
0x00007ff8cca90000 - 0x00007ff8ccab5000 	c:\Users\ASUS\.vscode\extensions\redhat.java-1.38.0-win32-x64\jre\17.0.13-win32-x86_64\bin\java.dll
0x00007ff8cda50000 - 0x00007ff8cda68000 	c:\Users\ASUS\.vscode\extensions\redhat.java-1.38.0-win32-x64\jre\17.0.13-win32-x86_64\bin\zip.dll
0x00007ff8e0d90000 - 0x00007ff8e1608000 	C:\WINDOWS\System32\SHELL32.dll
0x00007ff8dd9e0000 - 0x00007ff8de2e8000 	C:\WINDOWS\SYSTEM32\windows.storage.dll
0x00007ff8dd8a0000 - 0x00007ff8dd9df000 	C:\WINDOWS\SYSTEM32\wintypes.dll
0x00007ff8e20f0000 - 0x00007ff8e21ea000 	C:\WINDOWS\System32\SHCORE.dll
0x00007ff8e0540000 - 0x00007ff8e059e000 	C:\WINDOWS\System32\shlwapi.dll
0x00007ff8df9d0000 - 0x00007ff8df9fb000 	C:\WINDOWS\SYSTEM32\profapi.dll
0x00007ff8cc410000 - 0x00007ff8cc429000 	C:\Users\ASUS\.vscode\extensions\redhat.java-1.38.0-win32-x64\jre\17.0.13-win32-x86_64\bin\net.dll
0x00007ff8dca20000 - 0x00007ff8dcb56000 	C:\WINDOWS\SYSTEM32\WINHTTP.dll
0x00007ff8def60000 - 0x00007ff8defc9000 	C:\WINDOWS\system32\mswsock.dll
0x00007ff8cc3f0000 - 0x00007ff8cc406000 	C:\Users\ASUS\.vscode\extensions\redhat.java-1.38.0-win32-x64\jre\17.0.13-win32-x86_64\bin\nio.dll
0x00007ff8cf230000 - 0x00007ff8cf240000 	c:\Users\ASUS\.vscode\extensions\redhat.java-1.38.0-win32-x64\jre\17.0.13-win32-x86_64\bin\verify.dll

dbghelp: loaded successfully - version: 4.0.5 - missing functions: none
symbol engine: initialized successfully - sym options: 0x614 - pdb path: .;c:\Users\ASUS\.vscode\extensions\redhat.java-1.38.0-win32-x64\jre\17.0.13-win32-x86_64\bin;C:\WINDOWS\SYSTEM32;C:\WINDOWS\WinSxS\amd64_microsoft.windows.common-controls_6595b64144ccf1df_6.0.22621.4541_none_2710d1c57384c085;c:\Users\ASUS\.vscode\extensions\redhat.java-1.38.0-win32-x64\jre\17.0.13-win32-x86_64\bin\server

VM Arguments:
jvm_args: --add-modules=ALL-SYSTEM --add-opens=java.base/java.util=ALL-UNNAMED --add-opens=java.base/java.lang=ALL-UNNAMED --add-opens=java.base/sun.nio.fs=ALL-UNNAMED -Declipse.application=org.eclipse.jdt.ls.core.id1 -Dosgi.bundles.defaultStartLevel=4 -Declipse.product=org.eclipse.jdt.ls.core.product -Djava.import.generatesMetadataFilesAtProjectRoot=false -DDetectVMInstallationsJob.disabled=true -Dfile.encoding=utf8 -XX:+UseParallelGC -XX:GCTimeRatio=4 -XX:AdaptiveSizePolicyWeight=90 -Dsun.zip.disableMemoryMapping=true -Xmx1G -Xms100m -Xlog:disable -javaagent:c:\Users\ASUS\.vscode\extensions\redhat.java-1.38.0-win32-x64\lombok\lombok-1.18.34.jar -XX:+HeapDumpOnOutOfMemoryError -XX:HeapDumpPath=c:\Users\ASUS\AppData\Roaming\Code\User\workspaceStorage\9fdc986f79f7f5afd451b576530659b4\redhat.java -Daether.dependencyCollector.impl=bf 
java_command: c:\Users\ASUS\.vscode\extensions\redhat.java-1.38.0-win32-x64\server\plugins\org.eclipse.equinox.launcher_1.6.900.v20240613-2009.jar -configuration c:\Users\ASUS\AppData\Roaming\Code\User\globalStorage\redhat.java\1.38.0\config_win -data c:\Users\ASUS\AppData\Roaming\Code\User\workspaceStorage\9fdc986f79f7f5afd451b576530659b4\redhat.java\jdt_ws --pipe=\\.\pipe\lsp-9bec6378620609bf439c733976e433db-sock
java_class_path (initial): c:\Users\ASUS\.vscode\extensions\redhat.java-1.38.0-win32-x64\server\plugins\org.eclipse.equinox.launcher_1.6.900.v20240613-2009.jar
Launcher Type: SUN_STANDARD

[Global flags]
    uintx AdaptiveSizePolicyWeight                 = 90                                        {product} {command line}
     intx CICompilerCount                          = 12                                        {product} {ergonomic}
    uintx GCTimeRatio                              = 4                                         {product} {command line}
     bool HeapDumpOnOutOfMemoryError               = true                                   {manageable} {command line}
    ccstr HeapDumpPath                             = c:\Users\ASUS\AppData\Roaming\Code\User\workspaceStorage\9fdc986f79f7f5afd451b576530659b4\redhat.java         {manageable} {command line}
   size_t InitialHeapSize                          = 104857600                                 {product} {command line}
   size_t MaxHeapSize                              = 1073741824                                {product} {command line}
   size_t MaxNewSize                               = 357564416                                 {product} {ergonomic}
   size_t MinHeapDeltaBytes                        = 524288                                    {product} {ergonomic}
   size_t MinHeapSize                              = 104857600                                 {product} {command line}
   size_t NewSize                                  = 34603008                                  {product} {ergonomic}
    uintx NonNMethodCodeHeapSize                   = 7602480                                {pd product} {ergonomic}
    uintx NonProfiledCodeHeapSize                  = 122027880                              {pd product} {ergonomic}
   size_t OldSize                                  = 70254592                                  {product} {ergonomic}
    uintx ProfiledCodeHeapSize                     = 122027880                              {pd product} {ergonomic}
    uintx ReservedCodeCacheSize                    = 251658240                              {pd product} {ergonomic}
     bool SegmentedCodeCache                       = true                                      {product} {ergonomic}
   size_t SoftMaxHeapSize                          = 1073741824                             {manageable} {ergonomic}
     bool UseCompressedClassPointers               = true                           {product lp64_product} {ergonomic}
     bool UseCompressedOops                        = true                           {product lp64_product} {ergonomic}
     bool UseLargePagesIndividualAllocation        = false                                  {pd product} {ergonomic}
     bool UseParallelGC                            = true                                      {product} {command line}

Logging:
Log output configuration:
 #0: stdout all=off uptime,level,tags
 #1: stderr all=off uptime,level,tags

Environment Variables:
PATH=C:\Program Files\Common Files\Oracle\Java\javapath;C:\Program Files (x86)\Common Files\Oracle\Java\java8path;C:\Program Files (x86)\Common Files\Oracle\Java\javapath;C:\ProgramData\Oracle\Java\javapath;C:\Windows\system32;C:\Windows;C:\Windows\System32\Wbem;C:\Windows\System32\WindowsPowerShell\v1.0\;C:\Windows\System32\OpenSSH\;C:\Program Files (x86)\NVIDIA Corporation\PhysX\Common;C:\WINDOWS\system32;C:\WINDOWS;C:\WINDOWS\System32\Wbem;C:\WINDOWS\System32\WindowsPowerShell\v1.0\;C:\WINDOWS\System32\OpenSSH\;C:\Program Files (x86)\Microsoft SQL Server\160\Tools\Binn\;C:\Program Files\Microsoft SQL Server\160\Tools\Binn\;C:\Program Files\Microsoft SQL Server\Client SDK\ODBC\170\Tools\Binn\;C:\Program Files\Microsoft SQL Server\160\DTS\Binn\;C:\Program Files (x86)\Microsoft SQL Server\160\DTS\Binn\;C:\Program Files\Azure Data Studio\bin;C:\Program Files\dotnet\;C:\Program Files\nodejs\;C:\Program Files\Git\cmd;C:\Program Files\Cloudflare\Cloudflare WARP\;C:\Program Files\MySQL\MySQL Shell 8.0\bin\;C:\Users\ASUS\AppData\Local\Microsoft\WindowsApps;;C:\Program Files\Azure Data Studio\bin;C:\Users\ASUS\AppData\Local\Programs\Microsoft VS Code\bin;C:\Users\ASUS\AppData\Roaming\npm
USERNAME=ASUS
OS=Windows_NT
PROCESSOR_IDENTIFIER=AMD64 Family 25 Model 68 Stepping 1, AuthenticAMD
TMP=C:\Users\ASUS\AppData\Local\Temp
TEMP=C:\Users\ASUS\AppData\Local\Temp



Periodic native trim disabled


---------------  S Y S T E M  ---------------

OS:
 Windows 11 , 64 bit Build 22621 (10.0.22621.4391)
OS uptime: 7 days 22:26 hours

CPU: total 16 (initial active 16) (16 cores per cpu, 2 threads per core) family 25 model 68 stepping 1 microcode 0x0, cx8, cmov, fxsr, ht, mmx, 3dnowpref, sse, sse2, sse3, ssse3, sse4a, sse4.1, sse4.2, popcnt, lzcnt, tsc, tscinvbit, avx, avx2, aes, clmul, bmi1, bmi2, adx, sha, fma, vzeroupper, clflush, clflushopt
Processor Information for all 16 processors :
  Max Mhz: 3201, Current Mhz: 3201, Mhz Limit: 3201

Memory: 4k page, system-wide physical 15613M (1905M free)
TotalPageFile size 19709M (AvailPageFile size 133M)
current process WorkingSet (physical memory assigned to process): 90M, peak: 90M
current process commit charge ("private bytes"): 228M, peak: 228M

vm_info: OpenJDK 64-Bit Server VM (17.0.13+11) for windows-amd64 JRE (17.0.13+11), built on Oct 16 2024 00:10:08 by "admin" with MS VC++ 17.7 (VS2022)

END.
