#
# There is insufficient memory for the Java Runtime Environment to continue.
# Native memory allocation (malloc) failed to allocate 985264 bytes. Error detail: Chunk::new
# Possible reasons:
#   The system is out of physical RAM or swap space
#   This process is running with CompressedOops enabled, and the Java Heap may be blocking the growth of the native heap
# Possible solutions:
#   Reduce memory load on the system
#   Increase physical memory or swap space
#   Check if swap backing store is full
#   Decrease Java heap size (-Xmx/-Xms)
#   Decrease number of Java threads
#   Decrease Java thread stack sizes (-Xss)
#   Set larger code cache with -XX:ReservedCodeCacheSize=
#   JVM is running with Unscaled Compressed Oops mode in which the Java heap is
#     placed in the first 4GB address space. The Java Heap base address is the
#     maximum limit for the native heap growth. Please use -XX:HeapBaseMinAddress
#     to set the Java Heap base and to place the Java Heap above 4GB virtual address.
# This output file may be truncated or incomplete.
#
#  Out of Memory Error (arena.cpp:191), pid=28252, tid=11156
#
# JRE version: OpenJDK Runtime Environment Temurin-17.0.13+11 (17.0.13+11) (build 17.0.13+11)
# Java VM: OpenJDK 64-Bit Server VM Temurin-17.0.13+11 (17.0.13+11, mixed mode, tiered, compressed oops, compressed class ptrs, parallel gc, windows-amd64)
# No core dump will be written. Minidumps are not enabled by default on client versions of Windows
#

---------------  S U M M A R Y ------------

Command Line: --add-modules=ALL-SYSTEM --add-opens=java.base/java.util=ALL-UNNAMED --add-opens=java.base/java.lang=ALL-UNNAMED --add-opens=java.base/sun.nio.fs=ALL-UNNAMED -Declipse.application=org.eclipse.jdt.ls.core.id1 -Dosgi.bundles.defaultStartLevel=4 -Declipse.product=org.eclipse.jdt.ls.core.product -Djava.import.generatesMetadataFilesAtProjectRoot=false -DDetectVMInstallationsJob.disabled=true -Dfile.encoding=utf8 -XX:+UseParallelGC -XX:GCTimeRatio=4 -XX:AdaptiveSizePolicyWeight=90 -Dsun.zip.disableMemoryMapping=true -Xmx1G -Xms100m -Xlog:disable -javaagent:c:\Users\ASUS\.vscode\extensions\redhat.java-1.38.0-win32-x64\lombok\lombok-1.18.34.jar -XX:+HeapDumpOnOutOfMemoryError -XX:HeapDumpPath=c:\Users\ASUS\AppData\Roaming\Code\User\workspaceStorage\9fdc986f79f7f5afd451b576530659b4\redhat.java -Daether.dependencyCollector.impl=bf c:\Users\ASUS\.vscode\extensions\redhat.java-1.38.0-win32-x64\server\plugins\org.eclipse.equinox.launcher_1.6.900.v20240613-2009.jar -configuration c:\Users\ASUS\AppData\Roaming\Code\User\globalStorage\redhat.java\1.38.0\config_win -data c:\Users\ASUS\AppData\Roaming\Code\User\workspaceStorage\9fdc986f79f7f5afd451b576530659b4\redhat.java\jdt_ws --pipe=\\.\pipe\lsp-643d835fd7e6be260421003c2d94cc1b-sock

Host: AMD Ryzen 7 6800H with Radeon Graphics         , 16 cores, 15G,  Windows 11 , 64 bit Build 22621 (10.0.22621.4391)
Time: Tue Jan 14 11:35:26 2025 SE Asia Standard Time elapsed time: 13.231263 seconds (0d 0h 0m 13s)

---------------  T H R E A D  ---------------

Current thread (0x00000220e0bc0f70):  JavaThread "C2 CompilerThread0" daemon [_thread_in_native, id=11156, stack(0x000000431f200000,0x000000431f300000)]


Current CompileTask:
C2:  13231 10209   !   4       java.io.ObjectInputStream::readSerialData (549 bytes)

Stack: [0x000000431f200000,0x000000431f300000]
Native frames: (J=compiled Java code, j=interpreted, Vv=VM code, C=native code)
V  [jvm.dll+0x682a19]
V  [jvm.dll+0x839538]
V  [jvm.dll+0x83afe3]
V  [jvm.dll+0x83b653]
V  [jvm.dll+0x24704f]
V  [jvm.dll+0xace34]
V  [jvm.dll+0xad4cc]
V  [jvm.dll+0x36597e]
V  [jvm.dll+0x1ba793]
V  [jvm.dll+0x2181a7]
V  [jvm.dll+0x21748f]
V  [jvm.dll+0x1a3070]
V  [jvm.dll+0x22788c]
V  [jvm.dll+0x2259eb]
V  [jvm.dll+0x7eec98]
V  [jvm.dll+0x7e8ffc]
V  [jvm.dll+0x6818f7]
C  [ucrtbase.dll+0x29333]
C  [KERNEL32.DLL+0x1259d]
C  [ntdll.dll+0x5af38]


---------------  P R O C E S S  ---------------

Threads class SMR info:
_java_thread_list=0x00000220e94eeb70, length=103, elements={
0x00000220c7993c50, 0x00000220e0b89020, 0x00000220e0b8a1f0, 0x00000220e0bb4f20,
0x00000220e0bb5bb0, 0x00000220e0bb8ff0, 0x00000220e0bbdb60, 0x00000220e0bc0f70,
0x00000220e0bc68d0, 0x00000220e0bd1980, 0x00000220e0c470e0, 0x00000220e0d52bf0,
0x00000220e0ea5dc0, 0x00000220e0ea62e0, 0x00000220e2b53d50, 0x00000220e33e3610,
0x00000220e362d3c0, 0x00000220e3666ec0, 0x00000220e3a85a50, 0x00000220e3c6a6c0,
0x00000220e3e41eb0, 0x00000220e3e423c0, 0x00000220e3e432f0, 0x00000220e3e42de0,
0x00000220e3e44730, 0x00000220e3e43800, 0x00000220e3e41490, 0x00000220e3e43d10,
0x00000220e3e40f80, 0x00000220e3e44220, 0x00000220e38f8e90, 0x00000220e38fd060,
0x00000220e38fa2d0, 0x00000220e38fe4a0, 0x00000220e38fe9b0, 0x00000220e38feec0,
0x00000220e38fda80, 0x00000220e38f98b0, 0x00000220e38fa7e0, 0x00000220e3900300,
0x00000220e38fc130, 0x00000220e38ff8e0, 0x00000220e38ff3d0, 0x00000220e38fdf90,
0x00000220e38fb710, 0x00000220e38ffdf0, 0x00000220e38fbc20, 0x00000220e3900810,
0x00000220e38fb200, 0x00000220e38facf0, 0x00000220e38f93a0, 0x00000220e38fd570,
0x00000220e38fc640, 0x00000220e38fcb50, 0x00000220e3e419a0, 0x00000220e81b7aa0,
0x00000220e81b7590, 0x00000220e81b42f0, 0x00000220e81b7fb0, 0x00000220e81b1560,
0x00000220e81b33c0, 0x00000220e81b84c0, 0x00000220e81b29a0, 0x00000220e81b6660,
0x00000220e81b2eb0, 0x00000220e81b38d0, 0x00000220e81b4800, 0x00000220e81b8ee0,
0x00000220e81b6b70, 0x00000220e81b3de0, 0x00000220e81b4d10, 0x00000220e81b6150,
0x00000220e81b5730, 0x00000220e81b89d0, 0x00000220e81b2490, 0x00000220e81b5c40,
0x00000220e81b7080, 0x00000220e3e428d0, 0x00000220f1858370, 0x00000220f1856f30,
0x00000220f18555e0, 0x00000220f1855af0, 0x00000220f18550d0, 0x00000220f1852d60,
0x00000220f1857440, 0x00000220f1856000, 0x00000220f1852340, 0x00000220f1856510,
0x00000220f1858880, 0x00000220f1858d90, 0x00000220f1857950, 0x00000220f1857e60,
0x00000220f1854bc0, 0x00000220f1852850, 0x00000220f1856a20, 0x00000220f1853270,
0x00000220f1853780, 0x00000220f18546b0, 0x00000220e81b1a70, 0x00000220e72d05f0,
0x00000220e72cbf10, 0x00000220e9d5d6f0, 0x00000220e9d5ac70
}

Java Threads: ( => current thread )
  0x00000220c7993c50 JavaThread "main" [_thread_blocked, id=21148, stack(0x000000431e900000,0x000000431ea00000)]
  0x00000220e0b89020 JavaThread "Reference Handler" daemon [_thread_blocked, id=32992, stack(0x000000431ec00000,0x000000431ed00000)]
  0x00000220e0b8a1f0 JavaThread "Finalizer" daemon [_thread_blocked, id=12356, stack(0x000000431ed00000,0x000000431ee00000)]
  0x00000220e0bb4f20 JavaThread "Signal Dispatcher" daemon [_thread_blocked, id=11952, stack(0x000000431ee00000,0x000000431ef00000)]
  0x00000220e0bb5bb0 JavaThread "Attach Listener" daemon [_thread_blocked, id=29028, stack(0x000000431ef00000,0x000000431f000000)]
  0x00000220e0bb8ff0 JavaThread "Service Thread" daemon [_thread_blocked, id=33852, stack(0x000000431f000000,0x000000431f100000)]
  0x00000220e0bbdb60 JavaThread "Monitor Deflation Thread" daemon [_thread_blocked, id=33368, stack(0x000000431f100000,0x000000431f200000)]
=>0x00000220e0bc0f70 JavaThread "C2 CompilerThread0" daemon [_thread_in_native, id=11156, stack(0x000000431f200000,0x000000431f300000)]
  0x00000220e0bc68d0 JavaThread "C1 CompilerThread0" daemon [_thread_blocked, id=35220, stack(0x000000431f300000,0x000000431f400000)]
  0x00000220e0bd1980 JavaThread "Sweeper thread" daemon [_thread_blocked, id=12616, stack(0x000000431f400000,0x000000431f500000)]
  0x00000220e0c470e0 JavaThread "Common-Cleaner" daemon [_thread_blocked, id=11028, stack(0x000000431f500000,0x000000431f600000)]
  0x00000220e0d52bf0 JavaThread "C1 CompilerThread1" daemon [_thread_in_native, id=33940, stack(0x000000431f600000,0x000000431f700000)]
  0x00000220e0ea5dc0 JavaThread "C1 CompilerThread2" daemon [_thread_blocked, id=36320, stack(0x000000431f800000,0x000000431f900000)]
  0x00000220e0ea62e0 JavaThread "C1 CompilerThread3" daemon [_thread_blocked, id=35392, stack(0x000000431f900000,0x000000431fa00000)]
  0x00000220e2b53d50 JavaThread "Notification Thread" daemon [_thread_blocked, id=6560, stack(0x000000431fa00000,0x000000431fb00000)]
  0x00000220e33e3610 JavaThread "Active Thread: Equinox Container: 8c85425c-3582-4849-b8a5-3e5738401d2e" [_thread_blocked, id=29056, stack(0x0000004320200000,0x0000004320300000)]
  0x00000220e362d3c0 JavaThread "Refresh Thread: Equinox Container: 8c85425c-3582-4849-b8a5-3e5738401d2e" daemon [_thread_blocked, id=19436, stack(0x0000004320300000,0x0000004320400000)]
  0x00000220e3666ec0 JavaThread "Framework Event Dispatcher: Equinox Container: 8c85425c-3582-4849-b8a5-3e5738401d2e" daemon [_thread_blocked, id=36440, stack(0x0000004320600000,0x0000004320700000)]
  0x00000220e3a85a50 JavaThread "Start Level: Equinox Container: 8c85425c-3582-4849-b8a5-3e5738401d2e" daemon [_thread_blocked, id=13996, stack(0x0000004320700000,0x0000004320800000)]
  0x00000220e3c6a6c0 JavaThread "Bundle File Closer" daemon [_thread_blocked, id=33628, stack(0x0000004320800000,0x0000004320900000)]
  0x00000220e3e41eb0 JavaThread "SCR Component Actor" daemon [_thread_blocked, id=26536, stack(0x0000004320a00000,0x0000004320b00000)]
  0x00000220e3e423c0 JavaThread "Worker-JM" [_thread_blocked, id=7308, stack(0x0000004320f00000,0x0000004321000000)]
  0x00000220e3e432f0 JavaThread "JNA Cleaner" daemon [_thread_blocked, id=19756, stack(0x0000004321000000,0x0000004321100000)]
  0x00000220e3e42de0 JavaThread "Worker-0" [_thread_blocked, id=21088, stack(0x0000004321100000,0x0000004321200000)]
  0x00000220e3e44730 JavaThread "Worker-1: Java indexing... " [_thread_blocked, id=21340, stack(0x0000004321200000,0x0000004321300000)]
  0x00000220e3e43800 JavaThread "Java indexing" daemon [_thread_in_Java, id=33780, stack(0x0000004321400000,0x0000004321500000)]
  0x00000220e3e41490 JavaThread "Worker-2" [_thread_blocked, id=34668, stack(0x0000004321600000,0x0000004321700000)]
  0x00000220e3e43d10 JavaThread "Worker-3" [_thread_blocked, id=33340, stack(0x0000004321700000,0x0000004321800000)]
  0x00000220e3e40f80 JavaThread "Thread-2" daemon [_thread_in_native, id=24316, stack(0x0000004321800000,0x0000004321900000)]
  0x00000220e3e44220 JavaThread "Thread-3" daemon [_thread_in_native, id=34656, stack(0x0000004321900000,0x0000004321a00000)]
  0x00000220e38f8e90 JavaThread "Thread-4" daemon [_thread_in_native, id=32324, stack(0x0000004321a00000,0x0000004321b00000)]
  0x00000220e38fd060 JavaThread "Thread-5" daemon [_thread_in_native, id=11240, stack(0x0000004321b00000,0x0000004321c00000)]
  0x00000220e38fa2d0 JavaThread "Thread-6" daemon [_thread_in_native, id=32332, stack(0x0000004321c00000,0x0000004321d00000)]
  0x00000220e38fe4a0 JavaThread "Thread-7" daemon [_thread_in_native, id=8452, stack(0x0000004321d00000,0x0000004321e00000)]
  0x00000220e38fe9b0 JavaThread "Thread-8" daemon [_thread_in_native, id=3812, stack(0x0000004321e00000,0x0000004321f00000)]
  0x00000220e38feec0 JavaThread "Thread-9" daemon [_thread_in_native, id=30516, stack(0x0000004321f00000,0x0000004322000000)]
  0x00000220e38fda80 JavaThread "Thread-10" daemon [_thread_in_native, id=32260, stack(0x0000004322000000,0x0000004322100000)]
  0x00000220e38f98b0 JavaThread "Thread-11" daemon [_thread_in_native, id=27188, stack(0x0000004322100000,0x0000004322200000)]
  0x00000220e38fa7e0 JavaThread "Thread-12" daemon [_thread_in_native, id=30140, stack(0x0000004322200000,0x0000004322300000)]
  0x00000220e3900300 JavaThread "Thread-13" daemon [_thread_in_native, id=28872, stack(0x0000004322300000,0x0000004322400000)]
  0x00000220e38fc130 JavaThread "Thread-14" daemon [_thread_in_native, id=22796, stack(0x0000004322400000,0x0000004322500000)]
  0x00000220e38ff8e0 JavaThread "Thread-15" daemon [_thread_in_native, id=31128, stack(0x0000004322500000,0x0000004322600000)]
  0x00000220e38ff3d0 JavaThread "Thread-16" daemon [_thread_in_native, id=368, stack(0x0000004322600000,0x0000004322700000)]
  0x00000220e38fdf90 JavaThread "Thread-17" daemon [_thread_in_native, id=26496, stack(0x0000004322700000,0x0000004322800000)]
  0x00000220e38fb710 JavaThread "Thread-18" daemon [_thread_in_native, id=14608, stack(0x0000004322800000,0x0000004322900000)]
  0x00000220e38ffdf0 JavaThread "pool-2-thread-1" [_thread_blocked, id=28052, stack(0x0000004322900000,0x0000004322a00000)]
  0x00000220e38fbc20 JavaThread "Worker-4" [_thread_blocked, id=3376, stack(0x0000004322c00000,0x0000004322d00000)]
  0x00000220e3900810 JavaThread "WorkspaceEventsHandler" [_thread_blocked, id=15152, stack(0x0000004322f00000,0x0000004323000000)]
  0x00000220e38fb200 JavaThread "pool-1-thread-1" [_thread_in_native_trans, id=30564, stack(0x0000004323000000,0x0000004323100000)]
  0x00000220e38facf0 JavaThread "Worker-5: Initialize Workspace" [_thread_blocked, id=10940, stack(0x0000004323100000,0x0000004323200000)]
  0x00000220e38f93a0 JavaThread "Worker-6: Initialize workspace" [_thread_in_vm, id=35240, stack(0x0000004323200000,0x0000004323300000)]
  0x00000220e38fd570 JavaThread "LocalFile Deleter" daemon [_thread_blocked, id=2864, stack(0x0000004323300000,0x0000004323400000)]
  0x00000220e38fc640 JavaThread "LocalFile Deleter" daemon [_thread_blocked, id=35192, stack(0x0000004323400000,0x0000004323500000)]
  0x00000220e38fcb50 JavaThread "LocalFile Deleter" daemon [_thread_blocked, id=35676, stack(0x0000004323500000,0x0000004323600000)]
  0x00000220e3e419a0 JavaThread "LocalFile Deleter" daemon [_thread_blocked, id=19876, stack(0x0000004323600000,0x0000004323700000)]
  0x00000220e81b7aa0 JavaThread "LocalFile Deleter" daemon [_thread_blocked, id=36640, stack(0x0000004323700000,0x0000004323800000)]
  0x00000220e81b7590 JavaThread "LocalFile Deleter" daemon [_thread_blocked, id=34068, stack(0x0000004323800000,0x0000004323900000)]
  0x00000220e81b42f0 JavaThread "LocalFile Deleter" daemon [_thread_blocked, id=15836, stack(0x0000004323900000,0x0000004323a00000)]
  0x00000220e81b7fb0 JavaThread "LocalFile Deleter" daemon [_thread_blocked, id=36732, stack(0x0000004323a00000,0x0000004323b00000)]
  0x00000220e81b1560 JavaThread "LocalFile Deleter" daemon [_thread_blocked, id=10288, stack(0x0000004323b00000,0x0000004323c00000)]
  0x00000220e81b33c0 JavaThread "LocalFile Deleter" daemon [_thread_blocked, id=28692, stack(0x0000004323c00000,0x0000004323d00000)]
  0x00000220e81b84c0 JavaThread "LocalFile Deleter" daemon [_thread_blocked, id=3820, stack(0x0000004323d00000,0x0000004323e00000)]
  0x00000220e81b29a0 JavaThread "LocalFile Deleter" daemon [_thread_blocked, id=29888, stack(0x0000004323e00000,0x0000004323f00000)]
  0x00000220e81b6660 JavaThread "LocalFile Deleter" daemon [_thread_blocked, id=23944, stack(0x0000004323f00000,0x0000004324000000)]
  0x00000220e81b2eb0 JavaThread "LocalFile Deleter" daemon [_thread_blocked, id=35980, stack(0x0000004324000000,0x0000004324100000)]
  0x00000220e81b38d0 JavaThread "LocalFile Deleter" daemon [_thread_blocked, id=28060, stack(0x0000004324100000,0x0000004324200000)]
  0x00000220e81b4800 JavaThread "Compiler Source File Reader" daemon [_thread_blocked, id=18316, stack(0x0000004324200000,0x0000004324300000)]
  0x00000220e81b8ee0 JavaThread "Compiler Source File Reader" daemon [_thread_blocked, id=35688, stack(0x0000004324300000,0x0000004324400000)]
  0x00000220e81b6b70 JavaThread "Compiler Source File Reader" daemon [_thread_blocked, id=17952, stack(0x0000004324400000,0x0000004324500000)]
  0x00000220e81b3de0 JavaThread "Compiler Source File Reader" daemon [_thread_blocked, id=27656, stack(0x0000004324500000,0x0000004324600000)]
  0x00000220e81b4d10 JavaThread "Compiler Source File Reader" daemon [_thread_blocked, id=30928, stack(0x0000004324600000,0x0000004324700000)]
  0x00000220e81b6150 JavaThread "Compiler Source File Reader" daemon [_thread_blocked, id=20780, stack(0x0000004324700000,0x0000004324800000)]
  0x00000220e81b5730 JavaThread "Compiler Source File Reader" daemon [_thread_blocked, id=10780, stack(0x0000004324800000,0x0000004324900000)]
  0x00000220e81b89d0 JavaThread "Compiler Source File Reader" daemon [_thread_blocked, id=29840, stack(0x0000004324900000,0x0000004324a00000)]
  0x00000220e81b2490 JavaThread "Compiler Processing Task" daemon [_thread_blocked, id=14264, stack(0x0000004324a00000,0x0000004324b00000)]
  0x00000220e81b5c40 JavaThread "Compiler Class File Writer" daemon [_thread_blocked, id=30992, stack(0x0000004322e00000,0x0000004322f00000)]
  0x00000220e81b7080 JavaThread "Compiler Class File Writer" daemon [_thread_blocked, id=34828, stack(0x0000004324b00000,0x0000004324c00000)]
  0x00000220e3e428d0 JavaThread "Compiler Class File Writer" daemon [_thread_blocked, id=27048, stack(0x0000004320b00000,0x0000004320c00000)]
  0x00000220f1858370 JavaThread "Compiler Class File Writer" daemon [_thread_blocked, id=340, stack(0x0000004324c00000,0x0000004324d00000)]
  0x00000220f1856f30 JavaThread "Compiler Class File Writer" daemon [_thread_blocked, id=28928, stack(0x0000004324d00000,0x0000004324e00000)]
  0x00000220f18555e0 JavaThread "Compiler Class File Writer" daemon [_thread_blocked, id=35160, stack(0x0000004324e00000,0x0000004324f00000)]
  0x00000220f1855af0 JavaThread "Compiler Class File Writer" daemon [_thread_blocked, id=29512, stack(0x0000004324f00000,0x0000004325000000)]
  0x00000220f18550d0 JavaThread "Compiler Class File Writer" daemon [_thread_blocked, id=34928, stack(0x0000004325000000,0x0000004325100000)]
  0x00000220f1852d60 JavaThread "LocalFile Deleter" daemon [_thread_blocked, id=5200, stack(0x0000004325100000,0x0000004325200000)]
  0x00000220f1857440 JavaThread "Compiler Source File Reader" daemon [_thread_blocked, id=26352, stack(0x0000004325200000,0x0000004325300000)]
  0x00000220f1856000 JavaThread "Compiler Source File Reader" daemon [_thread_blocked, id=10508, stack(0x0000004325300000,0x0000004325400000)]
  0x00000220f1852340 JavaThread "Compiler Source File Reader" daemon [_thread_blocked, id=16260, stack(0x0000004325400000,0x0000004325500000)]
  0x00000220f1856510 JavaThread "Compiler Source File Reader" daemon [_thread_blocked, id=24980, stack(0x0000004325500000,0x0000004325600000)]
  0x00000220f1858880 JavaThread "Compiler Source File Reader" daemon [_thread_blocked, id=28736, stack(0x0000004325600000,0x0000004325700000)]
  0x00000220f1858d90 JavaThread "Compiler Source File Reader" daemon [_thread_blocked, id=34148, stack(0x0000004325700000,0x0000004325800000)]
  0x00000220f1857950 JavaThread "Compiler Class File Writer" daemon [_thread_blocked, id=30144, stack(0x0000004325800000,0x0000004325900000)]
  0x00000220f1857e60 JavaThread "Compiler Class File Writer" daemon [_thread_blocked, id=33076, stack(0x0000004325900000,0x0000004325a00000)]
  0x00000220f1854bc0 JavaThread "Compiler Class File Writer" daemon [_thread_blocked, id=23168, stack(0x0000004325a00000,0x0000004325b00000)]
  0x00000220f1852850 JavaThread "Compiler Class File Writer" daemon [_thread_blocked, id=26464, stack(0x0000004325b00000,0x0000004325c00000)]
  0x00000220f1856a20 JavaThread "Compiler Class File Writer" daemon [_thread_blocked, id=31576, stack(0x0000004325c00000,0x0000004325d00000)]
  0x00000220f1853270 JavaThread "Compiler Class File Writer" daemon [_thread_blocked, id=33116, stack(0x0000004325d00000,0x0000004325e00000)]
  0x00000220f1853780 JavaThread "Timer-0" [_thread_blocked, id=33324, stack(0x0000004322a00000,0x0000004322b00000)]
  0x00000220f18546b0 JavaThread "Exec process" [_thread_blocked, id=12364, stack(0x0000004322d00000,0x0000004322e00000)]
  0x00000220e81b1a70 JavaThread "Exec process Thread 2" [_thread_blocked, id=36756, stack(0x0000004325e00000,0x0000004325f00000)]
  0x00000220e72d05f0 JavaThread "Exec process Thread 3" [_thread_blocked, id=27296, stack(0x0000004325f00000,0x0000004326000000)]
  0x00000220e72cbf10 JavaThread "Timer-1" [_thread_blocked, id=6804, stack(0x000000431fc00000,0x000000431fd00000)]
  0x00000220e9d5d6f0 JavaThread "C2 CompilerThread1" daemon [_thread_blocked, id=13200, stack(0x0000004326000000,0x0000004326100000)]
  0x00000220e9d5ac70 JavaThread "C2 CompilerThread2" daemon [_thread_in_native, id=28688, stack(0x0000004326100000,0x0000004326200000)]

Other Threads:
  0x00000220c7a197f0 VMThread "VM Thread" [stack: 0x000000431eb00000,0x000000431ec00000] [id=33444]
  0x00000220e2b54230 WatcherThread [stack: 0x000000431fb00000,0x000000431fc00000] [id=27196]
  0x00000220c79a7720 GCTaskThread "GC Thread#0" [stack: 0x000000431ea00000,0x000000431eb00000] [id=33012]
  0x00000220e325b630 GCTaskThread "GC Thread#1" [stack: 0x000000431fd00000,0x000000431fe00000] [id=20224]
  0x00000220e30e5ef0 GCTaskThread "GC Thread#2" [stack: 0x000000431fe00000,0x000000431ff00000] [id=29280]
  0x00000220e30e61b0 GCTaskThread "GC Thread#3" [stack: 0x000000431ff00000,0x0000004320000000] [id=34196]
  0x00000220e30e6470 GCTaskThread "GC Thread#4" [stack: 0x0000004320000000,0x0000004320100000] [id=15088]
  0x00000220e30e6b40 GCTaskThread "GC Thread#5" [stack: 0x0000004320100000,0x0000004320200000] [id=17896]
  0x00000220e2d8fd40 GCTaskThread "GC Thread#6" [stack: 0x0000004320400000,0x0000004320500000] [id=35640]
  0x00000220e36d98c0 GCTaskThread "GC Thread#7" [stack: 0x0000004320500000,0x0000004320600000] [id=2968]
  0x00000220e38a7350 GCTaskThread "GC Thread#8" [stack: 0x0000004320900000,0x0000004320a00000] [id=14548]
  0x00000220e3dbbc50 GCTaskThread "GC Thread#9" [stack: 0x0000004320c00000,0x0000004320d00000] [id=12200]
  0x00000220e3dbd9e0 GCTaskThread "GC Thread#10" [stack: 0x0000004320d00000,0x0000004320e00000] [id=32796]
  0x00000220e3b268f0 GCTaskThread "GC Thread#11" [stack: 0x0000004320e00000,0x0000004320f00000] [id=11404]
  0x00000220e3d451c0 GCTaskThread "GC Thread#12" [stack: 0x0000004321300000,0x0000004321400000] [id=3312]

Threads with active compile tasks:
C2 CompilerThread0    13264 10209   !   4       java.io.ObjectInputStream::readSerialData (549 bytes)
C2 CompilerThread1    13264 10291       4       org.eclipse.osgi.container.ModuleRevision::getWiring (12 bytes)
C2 CompilerThread2    13264 10139       4       java.io.ObjectInputStream::readClassDesc (121 bytes)

VM state: not at safepoint (normal execution)

VM Mutex/Monitor currently owned by a thread: None

Heap address: 0x00000000c0000000, size: 1024 MB, Compressed Oops mode: 32-bit

CDS archive(s) not mapped
Compressed class space mapped at: 0x0000000100000000-0x0000000140000000, reserved size: 1073741824
Narrow klass base: 0x0000000000000000, Narrow klass shift: 3, Narrow klass range: 0x140000000

GC Precious Log:
 CPUs: 16 total, 16 available
 Memory: 15613M
 Large Page Support: Disabled
 NUMA Support: Disabled
 Compressed Oops: Enabled (32-bit)
 Alignments: Space 512K, Generation 512K, Heap 2M
 Heap Min Capacity: 100M
 Heap Initial Capacity: 100M
 Heap Max Capacity: 1G
 Pre-touch: Disabled
 Parallel Workers: 13

Heap:
 PSYoungGen      total 6656K, used 3070K [0x00000000eab00000, 0x00000000eb580000, 0x0000000100000000)
  eden space 3072K, 3% used [0x00000000eab00000,0x00000000eab18f40,0x00000000eae00000)
  from space 3584K, 82% used [0x00000000eae00000,0x00000000eb0e6aa8,0x00000000eb180000)
  to   space 3584K, 0% used [0x00000000eb200000,0x00000000eb200000,0x00000000eb580000)
 ParOldGen       total 346112K, used 329972K [0x00000000c0000000, 0x00000000d5200000, 0x00000000eab00000)
  object space 346112K, 95% used [0x00000000c0000000,0x00000000d423d270,0x00000000d5200000)
 Metaspace       used 74714K, committed 75904K, reserved 1179648K
  class space    used 8399K, committed 8896K, reserved 1048576K

Card table byte_map: [0x00000220c7320000,0x00000220c7530000] _byte_map_base: 0x00000220c6d20000

Marking Bits: (ParMarkBitMap*) 0x00007ff86c9d6940
 Begin Bits: [0x00000220d9620000, 0x00000220da620000)
 End Bits:   [0x00000220da620000, 0x00000220db620000)

Polling page: 0x00000220c5910000

Metaspace:

Usage:
  Non-class:     64.76 MB used.
      Class:      8.20 MB used.
       Both:     72.96 MB used.

Virtual space:
  Non-class space:      128.00 MB reserved,      65.44 MB ( 51%) committed,  2 nodes.
      Class space:        1.00 GB reserved,       8.69 MB ( <1%) committed,  1 nodes.
             Both:        1.12 GB reserved,      74.12 MB (  6%) committed. 

Chunk freelists:
   Non-Class:  13.95 MB
       Class:  7.31 MB
        Both:  21.27 MB

MaxMetaspaceSize: unlimited
CompressedClassSpaceSize: 1.00 GB
Initial GC threshold: 21.00 MB
Current GC threshold: 118.88 MB
CDS: off
MetaspaceReclaimPolicy: balanced
 - commit_granule_bytes: 65536.
 - commit_granule_words: 8192.
 - virtual_space_node_default_size: 8388608.
 - enlarge_chunks_in_place: 1.
 - new_chunks_are_fully_committed: 0.
 - uncommit_free_chunks: 1.
 - use_allocation_guard: 0.
 - handle_deallocations: 1.


Internal statistics:

num_allocs_failed_limit: 6.
num_arena_births: 786.
num_arena_deaths: 36.
num_vsnodes_births: 3.
num_vsnodes_deaths: 0.
num_space_committed: 1186.
num_space_uncommitted: 0.
num_chunks_returned_to_freelist: 51.
num_chunks_taken_from_freelist: 3838.
num_chunk_merges: 14.
num_chunk_splits: 2393.
num_chunks_enlarged: 1406.
num_inconsistent_stats: 0.

CodeHeap 'non-profiled nmethods': size=119168Kb used=7253Kb max_used=7253Kb free=111914Kb
 bounds [0x00000220d21c0000, 0x00000220d28e0000, 0x00000220d9620000]
CodeHeap 'profiled nmethods': size=119104Kb used=18052Kb max_used=18052Kb free=101051Kb
 bounds [0x00000220ca620000, 0x00000220cb7d0000, 0x00000220d1a70000]
CodeHeap 'non-nmethods': size=7488Kb used=3067Kb max_used=3134Kb free=4420Kb
 bounds [0x00000220d1a70000, 0x00000220d1d90000, 0x00000220d21c0000]
 total_blobs=9422 nmethods=8702 adapters=630
 compilation: enabled
              stopped_count=0, restarted_count=0
 full_count=0

Compilation events (20 events):
Event: 13.212 Thread 0x00000220e0d52bf0 10268       1       org.eclipse.core.runtime.Status::getMessage (5 bytes)
Event: 13.212 Thread 0x00000220e0d52bf0 nmethod 10268 0x00000220d28d0310 code [0x00000220d28d04a0, 0x00000220d28d0578]
Event: 13.212 Thread 0x00000220e0ea62e0 nmethod 10267 0x00000220cb7b6010 code [0x00000220cb7b61e0, 0x00000220cb7b6738]
Event: 13.213 Thread 0x00000220e0ea62e0 10269       1       sun.util.calendar.CalendarDate::setDayOfWeek (6 bytes)
Event: 13.213 Thread 0x00000220e0ea62e0 nmethod 10269 0x00000220d28d0610 code [0x00000220d28d07a0, 0x00000220d28d0878]
Event: 13.213 Thread 0x00000220e9d5d6f0 nmethod 10256% 0x00000220d28d0910 code [0x00000220d28d0aa0, 0x00000220d28d13b8]
Event: 13.213 Thread 0x00000220e9d5d6f0 10257       4       java.lang.Long::hashCode (8 bytes)
Event: 13.213 Thread 0x00000220e0ea62e0 10270       1       org.eclipse.osgi.internal.log.ExtendedLogEntryImpl::getContext (5 bytes)
Event: 13.213 Thread 0x00000220e0ea62e0 nmethod 10270 0x00000220d28d1610 code [0x00000220d28d17a0, 0x00000220d28d1878]
Event: 13.213 Thread 0x00000220e0d52bf0 10271       1       com.google.gson.stream.JsonWriter::getStrictness (5 bytes)
Event: 13.213 Thread 0x00000220e9d5d6f0 nmethod 10257 0x00000220d28d1910 code [0x00000220d28d1a80, 0x00000220d28d1af8]
Event: 13.213 Thread 0x00000220e0d52bf0 nmethod 10271 0x00000220d28d1c10 code [0x00000220d28d1da0, 0x00000220d28d1e78]
Event: 13.215 Thread 0x00000220e0ea5dc0 10272       3       java.lang.Double::compare (54 bytes)
Event: 13.216 Thread 0x00000220e0d52bf0 10273       3       java.util.concurrent.atomic.AtomicLong::incrementAndGet (14 bytes)
Event: 13.216 Thread 0x00000220e0d52bf0 nmethod 10273 0x00000220cb7b6890 code [0x00000220cb7b6a20, 0x00000220cb7b6b38]
Event: 13.216 Thread 0x00000220e0ea5dc0 nmethod 10272 0x00000220cb7b6c10 code [0x00000220cb7b6e00, 0x00000220cb7b7418]
Event: 13.219 Thread 0x00000220e0d52bf0 10274       3       java.lang.Throwable::<init> (29 bytes)
Event: 13.219 Thread 0x00000220e0d52bf0 nmethod 10274 0x00000220cb7b7590 code [0x00000220cb7b7740, 0x00000220cb7b79a8]
Event: 13.224 Thread 0x00000220e0ea62e0 10276       1       java.text.DecimalFormatSymbols::getZeroDigit (5 bytes)
Event: 13.224 Thread 0x00000220e0ea62e0 nmethod 10276 0x00000220d28d2310 code [0x00000220d28d24a0, 0x00000220d28d2578]

GC Heap History (20 events):
Event: 12.504 GC heap after
{Heap after GC invocations=221 (full 11):
 PSYoungGen      total 3584K, used 416K [0x00000000eab00000, 0x00000000eaf00000, 0x0000000100000000)
  eden space 2560K, 0% used [0x00000000eab00000,0x00000000eab00000,0x00000000ead80000)
  from space 1024K, 40% used [0x00000000ead80000,0x00000000eade8000,0x00000000eae80000)
  to   space 512K, 0% used [0x00000000eae80000,0x00000000eae80000,0x00000000eaf00000)
 ParOldGen       total 346112K, used 319263K [0x00000000c0000000, 0x00000000d5200000, 0x00000000eab00000)
  object space 346112K, 92% used [0x00000000c0000000,0x00000000d37c7c98,0x00000000d5200000)
 Metaspace       used 73880K, committed 75008K, reserved 1179648K
  class space    used 8310K, committed 8832K, reserved 1048576K
}
Event: 12.620 GC heap before
{Heap before GC invocations=222 (full 11):
 PSYoungGen      total 3584K, used 2976K [0x00000000eab00000, 0x00000000eaf00000, 0x0000000100000000)
  eden space 2560K, 100% used [0x00000000eab00000,0x00000000ead80000,0x00000000ead80000)
  from space 1024K, 40% used [0x00000000ead80000,0x00000000eade8000,0x00000000eae80000)
  to   space 512K, 0% used [0x00000000eae80000,0x00000000eae80000,0x00000000eaf00000)
 ParOldGen       total 346112K, used 319263K [0x00000000c0000000, 0x00000000d5200000, 0x00000000eab00000)
  object space 346112K, 92% used [0x00000000c0000000,0x00000000d37c7c98,0x00000000d5200000)
 Metaspace       used 73949K, committed 75200K, reserved 1179648K
  class space    used 8313K, committed 8832K, reserved 1048576K
}
Event: 12.622 GC heap after
{Heap after GC invocations=222 (full 11):
 PSYoungGen      total 3584K, used 256K [0x00000000eab00000, 0x00000000eaf00000, 0x0000000100000000)
  eden space 3072K, 0% used [0x00000000eab00000,0x00000000eab00000,0x00000000eae00000)
  from space 512K, 50% used [0x00000000eae80000,0x00000000eaec0000,0x00000000eaf00000)
  to   space 512K, 0% used [0x00000000eae00000,0x00000000eae00000,0x00000000eae80000)
 ParOldGen       total 346112K, used 319399K [0x00000000c0000000, 0x00000000d5200000, 0x00000000eab00000)
  object space 346112K, 92% used [0x00000000c0000000,0x00000000d37e9c98,0x00000000d5200000)
 Metaspace       used 73949K, committed 75200K, reserved 1179648K
  class space    used 8313K, committed 8832K, reserved 1048576K
}
Event: 12.762 GC heap before
{Heap before GC invocations=223 (full 11):
 PSYoungGen      total 3584K, used 3328K [0x00000000eab00000, 0x00000000eaf00000, 0x0000000100000000)
  eden space 3072K, 100% used [0x00000000eab00000,0x00000000eae00000,0x00000000eae00000)
  from space 512K, 50% used [0x00000000eae80000,0x00000000eaec0000,0x00000000eaf00000)
  to   space 512K, 0% used [0x00000000eae00000,0x00000000eae00000,0x00000000eae80000)
 ParOldGen       total 346112K, used 319399K [0x00000000c0000000, 0x00000000d5200000, 0x00000000eab00000)
  object space 346112K, 92% used [0x00000000c0000000,0x00000000d37e9c98,0x00000000d5200000)
 Metaspace       used 74028K, committed 75200K, reserved 1179648K
  class space    used 8327K, committed 8832K, reserved 1048576K
}
Event: 12.769 GC heap after
{Heap after GC invocations=223 (full 11):
 PSYoungGen      total 3584K, used 507K [0x00000000eab00000, 0x00000000eb080000, 0x0000000100000000)
  eden space 3072K, 0% used [0x00000000eab00000,0x00000000eab00000,0x00000000eae00000)
  from space 512K, 99% used [0x00000000eae00000,0x00000000eae7ef70,0x00000000eae80000)
  to   space 1024K, 0% used [0x00000000eaf80000,0x00000000eaf80000,0x00000000eb080000)
 ParOldGen       total 346112K, used 319675K [0x00000000c0000000, 0x00000000d5200000, 0x00000000eab00000)
  object space 346112K, 92% used [0x00000000c0000000,0x00000000d382ec68,0x00000000d5200000)
 Metaspace       used 74028K, committed 75200K, reserved 1179648K
  class space    used 8327K, committed 8832K, reserved 1048576K
}
Event: 12.894 GC heap before
{Heap before GC invocations=224 (full 11):
 PSYoungGen      total 3584K, used 3579K [0x00000000eab00000, 0x00000000eb080000, 0x0000000100000000)
  eden space 3072K, 100% used [0x00000000eab00000,0x00000000eae00000,0x00000000eae00000)
  from space 512K, 99% used [0x00000000eae00000,0x00000000eae7ef70,0x00000000eae80000)
  to   space 1024K, 0% used [0x00000000eaf80000,0x00000000eaf80000,0x00000000eb080000)
 ParOldGen       total 346112K, used 319675K [0x00000000c0000000, 0x00000000d5200000, 0x00000000eab00000)
  object space 346112K, 92% used [0x00000000c0000000,0x00000000d382ec68,0x00000000d5200000)
 Metaspace       used 74046K, committed 75200K, reserved 1179648K
  class space    used 8327K, committed 8832K, reserved 1048576K
}
Event: 12.899 GC heap after
{Heap after GC invocations=224 (full 11):
 PSYoungGen      total 2560K, used 999K [0x00000000eab00000, 0x00000000eb480000, 0x0000000100000000)
  eden space 1536K, 0% used [0x00000000eab00000,0x00000000eab00000,0x00000000eac80000)
  from space 1024K, 97% used [0x00000000eaf80000,0x00000000eb079fa0,0x00000000eb080000)
  to   space 3072K, 0% used [0x00000000eac80000,0x00000000eac80000,0x00000000eaf80000)
 ParOldGen       total 346112K, used 321061K [0x00000000c0000000, 0x00000000d5200000, 0x00000000eab00000)
  object space 346112K, 92% used [0x00000000c0000000,0x00000000d39895e8,0x00000000d5200000)
 Metaspace       used 74046K, committed 75200K, reserved 1179648K
  class space    used 8327K, committed 8832K, reserved 1048576K
}
Event: 12.942 GC heap before
{Heap before GC invocations=225 (full 11):
 PSYoungGen      total 2560K, used 2535K [0x00000000eab00000, 0x00000000eb480000, 0x0000000100000000)
  eden space 1536K, 100% used [0x00000000eab00000,0x00000000eac80000,0x00000000eac80000)
  from space 1024K, 97% used [0x00000000eaf80000,0x00000000eb079fa0,0x00000000eb080000)
  to   space 3072K, 0% used [0x00000000eac80000,0x00000000eac80000,0x00000000eaf80000)
 ParOldGen       total 346112K, used 321061K [0x00000000c0000000, 0x00000000d5200000, 0x00000000eab00000)
  object space 346112K, 92% used [0x00000000c0000000,0x00000000d39895e8,0x00000000d5200000)
 Metaspace       used 74061K, committed 75200K, reserved 1179648K
  class space    used 8327K, committed 8832K, reserved 1048576K
}
Event: 12.947 GC heap after
{Heap after GC invocations=225 (full 11):
 PSYoungGen      total 3072K, used 1243K [0x00000000eab00000, 0x00000000eb100000, 0x0000000100000000)
  eden space 1536K, 0% used [0x00000000eab00000,0x00000000eab00000,0x00000000eac80000)
  from space 1536K, 80% used [0x00000000eac80000,0x00000000eadb6d50,0x00000000eae00000)
  to   space 2048K, 0% used [0x00000000eaf00000,0x00000000eaf00000,0x00000000eb100000)
 ParOldGen       total 346112K, used 322117K [0x00000000c0000000, 0x00000000d5200000, 0x00000000eab00000)
  object space 346112K, 93% used [0x00000000c0000000,0x00000000d3a91550,0x00000000d5200000)
 Metaspace       used 74061K, committed 75200K, reserved 1179648K
  class space    used 8327K, committed 8832K, reserved 1048576K
}
Event: 13.003 GC heap before
{Heap before GC invocations=226 (full 11):
 PSYoungGen      total 3072K, used 2779K [0x00000000eab00000, 0x00000000eb100000, 0x0000000100000000)
  eden space 1536K, 100% used [0x00000000eab00000,0x00000000eac80000,0x00000000eac80000)
  from space 1536K, 80% used [0x00000000eac80000,0x00000000eadb6d50,0x00000000eae00000)
  to   space 2048K, 0% used [0x00000000eaf00000,0x00000000eaf00000,0x00000000eb100000)
 ParOldGen       total 346112K, used 322117K [0x00000000c0000000, 0x00000000d5200000, 0x00000000eab00000)
  object space 346112K, 93% used [0x00000000c0000000,0x00000000d3a91550,0x00000000d5200000)
 Metaspace       used 74093K, committed 75264K, reserved 1179648K
  class space    used 8327K, committed 8832K, reserved 1048576K
}
Event: 13.008 GC heap after
{Heap after GC invocations=226 (full 11):
 PSYoungGen      total 3584K, used 1947K [0x00000000eab00000, 0x00000000eb200000, 0x0000000100000000)
  eden space 1536K, 0% used [0x00000000eab00000,0x00000000eab00000,0x00000000eac80000)
  from space 2048K, 95% used [0x00000000eaf00000,0x00000000eb0e6d50,0x00000000eb100000)
  to   space 2560K, 0% used [0x00000000eac80000,0x00000000eac80000,0x00000000eaf00000)
 ParOldGen       total 346112K, used 322125K [0x00000000c0000000, 0x00000000d5200000, 0x00000000eab00000)
  object space 346112K, 93% used [0x00000000c0000000,0x00000000d3a93550,0x00000000d5200000)
 Metaspace       used 74093K, committed 75264K, reserved 1179648K
  class space    used 8327K, committed 8832K, reserved 1048576K
}
Event: 13.022 GC heap before
{Heap before GC invocations=227 (full 11):
 PSYoungGen      total 3584K, used 3225K [0x00000000eab00000, 0x00000000eb200000, 0x0000000100000000)
  eden space 1536K, 83% used [0x00000000eab00000,0x00000000eac3f9e0,0x00000000eac80000)
  from space 2048K, 95% used [0x00000000eaf00000,0x00000000eb0e6d50,0x00000000eb100000)
  to   space 2560K, 0% used [0x00000000eac80000,0x00000000eac80000,0x00000000eaf00000)
 ParOldGen       total 346112K, used 322125K [0x00000000c0000000, 0x00000000d5200000, 0x00000000eab00000)
  object space 346112K, 93% used [0x00000000c0000000,0x00000000d3a93550,0x00000000d5200000)
 Metaspace       used 74093K, committed 75264K, reserved 1179648K
  class space    used 8327K, committed 8832K, reserved 1048576K
}
Event: 13.025 GC heap after
{Heap after GC invocations=227 (full 11):
 PSYoungGen      total 4096K, used 2555K [0x00000000eab00000, 0x00000000eb400000, 0x0000000100000000)
  eden space 1536K, 0% used [0x00000000eab00000,0x00000000eab00000,0x00000000eac80000)
  from space 2560K, 99% used [0x00000000eac80000,0x00000000eaefed50,0x00000000eaf00000)
  to   space 3584K, 0% used [0x00000000eb080000,0x00000000eb080000,0x00000000eb400000)
 ParOldGen       total 346112K, used 322461K [0x00000000c0000000, 0x00000000d5200000, 0x00000000eab00000)
  object space 346112K, 93% used [0x00000000c0000000,0x00000000d3ae7550,0x00000000d5200000)
 Metaspace       used 74093K, committed 75264K, reserved 1179648K
  class space    used 8327K, committed 8832K, reserved 1048576K
}
Event: 13.055 GC heap before
{Heap before GC invocations=228 (full 11):
 PSYoungGen      total 4096K, used 3916K [0x00000000eab00000, 0x00000000eb400000, 0x0000000100000000)
  eden space 1536K, 88% used [0x00000000eab00000,0x00000000eac54638,0x00000000eac80000)
  from space 2560K, 99% used [0x00000000eac80000,0x00000000eaefed50,0x00000000eaf00000)
  to   space 3584K, 0% used [0x00000000eb080000,0x00000000eb080000,0x00000000eb400000)
 ParOldGen       total 346112K, used 322461K [0x00000000c0000000, 0x00000000d5200000, 0x00000000eab00000)
  object space 346112K, 93% used [0x00000000c0000000,0x00000000d3ae7550,0x00000000d5200000)
 Metaspace       used 74098K, committed 75264K, reserved 1179648K
  class space    used 8327K, committed 8832K, reserved 1048576K
}
Event: 13.061 GC heap after
{Heap after GC invocations=228 (full 11):
 PSYoungGen      total 4608K, used 2304K [0x00000000eab00000, 0x00000000eb300000, 0x0000000100000000)
  eden space 2048K, 0% used [0x00000000eab00000,0x00000000eab00000,0x00000000ead00000)
  from space 2560K, 90% used [0x00000000eb080000,0x00000000eb2c0000,0x00000000eb300000)
  to   space 2560K, 0% used [0x00000000eae00000,0x00000000eae00000,0x00000000eb080000)
 ParOldGen       total 346112K, used 324056K [0x00000000c0000000, 0x00000000d5200000, 0x00000000eab00000)
  object space 346112K, 93% used [0x00000000c0000000,0x00000000d3c76290,0x00000000d5200000)
 Metaspace       used 74098K, committed 75264K, reserved 1179648K
  class space    used 8327K, committed 8832K, reserved 1048576K
}
Event: 13.127 GC heap before
{Heap before GC invocations=229 (full 11):
 PSYoungGen      total 4608K, used 4352K [0x00000000eab00000, 0x00000000eb300000, 0x0000000100000000)
  eden space 2048K, 100% used [0x00000000eab00000,0x00000000ead00000,0x00000000ead00000)
  from space 2560K, 90% used [0x00000000eb080000,0x00000000eb2c0000,0x00000000eb300000)
  to   space 2560K, 0% used [0x00000000eae00000,0x00000000eae00000,0x00000000eb080000)
 ParOldGen       total 346112K, used 324056K [0x00000000c0000000, 0x00000000d5200000, 0x00000000eab00000)
  object space 346112K, 93% used [0x00000000c0000000,0x00000000d3c76290,0x00000000d5200000)
 Metaspace       used 74110K, committed 75264K, reserved 1179648K
  class space    used 8327K, committed 8832K, reserved 1048576K
}
Event: 13.132 GC heap after
{Heap after GC invocations=229 (full 11):
 PSYoungGen      total 5120K, used 2555K [0x00000000eab00000, 0x00000000eb580000, 0x0000000100000000)
  eden space 2560K, 0% used [0x00000000eab00000,0x00000000eab00000,0x00000000ead80000)
  from space 2560K, 99% used [0x00000000eae00000,0x00000000eb07ed50,0x00000000eb080000)
  to   space 4096K, 0% used [0x00000000eb180000,0x00000000eb180000,0x00000000eb580000)
 ParOldGen       total 346112K, used 325051K [0x00000000c0000000, 0x00000000d5200000, 0x00000000eab00000)
  object space 346112K, 93% used [0x00000000c0000000,0x00000000d3d6ecc0,0x00000000d5200000)
 Metaspace       used 74110K, committed 75264K, reserved 1179648K
  class space    used 8327K, committed 8832K, reserved 1048576K
}
Event: 13.194 GC heap before
{Heap before GC invocations=230 (full 11):
 PSYoungGen      total 5120K, used 5115K [0x00000000eab00000, 0x00000000eb580000, 0x0000000100000000)
  eden space 2560K, 100% used [0x00000000eab00000,0x00000000ead80000,0x00000000ead80000)
  from space 2560K, 99% used [0x00000000eae00000,0x00000000eb07ed50,0x00000000eb080000)
  to   space 4096K, 0% used [0x00000000eb180000,0x00000000eb180000,0x00000000eb580000)
 ParOldGen       total 346112K, used 325051K [0x00000000c0000000, 0x00000000d5200000, 0x00000000eab00000)
  object space 346112K, 93% used [0x00000000c0000000,0x00000000d3d6ecc0,0x00000000d5200000)
 Metaspace       used 74159K, committed 75328K, reserved 1179648K
  class space    used 8334K, committed 8832K, reserved 1048576K
}
Event: 13.198 GC heap after
{Heap after GC invocations=230 (full 11):
 PSYoungGen      total 6656K, used 2879K [0x00000000eab00000, 0x00000000eb500000, 0x0000000100000000)
  eden space 3072K, 0% used [0x00000000eab00000,0x00000000eab00000,0x00000000eae00000)
  from space 3584K, 80% used [0x00000000eb180000,0x00000000eb44fc38,0x00000000eb500000)
  to   space 3584K, 0% used [0x00000000eae00000,0x00000000eae00000,0x00000000eb180000)
 ParOldGen       total 346112K, used 326948K [0x00000000c0000000, 0x00000000d5200000, 0x00000000eab00000)
  object space 346112K, 94% used [0x00000000c0000000,0x00000000d3f491e0,0x00000000d5200000)
 Metaspace       used 74159K, committed 75328K, reserved 1179648K
  class space    used 8334K, committed 8832K, reserved 1048576K
}
Event: 13.225 GC heap before
{Heap before GC invocations=231 (full 11):
 PSYoungGen      total 6656K, used 5934K [0x00000000eab00000, 0x00000000eb500000, 0x0000000100000000)
  eden space 3072K, 99% used [0x00000000eab00000,0x00000000eadfbe50,0x00000000eae00000)
  from space 3584K, 80% used [0x00000000eb180000,0x00000000eb44fc38,0x00000000eb500000)
  to   space 3584K, 0% used [0x00000000eae00000,0x00000000eae00000,0x00000000eb180000)
 ParOldGen       total 346112K, used 326948K [0x00000000c0000000, 0x00000000d5200000, 0x00000000eab00000)
  object space 346112K, 94% used [0x00000000c0000000,0x00000000d3f491e0,0x00000000d5200000)
 Metaspace       used 74276K, committed 75456K, reserved 1179648K
  class space    used 8356K, committed 8832K, reserved 1048576K
}

Dll operation events (15 events):
Event: 0.008 Loaded shared library c:\Users\ASUS\.vscode\extensions\redhat.java-1.38.0-win32-x64\jre\17.0.13-win32-x86_64\bin\java.dll
Event: 0.117 Loaded shared library c:\Users\ASUS\.vscode\extensions\redhat.java-1.38.0-win32-x64\jre\17.0.13-win32-x86_64\bin\zip.dll
Event: 0.120 Loaded shared library C:\Users\ASUS\.vscode\extensions\redhat.java-1.38.0-win32-x64\jre\17.0.13-win32-x86_64\bin\instrument.dll
Event: 0.130 Loaded shared library C:\Users\ASUS\.vscode\extensions\redhat.java-1.38.0-win32-x64\jre\17.0.13-win32-x86_64\bin\net.dll
Event: 0.134 Loaded shared library C:\Users\ASUS\.vscode\extensions\redhat.java-1.38.0-win32-x64\jre\17.0.13-win32-x86_64\bin\nio.dll
Event: 0.141 Loaded shared library C:\Users\ASUS\.vscode\extensions\redhat.java-1.38.0-win32-x64\jre\17.0.13-win32-x86_64\bin\zip.dll
Event: 0.155 Loaded shared library C:\Users\ASUS\.vscode\extensions\redhat.java-1.38.0-win32-x64\jre\17.0.13-win32-x86_64\bin\jimage.dll
Event: 0.223 Loaded shared library c:\Users\ASUS\.vscode\extensions\redhat.java-1.38.0-win32-x64\jre\17.0.13-win32-x86_64\bin\verify.dll
Event: 1.134 Loaded shared library C:\Users\ASUS\AppData\Roaming\Code\User\globalStorage\redhat.java\1.38.0\config_win\org.eclipse.equinox.launcher\org.eclipse.equinox.launcher.win32.win32.x86_64_1.2.1100.v20240722-2106\eclipse_11904.dll
Event: 2.271 Loaded shared library C:\Users\ASUS\AppData\Local\Temp\jna-2018896\jna5417946170123706202.dll
Event: 9.576 Loaded shared library C:\Users\ASUS\.gradle\native\c067742578af261105cb4f569cf0c3c89f3d7b1fecec35dd04571415982c5e48\windows-amd64\native-platform.dll
Event: 10.812 Loaded shared library C:\Users\ASUS\.vscode\extensions\redhat.java-1.38.0-win32-x64\jre\17.0.13-win32-x86_64\bin\management.dll
Event: 10.816 Loaded shared library C:\Users\ASUS\.vscode\extensions\redhat.java-1.38.0-win32-x64\jre\17.0.13-win32-x86_64\bin\management_ext.dll
Event: 12.057 Loaded shared library C:\Users\ASUS\.vscode\extensions\redhat.java-1.38.0-win32-x64\jre\17.0.13-win32-x86_64\bin\extnet.dll
Event: 12.182 Loaded shared library C:\Users\ASUS\.vscode\extensions\redhat.java-1.38.0-win32-x64\jre\17.0.13-win32-x86_64\bin\sunmscapi.dll

Deoptimization events (20 events):
Event: 13.206 Thread 0x00000220e72cc420 Uncommon trap: trap_request=0xffffffde fr.pc=0x00000220d28af434 relative=0x0000000000000454
Event: 13.206 Thread 0x00000220e72cc420 Uncommon trap: reason=class_check action=maybe_recompile pc=0x00000220d28af434 method=java.io.ObjectInputStream$PeekInputStream.read([BII)I @ 20 c2
Event: 13.206 Thread 0x00000220e72cc420 DEOPT PACKING pc=0x00000220d28af434 sp=0x00000043215fe4f0
Event: 13.206 Thread 0x00000220e72cc420 DEOPT UNPACKING pc=0x00000220d1ac66a3 sp=0x00000043215fe4c0 mode 2
Event: 13.206 Thread 0x00000220e72cc420 Uncommon trap: trap_request=0xffffffde fr.pc=0x00000220d28b4dc4 relative=0x0000000000000304
Event: 13.206 Thread 0x00000220e72cc420 Uncommon trap: reason=class_check action=maybe_recompile pc=0x00000220d28b4dc4 method=java.io.ObjectInputStream$PeekInputStream.peek()I @ 17 c2
Event: 13.206 Thread 0x00000220e72cc420 DEOPT PACKING pc=0x00000220d28b4dc4 sp=0x00000043215fe510
Event: 13.206 Thread 0x00000220e72cc420 DEOPT UNPACKING pc=0x00000220d1ac66a3 sp=0x00000043215fe4f0 mode 2
Event: 13.206 Thread 0x00000220e72cc420 Uncommon trap: trap_request=0xffffffde fr.pc=0x00000220d28b5838 relative=0x00000000000002f8
Event: 13.206 Thread 0x00000220e72cc420 Uncommon trap: reason=class_check action=maybe_recompile pc=0x00000220d28b5838 method=java.io.ObjectInputStream$PeekInputStream.peek()I @ 17 c2
Event: 13.206 Thread 0x00000220e72cc420 DEOPT PACKING pc=0x00000220d28b5838 sp=0x00000043215fe5f0
Event: 13.206 Thread 0x00000220e72cc420 DEOPT UNPACKING pc=0x00000220d1ac66a3 sp=0x00000043215fe570 mode 2
Event: 13.206 Thread 0x00000220e72cc420 Uncommon trap: trap_request=0xffffffde fr.pc=0x00000220d28b4dc4 relative=0x0000000000000304
Event: 13.206 Thread 0x00000220e72cc420 Uncommon trap: reason=class_check action=maybe_recompile pc=0x00000220d28b4dc4 method=java.io.ObjectInputStream$PeekInputStream.peek()I @ 17 c2
Event: 13.206 Thread 0x00000220e72cc420 DEOPT PACKING pc=0x00000220d28b4dc4 sp=0x00000043215fd9e0
Event: 13.206 Thread 0x00000220e72cc420 DEOPT UNPACKING pc=0x00000220d1ac66a3 sp=0x00000043215fd9c0 mode 2
Event: 13.206 Thread 0x00000220e72cc420 Uncommon trap: trap_request=0xffffffde fr.pc=0x00000220d28ca154 relative=0x0000000000001ef4
Event: 13.206 Thread 0x00000220e72cc420 Uncommon trap: reason=class_check action=maybe_recompile pc=0x00000220d28ca154 method=java.io.ObjectInputStream$PeekInputStream.peek()I @ 17 c2
Event: 13.206 Thread 0x00000220e72cc420 DEOPT PACKING pc=0x00000220d28ca154 sp=0x00000043215fdc30
Event: 13.206 Thread 0x00000220e72cc420 DEOPT UNPACKING pc=0x00000220d1ac66a3 sp=0x00000043215fdae8 mode 2

Classes loaded (20 events):
Event: 12.266 Loading class java/lang/UnsupportedClassVersionError
Event: 12.266 Loading class java/lang/UnsupportedClassVersionError done
Event: 12.270 Loading class java/io/ObjectStreamClass$1
Event: 12.270 Loading class java/io/ObjectStreamClass$1 done
Event: 12.270 Loading class java/io/ObjectStreamClass$MemberSignature
Event: 12.270 Loading class java/io/ObjectStreamClass$MemberSignature done
Event: 12.270 Loading class java/io/ObjectStreamClass$3
Event: 12.270 Loading class java/io/ObjectStreamClass$3 done
Event: 12.270 Loading class java/io/ObjectStreamClass$4
Event: 12.271 Loading class java/io/ObjectStreamClass$4 done
Event: 12.271 Loading class java/io/ObjectStreamClass$5
Event: 12.271 Loading class java/io/ObjectStreamClass$5 done
Event: 12.632 Loading class java/time/Ser
Event: 12.632 Loading class java/time/Ser done
Event: 13.217 Loading class java/util/Collections$SynchronizedRandomAccessList
Event: 13.217 Loading class java/util/Collections$SynchronizedList
Event: 13.217 Loading class java/util/Collections$SynchronizedList done
Event: 13.217 Loading class java/util/Collections$SynchronizedRandomAccessList done
Event: 13.220 Loading class java/util/concurrent/CompletableFuture$Signaller
Event: 13.220 Loading class java/util/concurrent/CompletableFuture$Signaller done

Classes unloaded (18 events):
Event: 3.321 Thread 0x00000220c7a197f0 Unloading class 0x000000010025c400 'java/lang/invoke/LambdaForm$MH+0x000000010025c400'
Event: 3.321 Thread 0x00000220c7a197f0 Unloading class 0x000000010025c000 'java/lang/invoke/LambdaForm$MH+0x000000010025c000'
Event: 3.321 Thread 0x00000220c7a197f0 Unloading class 0x000000010025bc00 'java/lang/invoke/LambdaForm$MH+0x000000010025bc00'
Event: 3.321 Thread 0x00000220c7a197f0 Unloading class 0x000000010025b800 'java/lang/invoke/LambdaForm$MH+0x000000010025b800'
Event: 3.321 Thread 0x00000220c7a197f0 Unloading class 0x000000010025b400 'java/lang/invoke/LambdaForm$BMH+0x000000010025b400'
Event: 3.321 Thread 0x00000220c7a197f0 Unloading class 0x000000010025b000 'java/lang/invoke/LambdaForm$DMH+0x000000010025b000'
Event: 3.321 Thread 0x00000220c7a197f0 Unloading class 0x0000000100258800 'java/lang/invoke/LambdaForm$DMH+0x0000000100258800'
Event: 5.764 Thread 0x00000220c7a197f0 Unloading class 0x0000000100488800 'java/lang/invoke/LambdaForm$MH+0x0000000100488800'
Event: 5.764 Thread 0x00000220c7a197f0 Unloading class 0x0000000100485c00 'java/lang/invoke/LambdaForm$MH+0x0000000100485c00'
Event: 5.764 Thread 0x00000220c7a197f0 Unloading class 0x0000000100485400 'java/lang/invoke/LambdaForm$MH+0x0000000100485400'
Event: 5.764 Thread 0x00000220c7a197f0 Unloading class 0x0000000100484c00 'java/lang/invoke/LambdaForm$MH+0x0000000100484c00'
Event: 5.764 Thread 0x00000220c7a197f0 Unloading class 0x0000000100484400 'java/lang/invoke/LambdaForm$DMH+0x0000000100484400'
Event: 5.764 Thread 0x00000220c7a197f0 Unloading class 0x0000000100483c00 'java/lang/invoke/LambdaForm$MH+0x0000000100483c00'
Event: 5.764 Thread 0x00000220c7a197f0 Unloading class 0x0000000100483400 'java/lang/invoke/LambdaForm$MH+0x0000000100483400'
Event: 5.764 Thread 0x00000220c7a197f0 Unloading class 0x000000010047b400 'java/lang/invoke/LambdaForm$MH+0x000000010047b400'
Event: 5.764 Thread 0x00000220c7a197f0 Unloading class 0x000000010047ac00 'java/lang/invoke/LambdaForm$MH+0x000000010047ac00'
Event: 5.764 Thread 0x00000220c7a197f0 Unloading class 0x000000010047a400 'java/lang/invoke/LambdaForm$MH+0x000000010047a400'
Event: 5.764 Thread 0x00000220c7a197f0 Unloading class 0x0000000100479c00 'java/lang/invoke/LambdaForm$MH+0x0000000100479c00'

Classes redefined (0 events):
No events

Internal exceptions (20 events):
Event: 11.407 Thread 0x00000220f18546b0 Exception <a 'java/lang/NoSuchMethodError'{0x00000000eadffa30}: 'void java.lang.invoke.DirectMethodHandle$Holder.invokeSpecial(java.lang.Object, java.lang.Object, int)'> (0x00000000eadffa30) 
thrown [s\src\hotspot\share\interpreter\linkResolver.cpp, line 759]
Event: 11.408 Thread 0x00000220f18546b0 Exception <a 'java/lang/NoSuchMethodError'{0x00000000eae0e1e8}: 'java.lang.Object java.lang.invoke.DirectMethodHandle$Holder.newInvokeSpecial(java.lang.Object, java.lang.Object, int)'> (0x00000000eae0e1e8) 
thrown [s\src\hotspot\share\interpreter\linkResolver.cpp, line 759]
Event: 12.270 Thread 0x00000220e72cc420 Exception <a 'java/lang/NoSuchMethodError'{0x00000000eacc1a90}: static Lorg/gradle/internal/build/event/types/AbstractProgressEvent;.<clinit>()V> (0x00000000eacc1a90) 
thrown [s\src\hotspot\share\prims\jni.cpp, line 1112]
Event: 12.272 Thread 0x00000220e72cc420 Exception <a 'java/lang/NoSuchMethodError'{0x00000000eacdc1a8}: static Lorg/gradle/internal/build/event/types/DefaultOperationStartedProgressEvent;.<clinit>()V> (0x00000000eacdc1a8) 
thrown [s\src\hotspot\share\prims\jni.cpp, line 1112]
Event: 12.275 Thread 0x00000220e72cc420 Exception <a 'java/lang/NoSuchMethodError'{0x00000000ead140f0}: static Lorg/gradle/internal/build/event/types/DefaultOperationDescriptor;.<clinit>()V> (0x00000000ead140f0) 
thrown [s\src\hotspot\share\prims\jni.cpp, line 1112]
Event: 12.276 Thread 0x00000220e72cc420 Exception <a 'java/lang/NoSuchMethodError'{0x00000000ead288c8}: static Lorg/gradle/internal/operations/OperationIdentifier;.<clinit>()V> (0x00000000ead288c8) 
thrown [s\src\hotspot\share\prims\jni.cpp, line 1112]
Event: 12.291 Thread 0x00000220e72cc420 Exception <a 'java/lang/NoSuchMethodError'{0x00000000eab78bb8}: static Lorg/gradle/internal/build/event/types/DefaultOperationFinishedProgressEvent;.<clinit>()V> (0x00000000eab78bb8) 
thrown [s\src\hotspot\share\prims\jni.cpp, line 1112]
Event: 12.293 Thread 0x00000220e72cc420 Exception <a 'java/lang/NoSuchMethodError'{0x00000000eab96c08}: static Lorg/gradle/internal/build/event/types/AbstractResult;.<clinit>()V> (0x00000000eab96c08) 
thrown [s\src\hotspot\share\prims\jni.cpp, line 1112]
Event: 12.294 Thread 0x00000220e72cc420 Exception <a 'java/lang/NoSuchMethodError'{0x00000000eabad460}: static Lorg/gradle/internal/build/event/types/AbstractOperationResult;.<clinit>()V> (0x00000000eabad460) 
thrown [s\src\hotspot\share\prims\jni.cpp, line 1112]
Event: 12.295 Thread 0x00000220e72cc420 Exception <a 'java/lang/NoSuchMethodError'{0x00000000eabc6610}: static Lorg/gradle/internal/build/event/types/DefaultSuccessResult;.<clinit>()V> (0x00000000eabc6610) 
thrown [s\src\hotspot\share\prims\jni.cpp, line 1112]
Event: 12.335 Thread 0x00000220e72cc420 Exception <a 'java/lang/NoSuchMethodError'{0x00000000ead5d498}: static Lorg/gradle/internal/build/event/types/DefaultBuildPhaseDescriptor;.<clinit>()V> (0x00000000ead5d498) 
thrown [s\src\hotspot\share\prims\jni.cpp, line 1112]
Event: 12.369 Thread 0x00000220e72cc420 Exception <a 'java/lang/NoSuchMethodError'{0x00000000eab67418}: static Lorg/gradle/internal/build/event/types/DefaultProjectConfigurationDescriptor;.<clinit>()V> (0x00000000eab67418) 
thrown [s\src\hotspot\share\prims\jni.cpp, line 1112]
Event: 12.619 Thread 0x00000220e72cc420 Exception <a 'java/lang/NoSuchMethodError'{0x00000000ead74a90}: static Lorg/gradle/internal/build/event/types/AbstractProjectConfigurationResult;.<clinit>()V> (0x00000000ead74a90) 
thrown [s\src\hotspot\share\prims\jni.cpp, line 1112]
Event: 12.625 Thread 0x00000220e72cc420 Exception <a 'java/lang/NoSuchMethodError'{0x00000000eab04598}: static Lorg/gradle/internal/build/event/types/DefaultProjectConfigurationSuccessResult;.<clinit>()V> (0x00000000eab04598) 
thrown [s\src\hotspot\share\prims\jni.cpp, line 1112]
Event: 12.629 Thread 0x00000220e72cc420 Exception <a 'java/lang/NoSuchMethodError'{0x00000000eab3db98}: static Lorg/gradle/internal/build/event/types/DefaultPluginApplicationResult;.<clinit>()V> (0x00000000eab3db98) 
thrown [s\src\hotspot\share\prims\jni.cpp, line 1112]
Event: 12.632 Thread 0x00000220e72cc420 Exception <a 'java/lang/NoSuchMethodError'{0x00000000eab5d248}: static Lorg/gradle/internal/build/event/types/DefaultBinaryPluginIdentifier;.<clinit>()V> (0x00000000eab5d248) 
thrown [s\src\hotspot\share\prims\jni.cpp, line 1112]
Event: 12.634 Thread 0x00000220e72cc420 Exception <a 'java/lang/NoSuchMethodError'{0x00000000eab82618}: static Lorg/gradle/internal/build/event/types/DefaultScriptPluginIdentifier;.<clinit>()V> (0x00000000eab82618) 
thrown [s\src\hotspot\share\prims\jni.cpp, line 1112]
Event: 13.193 Thread 0x00000220e72cc420 Exception <a 'java/lang/NoSuchMethodError'{0x00000000ead6df40}: static Lorg/gradle/tooling/internal/provider/serialization/ClassLoaderDetails;.<clinit>()V> (0x00000000ead6df40) 
thrown [s\src\hotspot\share\prims\jni.cpp, line 1112]
Event: 13.194 Thread 0x00000220e72cc420 Exception <a 'java/lang/NoSuchMethodError'{0x00000000ead7d020}: static Lorg/gradle/internal/classloader/ClassLoaderSpec;.<clinit>()V> (0x00000000ead7d020) 
thrown [s\src\hotspot\share\prims\jni.cpp, line 1112]
Event: 13.199 Thread 0x00000220e72cc420 Exception <a 'java/lang/NoSuchMethodError'{0x00000000eab185f0}: static Lorg/gradle/tooling/internal/provider/serialization/WellKnownClassLoaderRegistry$KnownClassLoaderSpec;.<clinit>()V> (0x00000000eab185f0) 
thrown [s\src\hotspot\share\prims\jni.cpp, line 1112]

VM Operations (20 events):
Event: 12.769 Executing VM operation: ParallelGCFailedAllocation done
Event: 12.893 Executing VM operation: ParallelGCFailedAllocation
Event: 12.899 Executing VM operation: ParallelGCFailedAllocation done
Event: 12.942 Executing VM operation: ParallelGCFailedAllocation
Event: 12.947 Executing VM operation: ParallelGCFailedAllocation done
Event: 13.003 Executing VM operation: ParallelGCFailedAllocation
Event: 13.008 Executing VM operation: ParallelGCFailedAllocation done
Event: 13.022 Executing VM operation: ParallelGCFailedAllocation
Event: 13.025 Executing VM operation: ParallelGCFailedAllocation done
Event: 13.055 Executing VM operation: ParallelGCFailedAllocation
Event: 13.061 Executing VM operation: ParallelGCFailedAllocation done
Event: 13.127 Executing VM operation: ParallelGCFailedAllocation
Event: 13.132 Executing VM operation: ParallelGCFailedAllocation done
Event: 13.145 Executing VM operation: HandshakeAllThreads
Event: 13.145 Executing VM operation: HandshakeAllThreads done
Event: 13.194 Executing VM operation: ParallelGCFailedAllocation
Event: 13.198 Executing VM operation: ParallelGCFailedAllocation done
Event: 13.205 Executing VM operation: HandshakeAllThreads
Event: 13.205 Executing VM operation: HandshakeAllThreads done
Event: 13.225 Executing VM operation: ParallelGCFailedAllocation

Memory protections (0 events):
No events

Nmethod flushes (20 events):
Event: 7.315 Thread 0x00000220e0bd1980 flushing  nmethod 0x00000220cb3e0690
Event: 7.315 Thread 0x00000220e0bd1980 flushing  nmethod 0x00000220cb3e7690
Event: 7.315 Thread 0x00000220e0bd1980 flushing  nmethod 0x00000220cb3f2590
Event: 7.315 Thread 0x00000220e0bd1980 flushing  nmethod 0x00000220cb41a810
Event: 7.315 Thread 0x00000220e0bd1980 flushing  nmethod 0x00000220cb49c210
Event: 7.315 Thread 0x00000220e0bd1980 flushing  nmethod 0x00000220cb49cd90
Event: 7.315 Thread 0x00000220e0bd1980 flushing  nmethod 0x00000220cb49d610
Event: 7.316 Thread 0x00000220e0bd1980 flushing  nmethod 0x00000220cb516790
Event: 7.316 Thread 0x00000220e0bd1980 flushing  nmethod 0x00000220cb51f290
Event: 7.316 Thread 0x00000220e0bd1980 flushing  nmethod 0x00000220cb51f790
Event: 7.316 Thread 0x00000220e0bd1980 flushing  nmethod 0x00000220cb521210
Event: 7.316 Thread 0x00000220e0bd1980 flushing  nmethod 0x00000220cb532490
Event: 7.316 Thread 0x00000220e0bd1980 flushing  nmethod 0x00000220cb5a4c90
Event: 7.316 Thread 0x00000220e0bd1980 flushing  nmethod 0x00000220cb5a6310
Event: 7.316 Thread 0x00000220e0bd1980 flushing  nmethod 0x00000220cb5ba810
Event: 7.316 Thread 0x00000220e0bd1980 flushing  nmethod 0x00000220cb5d6510
Event: 10.283 Thread 0x00000220e0bd1980 flushing  nmethod 0x00000220d2375e90
Event: 10.288 Thread 0x00000220e0bd1980 flushing  nmethod 0x00000220caaef710
Event: 10.290 Thread 0x00000220e0bd1980 flushing  nmethod 0x00000220cafd4a10
Event: 10.294 Thread 0x00000220e0bd1980 flushing  nmethod 0x00000220cb2c1090

Events (20 events):
Event: 11.427 Thread 0x00000220f18592a0 Thread exited: 0x00000220f18592a0
Event: 11.438 Thread 0x00000220e0ea62e0 Thread added: 0x00000220e9d5c1b0
Event: 11.440 Thread 0x00000220e38facf0 Thread added: 0x00000220e72cbf10
Event: 11.460 Thread 0x00000220e38facf0 Thread added: 0x00000220e72cc420
Event: 11.464 Thread 0x00000220e0bc68d0 Thread added: 0x00000220e9d5d6f0
Event: 11.470 Thread 0x00000220e0bc68d0 Thread added: 0x00000220e9d5a1d0
Event: 11.471 Thread 0x00000220e0bc68d0 Thread added: 0x00000220e9d5dc40
Event: 11.759 Thread 0x00000220e72cc420 Thread added: 0x00000220e72cb4f0
Event: 12.020 Thread 0x00000220e9d5dc40 Thread exited: 0x00000220e9d5dc40
Event: 12.059 Thread 0x00000220e9d5a1d0 Thread exited: 0x00000220e9d5a1d0
Event: 12.059 Thread 0x00000220e9d5d6f0 Thread exited: 0x00000220e9d5d6f0
Event: 12.059 Thread 0x00000220e9d5c1b0 Thread exited: 0x00000220e9d5c1b0
Event: 12.250 Thread 0x00000220e72cc420 Thread added: 0x00000220e72cdd70
Event: 12.252 Thread 0x00000220e72cdd70 Thread exited: 0x00000220e72cdd70
Event: 12.253 Thread 0x00000220e72cc420 Thread added: 0x00000220e72cd350
Event: 12.458 Thread 0x00000220e0bc0f70 Thread added: 0x00000220e9d5d6f0
Event: 12.460 Thread 0x00000220e0ea62e0 Thread added: 0x00000220e9d5ac70
Event: 13.201 Thread 0x00000220e72cd350 Thread exited: 0x00000220e72cd350
Event: 13.202 Thread 0x00000220e72cb4f0 Thread exited: 0x00000220e72cb4f0
Event: 13.208 Thread 0x00000220e72cc420 Thread exited: 0x00000220e72cc420


Dynamic libraries:
0x00007ff65ec50000 - 0x00007ff65ec5e000 	c:\Users\ASUS\.vscode\extensions\redhat.java-1.38.0-win32-x64\jre\17.0.13-win32-x86_64\bin\java.exe
0x00007ff8e27d0000 - 0x00007ff8e29e7000 	C:\WINDOWS\SYSTEM32\ntdll.dll
0x00007ff8e21f0000 - 0x00007ff8e22b4000 	C:\WINDOWS\System32\KERNEL32.DLL
0x00007ff8dfd30000 - 0x00007ff8e00ea000 	C:\WINDOWS\System32\KERNELBASE.dll
0x00007ff8dfad0000 - 0x00007ff8dfbe1000 	C:\WINDOWS\System32\ucrtbase.dll
0x00007ff8cde20000 - 0x00007ff8cde3e000 	c:\Users\ASUS\.vscode\extensions\redhat.java-1.38.0-win32-x64\jre\17.0.13-win32-x86_64\bin\VCRUNTIME140.dll
0x00007ff8cde40000 - 0x00007ff8cde57000 	c:\Users\ASUS\.vscode\extensions\redhat.java-1.38.0-win32-x64\jre\17.0.13-win32-x86_64\bin\jli.dll
0x00007ff8e06f0000 - 0x00007ff8e089e000 	C:\WINDOWS\System32\USER32.dll
0x00007ff8dfaa0000 - 0x00007ff8dfac6000 	C:\WINDOWS\System32\win32u.dll
0x00007ff8d27d0000 - 0x00007ff8d2a62000 	C:\WINDOWS\WinSxS\amd64_microsoft.windows.common-controls_6595b64144ccf1df_6.0.22621.4541_none_2710d1c57384c085\COMCTL32.dll
0x00007ff8e05a0000 - 0x00007ff8e05c9000 	C:\WINDOWS\System32\GDI32.dll
0x00007ff8e1610000 - 0x00007ff8e16b7000 	C:\WINDOWS\System32\msvcrt.dll
0x00007ff8e00f0000 - 0x00007ff8e020b000 	C:\WINDOWS\System32\gdi32full.dll
0x00007ff8e0290000 - 0x00007ff8e032a000 	C:\WINDOWS\System32\msvcp_win.dll
0x00007ff8e0b00000 - 0x00007ff8e0b31000 	C:\WINDOWS\System32\IMM32.DLL
0x00007ff8dbe40000 - 0x00007ff8dbe4c000 	c:\Users\ASUS\.vscode\extensions\redhat.java-1.38.0-win32-x64\jre\17.0.13-win32-x86_64\bin\vcruntime140_1.dll
0x00007ff8a5990000 - 0x00007ff8a5a1d000 	c:\Users\ASUS\.vscode\extensions\redhat.java-1.38.0-win32-x64\jre\17.0.13-win32-x86_64\bin\msvcp140.dll
0x00007ff86be30000 - 0x00007ff86ca9b000 	c:\Users\ASUS\.vscode\extensions\redhat.java-1.38.0-win32-x64\jre\17.0.13-win32-x86_64\bin\server\jvm.dll
0x00007ff8e16c0000 - 0x00007ff8e1772000 	C:\WINDOWS\System32\ADVAPI32.dll
0x00007ff8e1e40000 - 0x00007ff8e1ee7000 	C:\WINDOWS\System32\sechost.dll
0x00007ff8e04a0000 - 0x00007ff8e04c8000 	C:\WINDOWS\System32\bcrypt.dll
0x00007ff8e05d0000 - 0x00007ff8e06e4000 	C:\WINDOWS\System32\RPCRT4.dll
0x00007ff8e08c0000 - 0x00007ff8e0931000 	C:\WINDOWS\System32\WS2_32.dll
0x00007ff8df970000 - 0x00007ff8df9bd000 	C:\WINDOWS\SYSTEM32\POWRPROF.dll
0x00007ff8d8470000 - 0x00007ff8d84a4000 	C:\WINDOWS\SYSTEM32\WINMM.dll
0x00007ff8d9800000 - 0x00007ff8d980a000 	C:\WINDOWS\SYSTEM32\VERSION.dll
0x00007ff8df950000 - 0x00007ff8df963000 	C:\WINDOWS\SYSTEM32\UMPDC.dll
0x00007ff8deae0000 - 0x00007ff8deaf8000 	C:\WINDOWS\SYSTEM32\kernel.appcore.dll
0x00007ff8cf390000 - 0x00007ff8cf39a000 	c:\Users\ASUS\.vscode\extensions\redhat.java-1.38.0-win32-x64\jre\17.0.13-win32-x86_64\bin\jimage.dll
0x00007ff8d8a10000 - 0x00007ff8d8c42000 	C:\WINDOWS\SYSTEM32\DBGHELP.DLL
0x00007ff8e2350000 - 0x00007ff8e26df000 	C:\WINDOWS\System32\combase.dll
0x00007ff8e0b40000 - 0x00007ff8e0c17000 	C:\WINDOWS\System32\OLEAUT32.dll
0x00007ff8d7ad0000 - 0x00007ff8d7b02000 	C:\WINDOWS\SYSTEM32\dbgcore.DLL
0x00007ff8e0210000 - 0x00007ff8e028b000 	C:\WINDOWS\System32\bcryptPrimitives.dll
0x00007ff8cf2d0000 - 0x00007ff8cf2de000 	c:\Users\ASUS\.vscode\extensions\redhat.java-1.38.0-win32-x64\jre\17.0.13-win32-x86_64\bin\instrument.dll
0x00007ff8cca90000 - 0x00007ff8ccab5000 	c:\Users\ASUS\.vscode\extensions\redhat.java-1.38.0-win32-x64\jre\17.0.13-win32-x86_64\bin\java.dll
0x00007ff8cda50000 - 0x00007ff8cda68000 	c:\Users\ASUS\.vscode\extensions\redhat.java-1.38.0-win32-x64\jre\17.0.13-win32-x86_64\bin\zip.dll
0x00007ff8e0d90000 - 0x00007ff8e1608000 	C:\WINDOWS\System32\SHELL32.dll
0x00007ff8dd9e0000 - 0x00007ff8de2e8000 	C:\WINDOWS\SYSTEM32\windows.storage.dll
0x00007ff8dd8a0000 - 0x00007ff8dd9df000 	C:\WINDOWS\SYSTEM32\wintypes.dll
0x00007ff8e20f0000 - 0x00007ff8e21ea000 	C:\WINDOWS\System32\SHCORE.dll
0x00007ff8e0540000 - 0x00007ff8e059e000 	C:\WINDOWS\System32\shlwapi.dll
0x00007ff8df9d0000 - 0x00007ff8df9fb000 	C:\WINDOWS\SYSTEM32\profapi.dll
0x00007ff8cc410000 - 0x00007ff8cc429000 	C:\Users\ASUS\.vscode\extensions\redhat.java-1.38.0-win32-x64\jre\17.0.13-win32-x86_64\bin\net.dll
0x00007ff8dca20000 - 0x00007ff8dcb56000 	C:\WINDOWS\SYSTEM32\WINHTTP.dll
0x00007ff8def60000 - 0x00007ff8defc9000 	C:\WINDOWS\system32\mswsock.dll
0x00007ff8cc3f0000 - 0x00007ff8cc406000 	C:\Users\ASUS\.vscode\extensions\redhat.java-1.38.0-win32-x64\jre\17.0.13-win32-x86_64\bin\nio.dll
0x00007ff8cf230000 - 0x00007ff8cf240000 	c:\Users\ASUS\.vscode\extensions\redhat.java-1.38.0-win32-x64\jre\17.0.13-win32-x86_64\bin\verify.dll
0x00007ff8af230000 - 0x00007ff8af275000 	C:\Users\ASUS\AppData\Roaming\Code\User\globalStorage\redhat.java\1.38.0\config_win\org.eclipse.equinox.launcher\org.eclipse.equinox.launcher.win32.win32.x86_64_1.2.1100.v20240722-2106\eclipse_11904.dll
0x00007ff8e1f40000 - 0x00007ff8e20e5000 	C:\WINDOWS\System32\ole32.dll
0x00007ff8df1c0000 - 0x00007ff8df1db000 	C:\WINDOWS\SYSTEM32\CRYPTSP.dll
0x00007ff8dea40000 - 0x00007ff8dea75000 	C:\WINDOWS\system32\rsaenh.dll
0x00007ff8df050000 - 0x00007ff8df078000 	C:\WINDOWS\SYSTEM32\USERENV.dll
0x00007ff8df1b0000 - 0x00007ff8df1bc000 	C:\WINDOWS\SYSTEM32\CRYPTBASE.dll
0x00007ff8de550000 - 0x00007ff8de57d000 	C:\WINDOWS\SYSTEM32\IPHLPAPI.DLL
0x00007ff8e1780000 - 0x00007ff8e1789000 	C:\WINDOWS\System32\NSI.dll
0x00007ff8dc150000 - 0x00007ff8dc169000 	C:\WINDOWS\SYSTEM32\dhcpcsvc6.DLL
0x00007ff8dc080000 - 0x00007ff8dc09f000 	C:\WINDOWS\SYSTEM32\dhcpcsvc.DLL
0x00007ff8de580000 - 0x00007ff8de682000 	C:\WINDOWS\SYSTEM32\DNSAPI.dll
0x00007ff89e4e0000 - 0x00007ff89e529000 	C:\Users\ASUS\AppData\Local\Temp\jna-2018896\jna5417946170123706202.dll
0x00007ff8e26e0000 - 0x00007ff8e26e8000 	C:\WINDOWS\System32\PSAPI.DLL
0x00007ff8a9e60000 - 0x00007ff8a9e87000 	C:\Users\ASUS\.gradle\native\c067742578af261105cb4f569cf0c3c89f3d7b1fecec35dd04571415982c5e48\windows-amd64\native-platform.dll
0x00007ff8cf1d0000 - 0x00007ff8cf1da000 	C:\Users\ASUS\.vscode\extensions\redhat.java-1.38.0-win32-x64\jre\17.0.13-win32-x86_64\bin\management.dll
0x00007ff8cf190000 - 0x00007ff8cf19b000 	C:\Users\ASUS\.vscode\extensions\redhat.java-1.38.0-win32-x64\jre\17.0.13-win32-x86_64\bin\management_ext.dll
0x00007ff8ceab0000 - 0x00007ff8ceab9000 	C:\Users\ASUS\.vscode\extensions\redhat.java-1.38.0-win32-x64\jre\17.0.13-win32-x86_64\bin\extnet.dll
0x00007ff8cee50000 - 0x00007ff8cee5e000 	C:\Users\ASUS\.vscode\extensions\redhat.java-1.38.0-win32-x64\jre\17.0.13-win32-x86_64\bin\sunmscapi.dll
0x00007ff8e0330000 - 0x00007ff8e0496000 	C:\WINDOWS\System32\CRYPT32.dll
0x00007ff8df370000 - 0x00007ff8df39d000 	C:\WINDOWS\SYSTEM32\ncrypt.dll
0x00007ff8df330000 - 0x00007ff8df367000 	C:\WINDOWS\SYSTEM32\NTASN1.dll
0x00007ff8d2d90000 - 0x00007ff8d2d98000 	C:\WINDOWS\system32\wshunix.dll

dbghelp: loaded successfully - version: 4.0.5 - missing functions: none
symbol engine: initialized successfully - sym options: 0x614 - pdb path: .;c:\Users\ASUS\.vscode\extensions\redhat.java-1.38.0-win32-x64\jre\17.0.13-win32-x86_64\bin;C:\WINDOWS\SYSTEM32;C:\WINDOWS\WinSxS\amd64_microsoft.windows.common-controls_6595b64144ccf1df_6.0.22621.4541_none_2710d1c57384c085;c:\Users\ASUS\.vscode\extensions\redhat.java-1.38.0-win32-x64\jre\17.0.13-win32-x86_64\bin\server;C:\Users\ASUS\AppData\Roaming\Code\User\globalStorage\redhat.java\1.38.0\config_win\org.eclipse.equinox.launcher\org.eclipse.equinox.launcher.win32.win32.x86_64_1.2.1100.v20240722-2106;C:\Users\ASUS\AppData\Local\Temp\jna-2018896;C:\Users\ASUS\.gradle\native\c067742578af261105cb4f569cf0c3c89f3d7b1fecec35dd04571415982c5e48\windows-amd64

VM Arguments:
jvm_args: --add-modules=ALL-SYSTEM --add-opens=java.base/java.util=ALL-UNNAMED --add-opens=java.base/java.lang=ALL-UNNAMED --add-opens=java.base/sun.nio.fs=ALL-UNNAMED -Declipse.application=org.eclipse.jdt.ls.core.id1 -Dosgi.bundles.defaultStartLevel=4 -Declipse.product=org.eclipse.jdt.ls.core.product -Djava.import.generatesMetadataFilesAtProjectRoot=false -DDetectVMInstallationsJob.disabled=true -Dfile.encoding=utf8 -XX:+UseParallelGC -XX:GCTimeRatio=4 -XX:AdaptiveSizePolicyWeight=90 -Dsun.zip.disableMemoryMapping=true -Xmx1G -Xms100m -Xlog:disable -javaagent:c:\Users\ASUS\.vscode\extensions\redhat.java-1.38.0-win32-x64\lombok\lombok-1.18.34.jar -XX:+HeapDumpOnOutOfMemoryError -XX:HeapDumpPath=c:\Users\ASUS\AppData\Roaming\Code\User\workspaceStorage\9fdc986f79f7f5afd451b576530659b4\redhat.java -Daether.dependencyCollector.impl=bf 
java_command: c:\Users\ASUS\.vscode\extensions\redhat.java-1.38.0-win32-x64\server\plugins\org.eclipse.equinox.launcher_1.6.900.v20240613-2009.jar -configuration c:\Users\ASUS\AppData\Roaming\Code\User\globalStorage\redhat.java\1.38.0\config_win -data c:\Users\ASUS\AppData\Roaming\Code\User\workspaceStorage\9fdc986f79f7f5afd451b576530659b4\redhat.java\jdt_ws --pipe=\\.\pipe\lsp-643d835fd7e6be260421003c2d94cc1b-sock
java_class_path (initial): c:\Users\ASUS\.vscode\extensions\redhat.java-1.38.0-win32-x64\server\plugins\org.eclipse.equinox.launcher_1.6.900.v20240613-2009.jar
Launcher Type: SUN_STANDARD

[Global flags]
    uintx AdaptiveSizePolicyWeight                 = 90                                        {product} {command line}
     intx CICompilerCount                          = 12                                        {product} {ergonomic}
    uintx GCTimeRatio                              = 4                                         {product} {command line}
     bool HeapDumpOnOutOfMemoryError               = true                                   {manageable} {command line}
    ccstr HeapDumpPath                             = c:\Users\ASUS\AppData\Roaming\Code\User\workspaceStorage\9fdc986f79f7f5afd451b576530659b4\redhat.java         {manageable} {command line}
   size_t InitialHeapSize                          = 104857600                                 {product} {command line}
   size_t MaxHeapSize                              = 1073741824                                {product} {command line}
   size_t MaxNewSize                               = 357564416                                 {product} {ergonomic}
   size_t MinHeapDeltaBytes                        = 524288                                    {product} {ergonomic}
   size_t MinHeapSize                              = 104857600                                 {product} {command line}
   size_t NewSize                                  = 34603008                                  {product} {ergonomic}
    uintx NonNMethodCodeHeapSize                   = 7602480                                {pd product} {ergonomic}
    uintx NonProfiledCodeHeapSize                  = 122027880                              {pd product} {ergonomic}
   size_t OldSize                                  = 70254592                                  {product} {ergonomic}
    uintx ProfiledCodeHeapSize                     = 122027880                              {pd product} {ergonomic}
    uintx ReservedCodeCacheSize                    = 251658240                              {pd product} {ergonomic}
     bool SegmentedCodeCache                       = true                                      {product} {ergonomic}
   size_t SoftMaxHeapSize                          = 1073741824                             {manageable} {ergonomic}
     bool UseCompressedClassPointers               = true                           {product lp64_product} {ergonomic}
     bool UseCompressedOops                        = true                           {product lp64_product} {ergonomic}
     bool UseLargePagesIndividualAllocation        = false                                  {pd product} {ergonomic}
     bool UseParallelGC                            = true                                      {product} {command line}

Logging:
Log output configuration:
 #0: stdout all=off uptime,level,tags
 #1: stderr all=off uptime,level,tags

Environment Variables:
PATH=C:\Program Files\Common Files\Oracle\Java\javapath;C:\Program Files (x86)\Common Files\Oracle\Java\java8path;C:\Program Files (x86)\Common Files\Oracle\Java\javapath;C:\ProgramData\Oracle\Java\javapath;C:\Windows\system32;C:\Windows;C:\Windows\System32\Wbem;C:\Windows\System32\WindowsPowerShell\v1.0\;C:\Windows\System32\OpenSSH\;C:\Program Files (x86)\NVIDIA Corporation\PhysX\Common;C:\WINDOWS\system32;C:\WINDOWS;C:\WINDOWS\System32\Wbem;C:\WINDOWS\System32\WindowsPowerShell\v1.0\;C:\WINDOWS\System32\OpenSSH\;C:\Program Files (x86)\Microsoft SQL Server\160\Tools\Binn\;C:\Program Files\Microsoft SQL Server\160\Tools\Binn\;C:\Program Files\Microsoft SQL Server\Client SDK\ODBC\170\Tools\Binn\;C:\Program Files\Microsoft SQL Server\160\DTS\Binn\;C:\Program Files (x86)\Microsoft SQL Server\160\DTS\Binn\;C:\Program Files\Azure Data Studio\bin;C:\Program Files\dotnet\;C:\Program Files\nodejs\;C:\Program Files\Git\cmd;C:\Program Files\Cloudflare\Cloudflare WARP\;C:\Program Files\MySQL\MySQL Shell 8.0\bin\;C:\Users\ASUS\AppData\Local\Microsoft\WindowsApps;;C:\Program Files\Azure Data Studio\bin;C:\Users\ASUS\AppData\Local\Programs\Microsoft VS Code\bin;C:\Users\ASUS\AppData\Roaming\npm
USERNAME=ASUS
OS=Windows_NT
PROCESSOR_IDENTIFIER=AMD64 Family 25 Model 68 Stepping 1, AuthenticAMD
TMP=C:\Users\ASUS\AppData\Local\Temp
TEMP=C:\Users\ASUS\AppData\Local\Temp



Periodic native trim disabled


---------------  S Y S T E M  ---------------

OS:
 Windows 11 , 64 bit Build 22621 (10.0.22621.4391)
OS uptime: 7 days 22:26 hours

CPU: total 16 (initial active 16) (16 cores per cpu, 2 threads per core) family 25 model 68 stepping 1 microcode 0x0, cx8, cmov, fxsr, ht, mmx, 3dnowpref, sse, sse2, sse3, ssse3, sse4a, sse4.1, sse4.2, popcnt, lzcnt, tsc, tscinvbit, avx, avx2, aes, clmul, bmi1, bmi2, adx, sha, fma, vzeroupper, clflush, clflushopt
Processor Information for all 16 processors :
  Max Mhz: 3201, Current Mhz: 3201, Mhz Limit: 3201

Memory: 4k page, system-wide physical 15613M (1679M free)
TotalPageFile size 19709M (AvailPageFile size 11M)
current process WorkingSet (physical memory assigned to process): 712M, peak: 715M
current process commit charge ("private bytes"): 658M, peak: 663M

vm_info: OpenJDK 64-Bit Server VM (17.0.13+11) for windows-amd64 JRE (17.0.13+11), built on Oct 16 2024 00:10:08 by "admin" with MS VC++ 17.7 (VS2022)

END.
