#
# There is insufficient memory for the Java Runtime Environment to continue.
# Native memory allocation (malloc) failed to allocate 1347856 bytes. Error detail: Chunk::new
# Possible reasons:
#   The system is out of physical RAM or swap space
#   This process is running with CompressedOops enabled, and the Java Heap may be blocking the growth of the native heap
# Possible solutions:
#   Reduce memory load on the system
#   Increase physical memory or swap space
#   Check if swap backing store is full
#   Decrease Java heap size (-Xmx/-Xms)
#   Decrease number of Java threads
#   Decrease Java thread stack sizes (-Xss)
#   Set larger code cache with -XX:ReservedCodeCacheSize=
#   JVM is running with Unscaled Compressed Oops mode in which the Java heap is
#     placed in the first 4GB address space. The Java Heap base address is the
#     maximum limit for the native heap growth. Please use -XX:HeapBaseMinAddress
#     to set the Java Heap base and to place the Java Heap above 4GB virtual address.
# This output file may be truncated or incomplete.
#
#  Out of Memory Error (arena.cpp:191), pid=31156, tid=34988
#
# JRE version: OpenJDK Runtime Environment Temurin-17.0.13+11 (17.0.13+11) (build 17.0.13+11)
# Java VM: OpenJDK 64-Bit Server VM Temurin-17.0.13+11 (17.0.13+11, mixed mode, tiered, compressed oops, compressed class ptrs, parallel gc, windows-amd64)
# No core dump will be written. Minidumps are not enabled by default on client versions of Windows
#

---------------  S U M M A R Y ------------

Command Line: --add-modules=ALL-SYSTEM --add-opens=java.base/java.util=ALL-UNNAMED --add-opens=java.base/java.lang=ALL-UNNAMED --add-opens=java.base/sun.nio.fs=ALL-UNNAMED -Declipse.application=org.eclipse.jdt.ls.core.id1 -Dosgi.bundles.defaultStartLevel=4 -Declipse.product=org.eclipse.jdt.ls.core.product -Djava.import.generatesMetadataFilesAtProjectRoot=false -DDetectVMInstallationsJob.disabled=true -Dfile.encoding=utf8 -XX:+UseParallelGC -XX:GCTimeRatio=4 -XX:AdaptiveSizePolicyWeight=90 -Dsun.zip.disableMemoryMapping=true -Xmx1G -Xms100m -Xlog:disable -javaagent:c:\Users\ASUS\.vscode\extensions\redhat.java-1.38.0-win32-x64\lombok\lombok-1.18.34.jar -XX:+HeapDumpOnOutOfMemoryError -XX:HeapDumpPath=c:\Users\ASUS\AppData\Roaming\Code\User\workspaceStorage\9fdc986f79f7f5afd451b576530659b4\redhat.java -Daether.dependencyCollector.impl=bf c:\Users\ASUS\.vscode\extensions\redhat.java-1.38.0-win32-x64\server\plugins\org.eclipse.equinox.launcher_1.6.900.v20240613-2009.jar -configuration c:\Users\ASUS\AppData\Roaming\Code\User\globalStorage\redhat.java\1.38.0\config_win -data c:\Users\ASUS\AppData\Roaming\Code\User\workspaceStorage\9fdc986f79f7f5afd451b576530659b4\redhat.java\jdt_ws --pipe=\\.\pipe\lsp-f1121754e2836ab948b31b7afe74a7d3-sock

Host: AMD Ryzen 7 6800H with Radeon Graphics         , 16 cores, 15G,  Windows 11 , 64 bit Build 22621 (10.0.22621.4391)
Time: Tue Jan 14 11:32:25 2025 SE Asia Standard Time elapsed time: 13.067248 seconds (0d 0h 0m 13s)

---------------  T H R E A D  ---------------

Current thread (0x0000023ac2cb6b30):  JavaThread "C2 CompilerThread1" daemon [_thread_in_native, id=34988, stack(0x0000004022f00000,0x0000004023000000)]


Current CompileTask:
C2:  13067 8422 % !   4       org.eclipse.jdt.internal.compiler.classfmt.ClassFileReader::<init> @ 63 (2119 bytes)

Stack: [0x0000004022f00000,0x0000004023000000]
Native frames: (J=compiled Java code, j=interpreted, Vv=VM code, C=native code)
V  [jvm.dll+0x682a19]
V  [jvm.dll+0x839538]
V  [jvm.dll+0x83afe3]
V  [jvm.dll+0x83b653]
V  [jvm.dll+0x24704f]
V  [jvm.dll+0xace34]
V  [jvm.dll+0xad4cc]
V  [jvm.dll+0x2ac84f]
V  [jvm.dll+0x588a79]
V  [jvm.dll+0x220ea2]
V  [jvm.dll+0x22129f]
V  [jvm.dll+0x21a2b0]
V  [jvm.dll+0x21738b]
V  [jvm.dll+0x1a3070]
V  [jvm.dll+0x22788c]
V  [jvm.dll+0x2259eb]
V  [jvm.dll+0x7eec98]
V  [jvm.dll+0x7e8ffc]
V  [jvm.dll+0x6818f7]
C  [ucrtbase.dll+0x29333]
C  [KERNEL32.DLL+0x1259d]
C  [ntdll.dll+0x5af38]


---------------  P R O C E S S  ---------------

Threads class SMR info:
_java_thread_list=0x0000023acc3278c0, length=50, elements={
0x0000023aa14a2f10, 0x0000023ab7252030, 0x0000023ab7255370, 0x0000023ab725d2d0,
0x0000023ab725df60, 0x0000023abc4494c0, 0x0000023abc451200, 0x0000023abc453470,
0x0000023abc4562f0, 0x0000023abc45efa0, 0x0000023abc558850, 0x0000023abe5ea760,
0x0000023abec204d0, 0x0000023abf072ef0, 0x0000023abebec050, 0x0000023abebeeb70,
0x0000023abf5714b0, 0x0000023abf30ae10, 0x0000023abf30a3f0, 0x0000023abf30b830,
0x0000023abf308fb0, 0x0000023abf3099d0, 0x0000023abf308590, 0x0000023abf308aa0,
0x0000023abf308080, 0x0000023abf3094c0, 0x0000023ac0c22f30, 0x0000023ac0c24880,
0x0000023ac0c29470, 0x0000023ac0c24d90, 0x0000023ac0c28540, 0x0000023ac0c252a0,
0x0000023ac0c29980, 0x0000023ac0c266e0, 0x0000023ac0c27b20, 0x0000023ac0c28f60,
0x0000023ac0c2a8b0, 0x0000023ac0c25cc0, 0x0000023ac0c24370, 0x0000023ac0c257b0,
0x0000023ac0c28a50, 0x0000023ac0c29e90, 0x0000023ac0c26bf0, 0x0000023ac0c2a3a0,
0x0000023ac0c23440, 0x0000023ac0c27100, 0x0000023ac0c28030, 0x0000023ac0c23950,
0x0000023ac2e9e040, 0x0000023ac2cb6b30
}

Java Threads: ( => current thread )
  0x0000023aa14a2f10 JavaThread "main" [_thread_blocked, id=31708, stack(0x0000004022100000,0x0000004022200000)]
  0x0000023ab7252030 JavaThread "Reference Handler" daemon [_thread_blocked, id=31500, stack(0x0000004022400000,0x0000004022500000)]
  0x0000023ab7255370 JavaThread "Finalizer" daemon [_thread_blocked, id=28584, stack(0x0000004022500000,0x0000004022600000)]
  0x0000023ab725d2d0 JavaThread "Signal Dispatcher" daemon [_thread_blocked, id=17016, stack(0x0000004022600000,0x0000004022700000)]
  0x0000023ab725df60 JavaThread "Attach Listener" daemon [_thread_blocked, id=18176, stack(0x0000004022700000,0x0000004022800000)]
  0x0000023abc4494c0 JavaThread "Service Thread" daemon [_thread_blocked, id=9296, stack(0x0000004022800000,0x0000004022900000)]
  0x0000023abc451200 JavaThread "Monitor Deflation Thread" daemon [_thread_blocked, id=32784, stack(0x0000004022900000,0x0000004022a00000)]
  0x0000023abc453470 JavaThread "C2 CompilerThread0" daemon [_thread_in_native, id=36116, stack(0x0000004022a00000,0x0000004022b00000)]
  0x0000023abc4562f0 JavaThread "C1 CompilerThread0" daemon [_thread_blocked, id=36124, stack(0x0000004022b00000,0x0000004022c00000)]
  0x0000023abc45efa0 JavaThread "Sweeper thread" daemon [_thread_blocked, id=31668, stack(0x0000004022c00000,0x0000004022d00000)]
  0x0000023abc558850 JavaThread "Common-Cleaner" daemon [_thread_blocked, id=33780, stack(0x0000004022d00000,0x0000004022e00000)]
  0x0000023abe5ea760 JavaThread "Notification Thread" daemon [_thread_blocked, id=9800, stack(0x0000004023100000,0x0000004023200000)]
  0x0000023abec204d0 JavaThread "Active Thread: Equinox Container: 979bda34-2602-4b64-8c41-d58132731c50" [_thread_blocked, id=3396, stack(0x0000004023a00000,0x0000004023b00000)]
  0x0000023abf072ef0 JavaThread "Refresh Thread: Equinox Container: 979bda34-2602-4b64-8c41-d58132731c50" daemon [_thread_blocked, id=2012, stack(0x0000004023b00000,0x0000004023c00000)]
  0x0000023abebec050 JavaThread "Framework Event Dispatcher: Equinox Container: 979bda34-2602-4b64-8c41-d58132731c50" daemon [_thread_blocked, id=2968, stack(0x0000004023e00000,0x0000004023f00000)]
  0x0000023abebeeb70 JavaThread "Start Level: Equinox Container: 979bda34-2602-4b64-8c41-d58132731c50" daemon [_thread_blocked, id=34864, stack(0x0000004023f00000,0x0000004024000000)]
  0x0000023abf5714b0 JavaThread "Bundle File Closer" daemon [_thread_blocked, id=35028, stack(0x0000004024000000,0x0000004024100000)]
  0x0000023abf30ae10 JavaThread "SCR Component Actor" daemon [_thread_blocked, id=12416, stack(0x0000004024200000,0x0000004024300000)]
  0x0000023abf30a3f0 JavaThread "Worker-JM" [_thread_blocked, id=30136, stack(0x0000004024700000,0x0000004024800000)]
  0x0000023abf30b830 JavaThread "JNA Cleaner" daemon [_thread_blocked, id=36604, stack(0x0000004024800000,0x0000004024900000)]
  0x0000023abf308fb0 JavaThread "Worker-0" [_thread_blocked, id=18348, stack(0x0000004024900000,0x0000004024a00000)]
  0x0000023abf3099d0 JavaThread "Worker-1: Initialize Workspace" [_thread_blocked, id=19948, stack(0x0000004024a00000,0x0000004024b00000)]
  0x0000023abf308590 JavaThread "Java indexing" daemon [_thread_in_Java, id=29948, stack(0x0000004024c00000,0x0000004024d00000)]
  0x0000023abf308aa0 JavaThread "Thread-2" daemon [_thread_in_native, id=7556, stack(0x0000004024e00000,0x0000004024f00000)]
  0x0000023abf308080 JavaThread "Thread-3" daemon [_thread_in_native, id=30956, stack(0x0000004024f00000,0x0000004025000000)]
  0x0000023abf3094c0 JavaThread "Thread-4" daemon [_thread_in_native, id=18624, stack(0x0000004025000000,0x0000004025100000)]
  0x0000023ac0c22f30 JavaThread "Thread-5" daemon [_thread_in_native, id=26940, stack(0x0000004025100000,0x0000004025200000)]
  0x0000023ac0c24880 JavaThread "Thread-6" daemon [_thread_in_native, id=18632, stack(0x0000004025200000,0x0000004025300000)]
  0x0000023ac0c29470 JavaThread "Thread-7" daemon [_thread_in_native, id=11160, stack(0x0000004025300000,0x0000004025400000)]
  0x0000023ac0c24d90 JavaThread "Thread-8" daemon [_thread_in_native, id=32048, stack(0x0000004025400000,0x0000004025500000)]
  0x0000023ac0c28540 JavaThread "Thread-9" daemon [_thread_in_native, id=26036, stack(0x0000004025500000,0x0000004025600000)]
  0x0000023ac0c252a0 JavaThread "Thread-10" daemon [_thread_in_native, id=1452, stack(0x0000004025600000,0x0000004025700000)]
  0x0000023ac0c29980 JavaThread "Thread-11" daemon [_thread_in_native, id=28684, stack(0x0000004025700000,0x0000004025800000)]
  0x0000023ac0c266e0 JavaThread "Thread-12" daemon [_thread_in_native, id=18816, stack(0x0000004025800000,0x0000004025900000)]
  0x0000023ac0c27b20 JavaThread "Thread-13" daemon [_thread_in_native, id=13768, stack(0x0000004025900000,0x0000004025a00000)]
  0x0000023ac0c28f60 JavaThread "Thread-14" daemon [_thread_in_native, id=7188, stack(0x0000004025a00000,0x0000004025b00000)]
  0x0000023ac0c2a8b0 JavaThread "Thread-15" daemon [_thread_in_native, id=25372, stack(0x0000004025b00000,0x0000004025c00000)]
  0x0000023ac0c25cc0 JavaThread "Thread-16" daemon [_thread_in_native, id=34396, stack(0x0000004025c00000,0x0000004025d00000)]
  0x0000023ac0c24370 JavaThread "Thread-17" daemon [_thread_in_native, id=21196, stack(0x0000004025d00000,0x0000004025e00000)]
  0x0000023ac0c257b0 JavaThread "Thread-18" daemon [_thread_in_native, id=33324, stack(0x0000004025e00000,0x0000004025f00000)]
  0x0000023ac0c28a50 JavaThread "pool-2-thread-1" [_thread_blocked, id=18996, stack(0x0000004025f00000,0x0000004026000000)]
  0x0000023ac0c29e90 JavaThread "Worker-2" [_thread_blocked, id=4040, stack(0x0000004026000000,0x0000004026100000)]
  0x0000023ac0c26bf0 JavaThread "Worker-3" [_thread_blocked, id=11704, stack(0x0000004026100000,0x0000004026200000)]
  0x0000023ac0c2a3a0 JavaThread "Worker-4: Java indexing... " [_thread_blocked, id=23168, stack(0x0000004026300000,0x0000004026400000)]
  0x0000023ac0c23440 JavaThread "Worker-5" [_thread_blocked, id=36488, stack(0x0000004026400000,0x0000004026500000)]
  0x0000023ac0c27100 JavaThread "Worker-6" [_thread_blocked, id=19824, stack(0x0000004026600000,0x0000004026700000)]
  0x0000023ac0c28030 JavaThread "WorkspaceEventsHandler" [_thread_blocked, id=23468, stack(0x0000004026700000,0x0000004026800000)]
  0x0000023ac0c23950 JavaThread "pool-1-thread-1" [_thread_blocked, id=35944, stack(0x0000004026800000,0x0000004026900000)]
  0x0000023ac2e9e040 JavaThread "pool-3-thread-1" [_thread_blocked, id=31516, stack(0x0000004023400000,0x0000004023500000)]
=>0x0000023ac2cb6b30 JavaThread "C2 CompilerThread1" daemon [_thread_in_native, id=34988, stack(0x0000004022f00000,0x0000004023000000)]

Other Threads:
  0x0000023aa154ebd0 VMThread "VM Thread" [stack: 0x0000004022300000,0x0000004022400000] [id=35468]
  0x0000023abe5eac40 WatcherThread [stack: 0x0000004023200000,0x0000004023300000] [id=17168]
  0x0000023aa14ba210 GCTaskThread "GC Thread#0" [stack: 0x0000004022200000,0x0000004022300000] [id=14796]
  0x0000023abeeca010 GCTaskThread "GC Thread#1" [stack: 0x0000004023500000,0x0000004023600000] [id=11920]
  0x0000023abeeca2d0 GCTaskThread "GC Thread#2" [stack: 0x0000004023600000,0x0000004023700000] [id=30896]
  0x0000023abed0dfa0 GCTaskThread "GC Thread#3" [stack: 0x0000004023700000,0x0000004023800000] [id=5580]
  0x0000023abed0e260 GCTaskThread "GC Thread#4" [stack: 0x0000004023800000,0x0000004023900000] [id=30844]
  0x0000023abed0e520 GCTaskThread "GC Thread#5" [stack: 0x0000004023900000,0x0000004023a00000] [id=11196]
  0x0000023abe68b990 GCTaskThread "GC Thread#6" [stack: 0x0000004023c00000,0x0000004023d00000] [id=33484]
  0x0000023abebf01e0 GCTaskThread "GC Thread#7" [stack: 0x0000004023d00000,0x0000004023e00000] [id=16504]
  0x0000023abea90d20 GCTaskThread "GC Thread#8" [stack: 0x0000004024100000,0x0000004024200000] [id=25496]
  0x0000023abf4e3e10 GCTaskThread "GC Thread#9" [stack: 0x0000004024400000,0x0000004024500000] [id=28504]
  0x0000023abf5ff7a0 GCTaskThread "GC Thread#10" [stack: 0x0000004024500000,0x0000004024600000] [id=5584]
  0x0000023abf5ffa60 GCTaskThread "GC Thread#11" [stack: 0x0000004024600000,0x0000004024700000] [id=32480]
  0x0000023abf1ac8b0 GCTaskThread "GC Thread#12" [stack: 0x0000004024b00000,0x0000004024c00000] [id=14000]

Threads with active compile tasks:
C2 CompilerThread0    13094 8429       4       org.eclipse.jdt.internal.compiler.classfmt.AnnotationInfo::decodeDefaultValue (871 bytes)
C2 CompilerThread1    13094 8422 % !   4       org.eclipse.jdt.internal.compiler.classfmt.ClassFileReader::<init> @ 63 (2119 bytes)

VM state: not at safepoint (normal execution)

VM Mutex/Monitor currently owned by a thread: None

Heap address: 0x00000000c0000000, size: 1024 MB, Compressed Oops mode: 32-bit

CDS archive(s) not mapped
Compressed class space mapped at: 0x0000000100000000-0x0000000140000000, reserved size: 1073741824
Narrow klass base: 0x0000000000000000, Narrow klass shift: 3, Narrow klass range: 0x140000000

GC Precious Log:
 CPUs: 16 total, 16 available
 Memory: 15613M
 Large Page Support: Disabled
 NUMA Support: Disabled
 Compressed Oops: Enabled (32-bit)
 Alignments: Space 512K, Generation 512K, Heap 2M
 Heap Min Capacity: 100M
 Heap Initial Capacity: 100M
 Heap Max Capacity: 1G
 Pre-touch: Disabled
 Parallel Workers: 13

Heap:
 PSYoungGen      total 22016K, used 16187K [0x00000000eab00000, 0x00000000ec800000, 0x0000000100000000)
  eden space 19456K, 70% used [0x00000000eab00000,0x00000000eb854d98,0x00000000ebe00000)
  from space 2560K, 99% used [0x00000000ebe00000,0x00000000ec079ed0,0x00000000ec080000)
  to   space 5120K, 0% used [0x00000000ec300000,0x00000000ec300000,0x00000000ec800000)
 ParOldGen       total 365056K, used 320948K [0x00000000c0000000, 0x00000000d6480000, 0x00000000eab00000)
  object space 365056K, 87% used [0x00000000c0000000,0x00000000d396d368,0x00000000d6480000)
 Metaspace       used 56678K, committed 57728K, reserved 1114112K
  class space    used 6004K, committed 6464K, reserved 1048576K

Card table byte_map: [0x0000023ab4ad0000,0x0000023ab4ce0000] _byte_map_base: 0x0000023ab44d0000

Marking Bits: (ParMarkBitMap*) 0x00007ff86c9d6940
 Begin Bits: [0x0000023ab4e40000, 0x0000023ab5e40000)
 End Bits:   [0x0000023ab5e40000, 0x0000023ab6e40000)

Polling page: 0x0000023aa11f0000

Metaspace:

Usage:
  Non-class:     49.49 MB used.
      Class:      5.86 MB used.
       Both:     55.35 MB used.

Virtual space:
  Non-class space:       64.00 MB reserved,      50.06 MB ( 78%) committed,  1 nodes.
      Class space:        1.00 GB reserved,       6.31 MB ( <1%) committed,  1 nodes.
             Both:        1.06 GB reserved,      56.38 MB (  5%) committed. 

Chunk freelists:
   Non-Class:  13.83 MB
       Class:  9.73 MB
        Both:  23.55 MB

MaxMetaspaceSize: unlimited
CompressedClassSpaceSize: 1.00 GB
Initial GC threshold: 21.00 MB
Current GC threshold: 93.88 MB
CDS: off
MetaspaceReclaimPolicy: balanced
 - commit_granule_bytes: 65536.
 - commit_granule_words: 8192.
 - virtual_space_node_default_size: 8388608.
 - enlarge_chunks_in_place: 1.
 - new_chunks_are_fully_committed: 0.
 - uncommit_free_chunks: 1.
 - use_allocation_guard: 0.
 - handle_deallocations: 1.


Internal statistics:

num_allocs_failed_limit: 6.
num_arena_births: 604.
num_arena_deaths: 14.
num_vsnodes_births: 2.
num_vsnodes_deaths: 0.
num_space_committed: 902.
num_space_uncommitted: 0.
num_chunks_returned_to_freelist: 27.
num_chunks_taken_from_freelist: 2821.
num_chunk_merges: 14.
num_chunk_splits: 1739.
num_chunks_enlarged: 1010.
num_inconsistent_stats: 0.

CodeHeap 'non-profiled nmethods': size=119168Kb used=6004Kb max_used=6004Kb free=113163Kb
 bounds [0x0000023aad480000, 0x0000023aada60000, 0x0000023ab48e0000]
CodeHeap 'profiled nmethods': size=119104Kb used=13496Kb max_used=15040Kb free=105607Kb
 bounds [0x0000023aa58e0000, 0x0000023aa67a0000, 0x0000023aacd30000]
CodeHeap 'non-nmethods': size=7488Kb used=1321Kb max_used=3112Kb free=6166Kb
 bounds [0x0000023aacd30000, 0x0000023aad050000, 0x0000023aad480000]
 total_blobs=7529 nmethods=6876 adapters=566
 compilation: enabled
              stopped_count=0, restarted_count=0
 full_count=0

Compilation events (20 events):
Event: 12.730 Thread 0x0000023abc4562f0 nmethod 8417 0x0000023aa653d710 code [0x0000023aa653e1a0, 0x0000023aa6547188]
Event: 12.743 Thread 0x0000023ac2cb6b30 nmethod 8416 0x0000023aada55010 code [0x0000023aada55480, 0x0000023aada57320]
Event: 12.776 Thread 0x0000023abc4562f0 8418       3       org.eclipse.core.internal.jobs.JobManager$$Lambda$175/0x0000000100258c80::apply (20 bytes)
Event: 12.776 Thread 0x0000023abc4562f0 nmethod 8418 0x0000023aa59be090 code [0x0000023aa59be240, 0x0000023aa59be488]
Event: 12.776 Thread 0x0000023abc4562f0 8419       3       org.eclipse.core.internal.jobs.JobManager::lambda$5 (19 bytes)
Event: 12.777 Thread 0x0000023abc4562f0 nmethod 8419 0x0000023aa5a11a10 code [0x0000023aa5a11bc0, 0x0000023aa5a11db8]
Event: 12.809 Thread 0x0000023abc453470 8420       4       org.eclipse.jdt.internal.compiler.classfmt.AnnotationInfo::scanAnnotation (330 bytes)
Event: 12.825 Thread 0x0000023ac2cb6b30 8421       4       org.eclipse.jdt.internal.compiler.classfmt.MethodInfo::decodeAnnotations (69 bytes)
Event: 12.828 Thread 0x0000023ac2cb6b30 nmethod 8421 0x0000023aad9eab90 code [0x0000023aad9ead20, 0x0000023aad9eb028]
Event: 12.838 Thread 0x0000023ac2cb6b30 8422 % !   4       org.eclipse.jdt.internal.compiler.classfmt.ClassFileReader::<init> @ 63 (2119 bytes)
Event: 12.843 Thread 0x0000023abc453470 nmethod 8420 0x0000023aada58010 code [0x0000023aada584a0, 0x0000023aada5a220]
Event: 12.887 Thread 0x0000023abc4562f0 8423       3       sun.nio.cs.StreamEncoder::forOutputStreamWriter (11 bytes)
Event: 12.887 Thread 0x0000023abc4562f0 nmethod 8423 0x0000023aa5c2a210 code [0x0000023aa5c2a3c0, 0x0000023aa5c2a548]
Event: 12.887 Thread 0x0000023abc4562f0 8424       3       java.io.BufferedWriter::<init> (42 bytes)
Event: 12.887 Thread 0x0000023abc4562f0 nmethod 8424 0x0000023aa5f00f90 code [0x0000023aa5f01160, 0x0000023aa5f01618]
Event: 12.887 Thread 0x0000023abc4562f0 8425   !   3       java.io.BufferedWriter::close (100 bytes)
Event: 12.888 Thread 0x0000023abc4562f0 nmethod 8425 0x0000023aa5b08890 code [0x0000023aa5b08aa0, 0x0000023aa5b090b8]
Event: 12.900 Thread 0x0000023abc453470 8426       4       java.util.LinkedList$ListItr::hasPrevious (13 bytes)
Event: 12.900 Thread 0x0000023abc453470 nmethod 8426 0x0000023aad79bd90 code [0x0000023aad79bf00, 0x0000023aad79bf98]
Event: 13.022 Thread 0x0000023abc453470 8427       4       org.eclipse.jdt.internal.core.search.indexing.BinaryIndexer::addPairValue (141 bytes)

GC Heap History (20 events):
Event: 12.276 GC heap before
{Heap before GC invocations=97 (full 8):
 PSYoungGen      total 23552K, used 23526K [0x00000000eab00000, 0x00000000eca00000, 0x0000000100000000)
  eden space 21504K, 100% used [0x00000000eab00000,0x00000000ec000000,0x00000000ec000000)
  from space 2048K, 98% used [0x00000000ec180000,0x00000000ec379a20,0x00000000ec380000)
  to   space 5120K, 0% used [0x00000000ec500000,0x00000000ec500000,0x00000000eca00000)
 ParOldGen       total 365056K, used 313532K [0x00000000c0000000, 0x00000000d6480000, 0x00000000eab00000)
  object space 365056K, 85% used [0x00000000c0000000,0x00000000d322f368,0x00000000d6480000)
 Metaspace       used 56675K, committed 57728K, reserved 1114112K
  class space    used 6004K, committed 6464K, reserved 1048576K
}
Event: 12.279 GC heap after
{Heap after GC invocations=97 (full 8):
 PSYoungGen      total 25600K, used 3645K [0x00000000eab00000, 0x00000000ec900000, 0x0000000100000000)
  eden space 21504K, 0% used [0x00000000eab00000,0x00000000eab00000,0x00000000ec000000)
  from space 4096K, 89% used [0x00000000ec500000,0x00000000ec88f780,0x00000000ec900000)
  to   space 4096K, 0% used [0x00000000ec100000,0x00000000ec100000,0x00000000ec500000)
 ParOldGen       total 365056K, used 313676K [0x00000000c0000000, 0x00000000d6480000, 0x00000000eab00000)
  object space 365056K, 85% used [0x00000000c0000000,0x00000000d3253368,0x00000000d6480000)
 Metaspace       used 56675K, committed 57728K, reserved 1114112K
  class space    used 6004K, committed 6464K, reserved 1048576K
}
Event: 12.333 GC heap before
{Heap before GC invocations=98 (full 8):
 PSYoungGen      total 25600K, used 25149K [0x00000000eab00000, 0x00000000ec900000, 0x0000000100000000)
  eden space 21504K, 100% used [0x00000000eab00000,0x00000000ec000000,0x00000000ec000000)
  from space 4096K, 89% used [0x00000000ec500000,0x00000000ec88f780,0x00000000ec900000)
  to   space 4096K, 0% used [0x00000000ec100000,0x00000000ec100000,0x00000000ec500000)
 ParOldGen       total 365056K, used 313676K [0x00000000c0000000, 0x00000000d6480000, 0x00000000eab00000)
  object space 365056K, 85% used [0x00000000c0000000,0x00000000d3253368,0x00000000d6480000)
 Metaspace       used 56675K, committed 57728K, reserved 1114112K
  class space    used 6004K, committed 6464K, reserved 1048576K
}
Event: 12.337 GC heap after
{Heap after GC invocations=98 (full 8):
 PSYoungGen      total 25600K, used 4086K [0x00000000eab00000, 0x00000000ecc00000, 0x0000000100000000)
  eden space 21504K, 0% used [0x00000000eab00000,0x00000000eab00000,0x00000000ec000000)
  from space 4096K, 99% used [0x00000000ec100000,0x00000000ec4fdba0,0x00000000ec500000)
  to   space 6144K, 0% used [0x00000000ec600000,0x00000000ec600000,0x00000000ecc00000)
 ParOldGen       total 365056K, used 315300K [0x00000000c0000000, 0x00000000d6480000, 0x00000000eab00000)
  object space 365056K, 86% used [0x00000000c0000000,0x00000000d33e9368,0x00000000d6480000)
 Metaspace       used 56675K, committed 57728K, reserved 1114112K
  class space    used 6004K, committed 6464K, reserved 1048576K
}
Event: 12.395 GC heap before
{Heap before GC invocations=99 (full 8):
 PSYoungGen      total 25600K, used 25590K [0x00000000eab00000, 0x00000000ecc00000, 0x0000000100000000)
  eden space 21504K, 100% used [0x00000000eab00000,0x00000000ec000000,0x00000000ec000000)
  from space 4096K, 99% used [0x00000000ec100000,0x00000000ec4fdba0,0x00000000ec500000)
  to   space 6144K, 0% used [0x00000000ec600000,0x00000000ec600000,0x00000000ecc00000)
 ParOldGen       total 365056K, used 315300K [0x00000000c0000000, 0x00000000d6480000, 0x00000000eab00000)
  object space 365056K, 86% used [0x00000000c0000000,0x00000000d33e9368,0x00000000d6480000)
 Metaspace       used 56675K, committed 57728K, reserved 1114112K
  class space    used 6004K, committed 6464K, reserved 1048576K
}
Event: 12.398 GC heap after
{Heap after GC invocations=99 (full 8):
 PSYoungGen      total 26624K, used 6121K [0x00000000eab00000, 0x00000000ece00000, 0x0000000100000000)
  eden space 20480K, 0% used [0x00000000eab00000,0x00000000eab00000,0x00000000ebf00000)
  from space 6144K, 99% used [0x00000000ec600000,0x00000000ecbfa780,0x00000000ecc00000)
  to   space 7168K, 0% used [0x00000000ebf00000,0x00000000ebf00000,0x00000000ec600000)
 ParOldGen       total 365056K, used 315708K [0x00000000c0000000, 0x00000000d6480000, 0x00000000eab00000)
  object space 365056K, 86% used [0x00000000c0000000,0x00000000d344f368,0x00000000d6480000)
 Metaspace       used 56675K, committed 57728K, reserved 1114112K
  class space    used 6004K, committed 6464K, reserved 1048576K
}
Event: 12.536 GC heap before
{Heap before GC invocations=100 (full 8):
 PSYoungGen      total 26624K, used 26601K [0x00000000eab00000, 0x00000000ece00000, 0x0000000100000000)
  eden space 20480K, 100% used [0x00000000eab00000,0x00000000ebf00000,0x00000000ebf00000)
  from space 6144K, 99% used [0x00000000ec600000,0x00000000ecbfa780,0x00000000ecc00000)
  to   space 7168K, 0% used [0x00000000ebf00000,0x00000000ebf00000,0x00000000ec600000)
 ParOldGen       total 365056K, used 315708K [0x00000000c0000000, 0x00000000d6480000, 0x00000000eab00000)
  object space 365056K, 86% used [0x00000000c0000000,0x00000000d344f368,0x00000000d6480000)
 Metaspace       used 56675K, committed 57728K, reserved 1114112K
  class space    used 6004K, committed 6464K, reserved 1048576K
}
Event: 12.538 GC heap after
{Heap after GC invocations=100 (full 8):
 PSYoungGen      total 22016K, used 1090K [0x00000000eab00000, 0x00000000ec680000, 0x0000000100000000)
  eden space 20480K, 0% used [0x00000000eab00000,0x00000000eab00000,0x00000000ebf00000)
  from space 1536K, 70% used [0x00000000ebf00000,0x00000000ec0109e0,0x00000000ec080000)
  to   space 3584K, 0% used [0x00000000ec300000,0x00000000ec300000,0x00000000ec680000)
 ParOldGen       total 365056K, used 316748K [0x00000000c0000000, 0x00000000d6480000, 0x00000000eab00000)
  object space 365056K, 86% used [0x00000000c0000000,0x00000000d3553368,0x00000000d6480000)
 Metaspace       used 56675K, committed 57728K, reserved 1114112K
  class space    used 6004K, committed 6464K, reserved 1048576K
}
Event: 12.612 GC heap before
{Heap before GC invocations=101 (full 8):
 PSYoungGen      total 22016K, used 21570K [0x00000000eab00000, 0x00000000ec680000, 0x0000000100000000)
  eden space 20480K, 100% used [0x00000000eab00000,0x00000000ebf00000,0x00000000ebf00000)
  from space 1536K, 70% used [0x00000000ebf00000,0x00000000ec0109e0,0x00000000ec080000)
  to   space 3584K, 0% used [0x00000000ec300000,0x00000000ec300000,0x00000000ec680000)
 ParOldGen       total 365056K, used 316748K [0x00000000c0000000, 0x00000000d6480000, 0x00000000eab00000)
  object space 365056K, 86% used [0x00000000c0000000,0x00000000d3553368,0x00000000d6480000)
 Metaspace       used 56675K, committed 57728K, reserved 1114112K
  class space    used 6004K, committed 6464K, reserved 1048576K
}
Event: 12.613 GC heap after
{Heap after GC invocations=101 (full 8):
 PSYoungGen      total 23040K, used 2331K [0x00000000eab00000, 0x00000000ec580000, 0x0000000100000000)
  eden space 20480K, 0% used [0x00000000eab00000,0x00000000eab00000,0x00000000ebf00000)
  from space 2560K, 91% used [0x00000000ec300000,0x00000000ec546ec8,0x00000000ec580000)
  to   space 3072K, 0% used [0x00000000ebf80000,0x00000000ebf80000,0x00000000ec280000)
 ParOldGen       total 365056K, used 316748K [0x00000000c0000000, 0x00000000d6480000, 0x00000000eab00000)
  object space 365056K, 86% used [0x00000000c0000000,0x00000000d3553368,0x00000000d6480000)
 Metaspace       used 56675K, committed 57728K, reserved 1114112K
  class space    used 6004K, committed 6464K, reserved 1048576K
}
Event: 12.667 GC heap before
{Heap before GC invocations=102 (full 8):
 PSYoungGen      total 23040K, used 22811K [0x00000000eab00000, 0x00000000ec580000, 0x0000000100000000)
  eden space 20480K, 100% used [0x00000000eab00000,0x00000000ebf00000,0x00000000ebf00000)
  from space 2560K, 91% used [0x00000000ec300000,0x00000000ec546ec8,0x00000000ec580000)
  to   space 3072K, 0% used [0x00000000ebf80000,0x00000000ebf80000,0x00000000ec280000)
 ParOldGen       total 365056K, used 316748K [0x00000000c0000000, 0x00000000d6480000, 0x00000000eab00000)
  object space 365056K, 86% used [0x00000000c0000000,0x00000000d3553368,0x00000000d6480000)
 Metaspace       used 56676K, committed 57728K, reserved 1114112K
  class space    used 6004K, committed 6464K, reserved 1048576K
}
Event: 12.669 GC heap after
{Heap after GC invocations=102 (full 8):
 PSYoungGen      total 23552K, used 3057K [0x00000000eab00000, 0x00000000ec900000, 0x0000000100000000)
  eden space 20480K, 0% used [0x00000000eab00000,0x00000000eab00000,0x00000000ebf00000)
  from space 3072K, 99% used [0x00000000ebf80000,0x00000000ec27c6c8,0x00000000ec280000)
  to   space 5120K, 0% used [0x00000000ec400000,0x00000000ec400000,0x00000000ec900000)
 ParOldGen       total 365056K, used 318220K [0x00000000c0000000, 0x00000000d6480000, 0x00000000eab00000)
  object space 365056K, 87% used [0x00000000c0000000,0x00000000d36c3368,0x00000000d6480000)
 Metaspace       used 56676K, committed 57728K, reserved 1114112K
  class space    used 6004K, committed 6464K, reserved 1048576K
}
Event: 12.715 GC heap before
{Heap before GC invocations=103 (full 8):
 PSYoungGen      total 23552K, used 23537K [0x00000000eab00000, 0x00000000ec900000, 0x0000000100000000)
  eden space 20480K, 100% used [0x00000000eab00000,0x00000000ebf00000,0x00000000ebf00000)
  from space 3072K, 99% used [0x00000000ebf80000,0x00000000ec27c6c8,0x00000000ec280000)
  to   space 5120K, 0% used [0x00000000ec400000,0x00000000ec400000,0x00000000ec900000)
 ParOldGen       total 365056K, used 318220K [0x00000000c0000000, 0x00000000d6480000, 0x00000000eab00000)
  object space 365056K, 87% used [0x00000000c0000000,0x00000000d36c3368,0x00000000d6480000)
 Metaspace       used 56676K, committed 57728K, reserved 1114112K
  class space    used 6004K, committed 6464K, reserved 1048576K
}
Event: 12.718 GC heap after
{Heap after GC invocations=103 (full 8):
 PSYoungGen      total 24576K, used 5117K [0x00000000eab00000, 0x00000000ecb00000, 0x0000000100000000)
  eden space 19456K, 0% used [0x00000000eab00000,0x00000000eab00000,0x00000000ebe00000)
  from space 5120K, 99% used [0x00000000ec400000,0x00000000ec8ff6c8,0x00000000ec900000)
  to   space 6144K, 0% used [0x00000000ebe00000,0x00000000ebe00000,0x00000000ec400000)
 ParOldGen       total 365056K, used 318644K [0x00000000c0000000, 0x00000000d6480000, 0x00000000eab00000)
  object space 365056K, 87% used [0x00000000c0000000,0x00000000d372d368,0x00000000d6480000)
 Metaspace       used 56676K, committed 57728K, reserved 1114112K
  class space    used 6004K, committed 6464K, reserved 1048576K
}
Event: 12.831 GC heap before
{Heap before GC invocations=104 (full 8):
 PSYoungGen      total 24576K, used 24573K [0x00000000eab00000, 0x00000000ecb00000, 0x0000000100000000)
  eden space 19456K, 100% used [0x00000000eab00000,0x00000000ebe00000,0x00000000ebe00000)
  from space 5120K, 99% used [0x00000000ec400000,0x00000000ec8ff6c8,0x00000000ec900000)
  to   space 6144K, 0% used [0x00000000ebe00000,0x00000000ebe00000,0x00000000ec400000)
 ParOldGen       total 365056K, used 318644K [0x00000000c0000000, 0x00000000d6480000, 0x00000000eab00000)
  object space 365056K, 87% used [0x00000000c0000000,0x00000000d372d368,0x00000000d6480000)
 Metaspace       used 56677K, committed 57728K, reserved 1114112K
  class space    used 6004K, committed 6464K, reserved 1048576K
}
Event: 12.833 GC heap after
{Heap after GC invocations=104 (full 8):
 PSYoungGen      total 22016K, used 2411K [0x00000000eab00000, 0x00000000ec500000, 0x0000000100000000)
  eden space 19456K, 0% used [0x00000000eab00000,0x00000000eab00000,0x00000000ebe00000)
  from space 2560K, 94% used [0x00000000ebe00000,0x00000000ec05ad98,0x00000000ec080000)
  to   space 3584K, 0% used [0x00000000ec180000,0x00000000ec180000,0x00000000ec500000)
 ParOldGen       total 365056K, used 318892K [0x00000000c0000000, 0x00000000d6480000, 0x00000000eab00000)
  object space 365056K, 87% used [0x00000000c0000000,0x00000000d376b368,0x00000000d6480000)
 Metaspace       used 56677K, committed 57728K, reserved 1114112K
  class space    used 6004K, committed 6464K, reserved 1048576K
}
Event: 12.927 GC heap before
{Heap before GC invocations=105 (full 8):
 PSYoungGen      total 22016K, used 21867K [0x00000000eab00000, 0x00000000ec500000, 0x0000000100000000)
  eden space 19456K, 100% used [0x00000000eab00000,0x00000000ebe00000,0x00000000ebe00000)
  from space 2560K, 94% used [0x00000000ebe00000,0x00000000ec05ad98,0x00000000ec080000)
  to   space 3584K, 0% used [0x00000000ec180000,0x00000000ec180000,0x00000000ec500000)
 ParOldGen       total 365056K, used 318892K [0x00000000c0000000, 0x00000000d6480000, 0x00000000eab00000)
  object space 365056K, 87% used [0x00000000c0000000,0x00000000d376b368,0x00000000d6480000)
 Metaspace       used 56678K, committed 57728K, reserved 1114112K
  class space    used 6004K, committed 6464K, reserved 1048576K
}
Event: 12.929 GC heap after
{Heap after GC invocations=105 (full 8):
 PSYoungGen      total 22016K, used 2070K [0x00000000eab00000, 0x00000000ec400000, 0x0000000100000000)
  eden space 19456K, 0% used [0x00000000eab00000,0x00000000eab00000,0x00000000ebe00000)
  from space 2560K, 80% used [0x00000000ec180000,0x00000000ec385ad0,0x00000000ec400000)
  to   space 2560K, 0% used [0x00000000ebe00000,0x00000000ebe00000,0x00000000ec080000)
 ParOldGen       total 365056K, used 318900K [0x00000000c0000000, 0x00000000d6480000, 0x00000000eab00000)
  object space 365056K, 87% used [0x00000000c0000000,0x00000000d376d368,0x00000000d6480000)
 Metaspace       used 56678K, committed 57728K, reserved 1114112K
  class space    used 6004K, committed 6464K, reserved 1048576K
}
Event: 13.009 GC heap before
{Heap before GC invocations=106 (full 8):
 PSYoungGen      total 22016K, used 21526K [0x00000000eab00000, 0x00000000ec400000, 0x0000000100000000)
  eden space 19456K, 100% used [0x00000000eab00000,0x00000000ebe00000,0x00000000ebe00000)
  from space 2560K, 80% used [0x00000000ec180000,0x00000000ec385ad0,0x00000000ec400000)
  to   space 2560K, 0% used [0x00000000ebe00000,0x00000000ebe00000,0x00000000ec080000)
 ParOldGen       total 365056K, used 318900K [0x00000000c0000000, 0x00000000d6480000, 0x00000000eab00000)
  object space 365056K, 87% used [0x00000000c0000000,0x00000000d376d368,0x00000000d6480000)
 Metaspace       used 56678K, committed 57728K, reserved 1114112K
  class space    used 6004K, committed 6464K, reserved 1048576K
}
Event: 13.012 GC heap after
{Heap after GC invocations=106 (full 8):
 PSYoungGen      total 22016K, used 2535K [0x00000000eab00000, 0x00000000ec800000, 0x0000000100000000)
  eden space 19456K, 0% used [0x00000000eab00000,0x00000000eab00000,0x00000000ebe00000)
  from space 2560K, 99% used [0x00000000ebe00000,0x00000000ec079ed0,0x00000000ec080000)
  to   space 5120K, 0% used [0x00000000ec300000,0x00000000ec300000,0x00000000ec800000)
 ParOldGen       total 365056K, used 320948K [0x00000000c0000000, 0x00000000d6480000, 0x00000000eab00000)
  object space 365056K, 87% used [0x00000000c0000000,0x00000000d396d368,0x00000000d6480000)
 Metaspace       used 56678K, committed 57728K, reserved 1114112K
  class space    used 6004K, committed 6464K, reserved 1048576K
}

Dll operation events (10 events):
Event: 0.010 Loaded shared library c:\Users\ASUS\.vscode\extensions\redhat.java-1.38.0-win32-x64\jre\17.0.13-win32-x86_64\bin\java.dll
Event: 0.196 Loaded shared library c:\Users\ASUS\.vscode\extensions\redhat.java-1.38.0-win32-x64\jre\17.0.13-win32-x86_64\bin\zip.dll
Event: 0.204 Loaded shared library C:\Users\ASUS\.vscode\extensions\redhat.java-1.38.0-win32-x64\jre\17.0.13-win32-x86_64\bin\instrument.dll
Event: 0.240 Loaded shared library C:\Users\ASUS\.vscode\extensions\redhat.java-1.38.0-win32-x64\jre\17.0.13-win32-x86_64\bin\net.dll
Event: 0.250 Loaded shared library C:\Users\ASUS\.vscode\extensions\redhat.java-1.38.0-win32-x64\jre\17.0.13-win32-x86_64\bin\nio.dll
Event: 0.265 Loaded shared library C:\Users\ASUS\.vscode\extensions\redhat.java-1.38.0-win32-x64\jre\17.0.13-win32-x86_64\bin\zip.dll
Event: 0.302 Loaded shared library C:\Users\ASUS\.vscode\extensions\redhat.java-1.38.0-win32-x64\jre\17.0.13-win32-x86_64\bin\jimage.dll
Event: 0.385 Loaded shared library c:\Users\ASUS\.vscode\extensions\redhat.java-1.38.0-win32-x64\jre\17.0.13-win32-x86_64\bin\verify.dll
Event: 1.516 Loaded shared library C:\Users\ASUS\AppData\Roaming\Code\User\globalStorage\redhat.java\1.38.0\config_win\org.eclipse.equinox.launcher\org.eclipse.equinox.launcher.win32.win32.x86_64_1.2.1100.v20240722-2106\eclipse_11904.dll
Event: 2.652 Loaded shared library C:\Users\ASUS\AppData\Local\Temp\jna-2018896\jna10475606944711965357.dll

Deoptimization events (20 events):
Event: 12.630 Thread 0x0000023abf308590 DEOPT PACKING pc=0x0000023aada2f6c0 sp=0x0000004024cfece0
Event: 12.630 Thread 0x0000023abf308590 DEOPT UNPACKING pc=0x0000023aacd866a3 sp=0x0000004024cfebf8 mode 2
Event: 12.631 Thread 0x0000023abf308590 Uncommon trap: trap_request=0xffffff45 fr.pc=0x0000023aad4cf4f0 relative=0x0000000000000250
Event: 12.631 Thread 0x0000023abf308590 Uncommon trap: reason=unstable_if action=reinterpret pc=0x0000023aad4cf4f0 method=org.eclipse.jdt.internal.compiler.classfmt.ClassFileStruct.utf8At(II)[C @ 46 c2
Event: 12.631 Thread 0x0000023abf308590 DEOPT PACKING pc=0x0000023aad4cf4f0 sp=0x0000004024cfec50
Event: 12.631 Thread 0x0000023abf308590 DEOPT UNPACKING pc=0x0000023aacd866a3 sp=0x0000004024cfebe8 mode 2
Event: 12.724 Thread 0x0000023abf308590 Uncommon trap: trap_request=0xffffff45 fr.pc=0x0000023aad97d3d4 relative=0x0000000000007074
Event: 12.724 Thread 0x0000023abf308590 Uncommon trap: reason=unstable_if action=reinterpret pc=0x0000023aad97d3d4 method=org.eclipse.jdt.internal.compiler.classfmt.ClassFileReader.<init>([B[CZ)V @ 1348 c2
Event: 12.724 Thread 0x0000023abf308590 DEOPT PACKING pc=0x0000023aad97d3d4 sp=0x0000004024cfeec0
Event: 12.724 Thread 0x0000023abf308590 DEOPT UNPACKING pc=0x0000023aacd866a3 sp=0x0000004024cfee90 mode 2
Event: 12.725 Thread 0x0000023abf308590 Uncommon trap: trap_request=0xffffff45 fr.pc=0x0000023aad81a4c0 relative=0x00000000000076a0
Event: 12.725 Thread 0x0000023abf308590 Uncommon trap: reason=unstable_if action=reinterpret pc=0x0000023aad81a4c0 method=org.eclipse.jdt.internal.compiler.classfmt.ClassFileReader.<init>([B[CZ)V @ 1348 c2
Event: 12.725 Thread 0x0000023abf308590 DEOPT PACKING pc=0x0000023aad81a4c0 sp=0x0000004024cfeee0
Event: 12.725 Thread 0x0000023abf308590 DEOPT UNPACKING pc=0x0000023aacd866a3 sp=0x0000004024cfee90 mode 2
Event: 12.806 Thread 0x0000023abf308590 Uncommon trap: trap_request=0xffffffe4 fr.pc=0x0000023aada56970 relative=0x00000000000014f0
Event: 12.806 Thread 0x0000023abf308590 Uncommon trap: reason=range_check action=make_not_entrant pc=0x0000023aada56970 method=org.eclipse.jdt.internal.compiler.classfmt.ClassFileStruct.u2At(I)I @ 28 c2
Event: 12.806 Thread 0x0000023abf308590 DEOPT PACKING pc=0x0000023aada56970 sp=0x0000004024cfec80
Event: 12.806 Thread 0x0000023abf308590 DEOPT UNPACKING pc=0x0000023aacd866a3 sp=0x0000004024cfebb8 mode 2
Event: 12.957 Thread 0x0000023abf308590 DEOPT PACKING pc=0x0000023aa65455c1 sp=0x0000004024cfedf0
Event: 12.957 Thread 0x0000023abf308590 DEOPT UNPACKING pc=0x0000023aacd86e43 sp=0x0000004024cfe378 mode 0

Classes loaded (20 events):
Event: 7.007 Loading class java/util/AbstractList$RandomAccessSpliterator
Event: 7.007 Loading class java/util/AbstractList$RandomAccessSpliterator done
Event: 7.029 Loading class java/util/concurrent/CompletionException
Event: 7.029 Loading class java/util/concurrent/CompletionException done
Event: 7.033 Loading class java/nio/file/FileTreeWalker$1
Event: 7.033 Loading class java/nio/file/FileTreeWalker$1 done
Event: 7.034 Loading class sun/nio/fs/Globs
Event: 7.034 Loading class sun/nio/fs/Globs done
Event: 7.034 Loading class java/util/regex/Pattern$SliceU
Event: 7.034 Loading class java/util/regex/Pattern$SliceU done
Event: 7.034 Loading class sun/nio/fs/WindowsFileSystem$2
Event: 7.035 Loading class java/nio/file/PathMatcher
Event: 7.035 Loading class java/nio/file/PathMatcher done
Event: 7.035 Loading class sun/nio/fs/WindowsFileSystem$2 done
Event: 7.151 Loading class java/lang/Class$EnclosingMethodInfo
Event: 7.151 Loading class java/lang/Class$EnclosingMethodInfo done
Event: 9.181 Loading class java/util/concurrent/CompletableFuture$Signaller
Event: 9.181 Loading class java/util/concurrent/CompletableFuture$Signaller done
Event: 11.108 Loading class sun/nio/fs/WindowsFileCopy
Event: 11.109 Loading class sun/nio/fs/WindowsFileCopy done

Classes unloaded (7 events):
Event: 3.676 Thread 0x0000023aa154ebd0 Unloading class 0x0000000100254400 'java/lang/invoke/LambdaForm$MH+0x0000000100254400'
Event: 3.676 Thread 0x0000023aa154ebd0 Unloading class 0x0000000100254000 'java/lang/invoke/LambdaForm$MH+0x0000000100254000'
Event: 3.676 Thread 0x0000023aa154ebd0 Unloading class 0x0000000100253c00 'java/lang/invoke/LambdaForm$MH+0x0000000100253c00'
Event: 3.676 Thread 0x0000023aa154ebd0 Unloading class 0x0000000100253800 'java/lang/invoke/LambdaForm$MH+0x0000000100253800'
Event: 3.676 Thread 0x0000023aa154ebd0 Unloading class 0x0000000100253400 'java/lang/invoke/LambdaForm$BMH+0x0000000100253400'
Event: 3.676 Thread 0x0000023aa154ebd0 Unloading class 0x0000000100253000 'java/lang/invoke/LambdaForm$DMH+0x0000000100253000'
Event: 3.676 Thread 0x0000023aa154ebd0 Unloading class 0x0000000100250800 'java/lang/invoke/LambdaForm$DMH+0x0000000100250800'

Classes redefined (0 events):
No events

Internal exceptions (20 events):
Event: 9.179 Thread 0x0000023abf3099d0 Exception <a 'sun/nio/fs/WindowsException'{0x00000000ec0ea728}> (0x00000000ec0ea728) 
thrown [s\src\hotspot\share\prims\jni.cpp, line 516]
Event: 9.179 Thread 0x0000023abf3099d0 Exception <a 'sun/nio/fs/WindowsException'{0x00000000ec0eb1c8}> (0x00000000ec0eb1c8) 
thrown [s\src\hotspot\share\prims\jni.cpp, line 516]
Event: 9.179 Thread 0x0000023abf3099d0 Exception <a 'sun/nio/fs/WindowsException'{0x00000000ec0eb800}> (0x00000000ec0eb800) 
thrown [s\src\hotspot\share\prims\jni.cpp, line 516]
Event: 11.109 Thread 0x0000023abf308590 Exception <a 'sun/nio/fs/WindowsException'{0x00000000eb383b38}> (0x00000000eb383b38) 
thrown [s\src\hotspot\share\prims\jni.cpp, line 516]
Event: 11.400 Thread 0x0000023abf308590 Exception <a 'sun/nio/fs/WindowsException'{0x00000000ebc5fbf8}> (0x00000000ebc5fbf8) 
thrown [s\src\hotspot\share\prims\jni.cpp, line 516]
Event: 11.494 Thread 0x0000023abf308590 Exception <a 'sun/nio/fs/WindowsException'{0x00000000eb0c5868}> (0x00000000eb0c5868) 
thrown [s\src\hotspot\share\prims\jni.cpp, line 516]
Event: 11.579 Thread 0x0000023abf308590 Exception <a 'sun/nio/fs/WindowsException'{0x00000000eb61df18}> (0x00000000eb61df18) 
thrown [s\src\hotspot\share\prims\jni.cpp, line 516]
Event: 11.611 Thread 0x0000023abf308590 Exception <a 'sun/nio/fs/WindowsException'{0x00000000eb788fe0}> (0x00000000eb788fe0) 
thrown [s\src\hotspot\share\prims\jni.cpp, line 516]
Event: 11.913 Thread 0x0000023abf308590 Exception <a 'sun/nio/fs/WindowsException'{0x00000000eb283230}> (0x00000000eb283230) 
thrown [s\src\hotspot\share\prims\jni.cpp, line 516]
Event: 11.968 Thread 0x0000023abf308590 Exception <a 'sun/nio/fs/WindowsException'{0x00000000ebbb74f8}> (0x00000000ebbb74f8) 
thrown [s\src\hotspot\share\prims\jni.cpp, line 516]
Event: 12.003 Thread 0x0000023abf308590 Exception <a 'sun/nio/fs/WindowsException'{0x00000000eac15a20}> (0x00000000eac15a20) 
thrown [s\src\hotspot\share\prims\jni.cpp, line 516]
Event: 12.076 Thread 0x0000023abf308590 Exception <a 'sun/nio/fs/WindowsException'{0x00000000ebcfea08}> (0x00000000ebcfea08) 
thrown [s\src\hotspot\share\prims\jni.cpp, line 516]
Event: 12.198 Thread 0x0000023abf308590 Exception <a 'sun/nio/fs/WindowsException'{0x00000000eabac6a0}> (0x00000000eabac6a0) 
thrown [s\src\hotspot\share\prims\jni.cpp, line 516]
Event: 12.221 Thread 0x0000023abf308590 Exception <a 'sun/nio/fs/WindowsException'{0x00000000eaf627e8}> (0x00000000eaf627e8) 
thrown [s\src\hotspot\share\prims\jni.cpp, line 516]
Event: 12.524 Thread 0x0000023abf308590 Exception <a 'sun/nio/fs/WindowsException'{0x00000000ebdd2728}> (0x00000000ebdd2728) 
thrown [s\src\hotspot\share\prims\jni.cpp, line 516]
Event: 12.569 Thread 0x0000023abf308590 Exception <a 'sun/nio/fs/WindowsException'{0x00000000eb5836f8}> (0x00000000eb5836f8) 
thrown [s\src\hotspot\share\prims\jni.cpp, line 516]
Event: 12.775 Thread 0x0000023abf308590 Exception <a 'sun/nio/fs/WindowsException'{0x00000000eb1fb400}> (0x00000000eb1fb400) 
thrown [s\src\hotspot\share\prims\jni.cpp, line 516]
Event: 12.789 Thread 0x0000023abf308590 Exception <a 'sun/nio/fs/WindowsException'{0x00000000eb217610}> (0x00000000eb217610) 
thrown [s\src\hotspot\share\prims\jni.cpp, line 516]
Event: 12.885 Thread 0x0000023abf308590 Exception <a 'sun/nio/fs/WindowsException'{0x00000000eb746110}> (0x00000000eb746110) 
thrown [s\src\hotspot\share\prims\jni.cpp, line 516]
Event: 12.898 Thread 0x0000023abf308590 Exception <a 'sun/nio/fs/WindowsException'{0x00000000eb751388}> (0x00000000eb751388) 
thrown [s\src\hotspot\share\prims\jni.cpp, line 516]

VM Operations (20 events):
Event: 12.333 Executing VM operation: ParallelGCFailedAllocation
Event: 12.337 Executing VM operation: ParallelGCFailedAllocation done
Event: 12.395 Executing VM operation: ParallelGCFailedAllocation
Event: 12.398 Executing VM operation: ParallelGCFailedAllocation done
Event: 12.536 Executing VM operation: ParallelGCFailedAllocation
Event: 12.538 Executing VM operation: ParallelGCFailedAllocation done
Event: 12.612 Executing VM operation: ParallelGCFailedAllocation
Event: 12.613 Executing VM operation: ParallelGCFailedAllocation done
Event: 12.667 Executing VM operation: ParallelGCFailedAllocation
Event: 12.669 Executing VM operation: ParallelGCFailedAllocation done
Event: 12.715 Executing VM operation: ParallelGCFailedAllocation
Event: 12.718 Executing VM operation: ParallelGCFailedAllocation done
Event: 12.725 Executing VM operation: HandshakeAllThreads
Event: 12.725 Executing VM operation: HandshakeAllThreads done
Event: 12.831 Executing VM operation: ParallelGCFailedAllocation
Event: 12.833 Executing VM operation: ParallelGCFailedAllocation done
Event: 12.927 Executing VM operation: ParallelGCFailedAllocation
Event: 12.929 Executing VM operation: ParallelGCFailedAllocation done
Event: 13.009 Executing VM operation: ParallelGCFailedAllocation
Event: 13.012 Executing VM operation: ParallelGCFailedAllocation done

Memory protections (0 events):
No events

Nmethod flushes (20 events):
Event: 8.934 Thread 0x0000023abc45efa0 flushing  nmethod 0x0000023aa663ab90
Event: 8.934 Thread 0x0000023abc45efa0 flushing  nmethod 0x0000023aa6693890
Event: 8.934 Thread 0x0000023abc45efa0 flushing  nmethod 0x0000023aa66b6510
Event: 8.934 Thread 0x0000023abc45efa0 flushing  nmethod 0x0000023aa66d8410
Event: 8.934 Thread 0x0000023abc45efa0 flushing  nmethod 0x0000023aa66d8790
Event: 8.934 Thread 0x0000023abc45efa0 flushing  nmethod 0x0000023aa66d8c10
Event: 8.934 Thread 0x0000023abc45efa0 flushing  nmethod 0x0000023aa66e0910
Event: 8.934 Thread 0x0000023abc45efa0 flushing  nmethod 0x0000023aa66ea810
Event: 8.934 Thread 0x0000023abc45efa0 flushing  nmethod 0x0000023aa6725490
Event: 8.934 Thread 0x0000023abc45efa0 flushing  nmethod 0x0000023aa6728510
Event: 8.934 Thread 0x0000023abc45efa0 flushing  nmethod 0x0000023aa672cb10
Event: 8.934 Thread 0x0000023abc45efa0 flushing  nmethod 0x0000023aa6753390
Event: 8.934 Thread 0x0000023abc45efa0 flushing  nmethod 0x0000023aa675c010
Event: 8.934 Thread 0x0000023abc45efa0 flushing  nmethod 0x0000023aa6761c90
Event: 8.934 Thread 0x0000023abc45efa0 flushing  nmethod 0x0000023aa6765090
Event: 8.934 Thread 0x0000023abc45efa0 flushing  nmethod 0x0000023aa6769210
Event: 8.934 Thread 0x0000023abc45efa0 flushing  nmethod 0x0000023aa676c190
Event: 8.934 Thread 0x0000023abc45efa0 flushing  nmethod 0x0000023aa6781910
Event: 12.727 Thread 0x0000023abc45efa0 flushing  nmethod 0x0000023aad79bd90
Event: 12.727 Thread 0x0000023abc45efa0 flushing  nmethod 0x0000023aad9e8610

Events (20 events):
Event: 8.066 Thread 0x0000023abf30b320 Thread exited: 0x0000023abf30b320
Event: 8.749 Thread 0x0000023abf723b10 Thread exited: 0x0000023abf723b10
Event: 8.757 Thread 0x0000023abf724060 Thread exited: 0x0000023abf724060
Event: 8.883 Thread 0x0000023abf7255a0 Thread exited: 0x0000023abf7255a0
Event: 8.883 Thread 0x0000023abf7245b0 Thread exited: 0x0000023abf7245b0
Event: 9.172 Thread 0x0000023abc4562f0 Thread added: 0x0000023ac2cb6b30
Event: 9.175 Thread 0x0000023abf3099d0 Thread added: 0x0000023ac2e9e040
Event: 9.403 Thread 0x0000023ac2cb6b30 Thread exited: 0x0000023ac2cb6b30
Event: 10.014 Thread 0x0000023abf726040 Thread exited: 0x0000023abf726040
Event: 10.014 Thread 0x0000023abe5168c0 Thread exited: 0x0000023abe5168c0
Event: 10.397 Thread 0x0000023abc453470 Thread added: 0x0000023ac2cb6b30
Event: 11.110 Thread 0x0000023aa1508180 Thread exited: 0x0000023aa1508180
Event: 11.428 Thread 0x0000023abc453470 Thread added: 0x0000023abf726040
Event: 11.441 Thread 0x0000023abc4562f0 Thread added: 0x0000023abf725050
Event: 11.457 Thread 0x0000023abc4562f0 Thread added: 0x0000023abf726590
Event: 11.463 Thread 0x0000023abf726040 Thread added: 0x0000023abf723b10
Event: 11.887 Thread 0x0000023abf723b10 Thread exited: 0x0000023abf723b10
Event: 12.343 Thread 0x0000023abf726590 Thread exited: 0x0000023abf726590
Event: 12.404 Thread 0x0000023abf725050 Thread exited: 0x0000023abf725050
Event: 12.571 Thread 0x0000023abf726040 Thread exited: 0x0000023abf726040


Dynamic libraries:
0x00007ff65ec50000 - 0x00007ff65ec5e000 	c:\Users\ASUS\.vscode\extensions\redhat.java-1.38.0-win32-x64\jre\17.0.13-win32-x86_64\bin\java.exe
0x00007ff8e27d0000 - 0x00007ff8e29e7000 	C:\WINDOWS\SYSTEM32\ntdll.dll
0x00007ff8e21f0000 - 0x00007ff8e22b4000 	C:\WINDOWS\System32\KERNEL32.DLL
0x00007ff8dfd30000 - 0x00007ff8e00ea000 	C:\WINDOWS\System32\KERNELBASE.dll
0x00007ff8dfad0000 - 0x00007ff8dfbe1000 	C:\WINDOWS\System32\ucrtbase.dll
0x00007ff8b28d0000 - 0x00007ff8b28e7000 	c:\Users\ASUS\.vscode\extensions\redhat.java-1.38.0-win32-x64\jre\17.0.13-win32-x86_64\bin\jli.dll
0x00007ff8b2830000 - 0x00007ff8b284e000 	c:\Users\ASUS\.vscode\extensions\redhat.java-1.38.0-win32-x64\jre\17.0.13-win32-x86_64\bin\VCRUNTIME140.dll
0x00007ff8e06f0000 - 0x00007ff8e089e000 	C:\WINDOWS\System32\USER32.dll
0x00007ff8dfaa0000 - 0x00007ff8dfac6000 	C:\WINDOWS\System32\win32u.dll
0x00007ff8d27d0000 - 0x00007ff8d2a62000 	C:\WINDOWS\WinSxS\amd64_microsoft.windows.common-controls_6595b64144ccf1df_6.0.22621.4541_none_2710d1c57384c085\COMCTL32.dll
0x00007ff8e05a0000 - 0x00007ff8e05c9000 	C:\WINDOWS\System32\GDI32.dll
0x00007ff8e1610000 - 0x00007ff8e16b7000 	C:\WINDOWS\System32\msvcrt.dll
0x00007ff8e00f0000 - 0x00007ff8e020b000 	C:\WINDOWS\System32\gdi32full.dll
0x00007ff8e0290000 - 0x00007ff8e032a000 	C:\WINDOWS\System32\msvcp_win.dll
0x00007ff8e0b00000 - 0x00007ff8e0b31000 	C:\WINDOWS\System32\IMM32.DLL
0x00007ff8cf390000 - 0x00007ff8cf39c000 	c:\Users\ASUS\.vscode\extensions\redhat.java-1.38.0-win32-x64\jre\17.0.13-win32-x86_64\bin\vcruntime140_1.dll
0x00007ff898140000 - 0x00007ff8981cd000 	c:\Users\ASUS\.vscode\extensions\redhat.java-1.38.0-win32-x64\jre\17.0.13-win32-x86_64\bin\msvcp140.dll
0x00007ff86be30000 - 0x00007ff86ca9b000 	c:\Users\ASUS\.vscode\extensions\redhat.java-1.38.0-win32-x64\jre\17.0.13-win32-x86_64\bin\server\jvm.dll
0x00007ff8e16c0000 - 0x00007ff8e1772000 	C:\WINDOWS\System32\ADVAPI32.dll
0x00007ff8e1e40000 - 0x00007ff8e1ee7000 	C:\WINDOWS\System32\sechost.dll
0x00007ff8e04a0000 - 0x00007ff8e04c8000 	C:\WINDOWS\System32\bcrypt.dll
0x00007ff8e05d0000 - 0x00007ff8e06e4000 	C:\WINDOWS\System32\RPCRT4.dll
0x00007ff8e08c0000 - 0x00007ff8e0931000 	C:\WINDOWS\System32\WS2_32.dll
0x00007ff8d8470000 - 0x00007ff8d84a4000 	C:\WINDOWS\SYSTEM32\WINMM.dll
0x00007ff8d9800000 - 0x00007ff8d980a000 	C:\WINDOWS\SYSTEM32\VERSION.dll
0x00007ff8df970000 - 0x00007ff8df9bd000 	C:\WINDOWS\SYSTEM32\POWRPROF.dll
0x00007ff8df950000 - 0x00007ff8df963000 	C:\WINDOWS\SYSTEM32\UMPDC.dll
0x00007ff8deae0000 - 0x00007ff8deaf8000 	C:\WINDOWS\SYSTEM32\kernel.appcore.dll
0x00007ff8cf2d0000 - 0x00007ff8cf2da000 	c:\Users\ASUS\.vscode\extensions\redhat.java-1.38.0-win32-x64\jre\17.0.13-win32-x86_64\bin\jimage.dll
0x00007ff8d8a10000 - 0x00007ff8d8c42000 	C:\WINDOWS\SYSTEM32\DBGHELP.DLL
0x00007ff8e2350000 - 0x00007ff8e26df000 	C:\WINDOWS\System32\combase.dll
0x00007ff8e0b40000 - 0x00007ff8e0c17000 	C:\WINDOWS\System32\OLEAUT32.dll
0x00007ff8d7ad0000 - 0x00007ff8d7b02000 	C:\WINDOWS\SYSTEM32\dbgcore.DLL
0x00007ff8e0210000 - 0x00007ff8e028b000 	C:\WINDOWS\System32\bcryptPrimitives.dll
0x00007ff8cf230000 - 0x00007ff8cf23e000 	c:\Users\ASUS\.vscode\extensions\redhat.java-1.38.0-win32-x64\jre\17.0.13-win32-x86_64\bin\instrument.dll
0x00007ff89b1c0000 - 0x00007ff89b1e5000 	c:\Users\ASUS\.vscode\extensions\redhat.java-1.38.0-win32-x64\jre\17.0.13-win32-x86_64\bin\java.dll
0x00007ff8b2530000 - 0x00007ff8b2548000 	c:\Users\ASUS\.vscode\extensions\redhat.java-1.38.0-win32-x64\jre\17.0.13-win32-x86_64\bin\zip.dll
0x00007ff8e0d90000 - 0x00007ff8e1608000 	C:\WINDOWS\System32\SHELL32.dll
0x00007ff8dd9e0000 - 0x00007ff8de2e8000 	C:\WINDOWS\SYSTEM32\windows.storage.dll
0x00007ff8dd8a0000 - 0x00007ff8dd9df000 	C:\WINDOWS\SYSTEM32\wintypes.dll
0x00007ff8e20f0000 - 0x00007ff8e21ea000 	C:\WINDOWS\System32\SHCORE.dll
0x00007ff8e0540000 - 0x00007ff8e059e000 	C:\WINDOWS\System32\shlwapi.dll
0x00007ff8df9d0000 - 0x00007ff8df9fb000 	C:\WINDOWS\SYSTEM32\profapi.dll
0x00007ff8afda0000 - 0x00007ff8afdb9000 	C:\Users\ASUS\.vscode\extensions\redhat.java-1.38.0-win32-x64\jre\17.0.13-win32-x86_64\bin\net.dll
0x00007ff8dca20000 - 0x00007ff8dcb56000 	C:\WINDOWS\SYSTEM32\WINHTTP.dll
0x00007ff8def60000 - 0x00007ff8defc9000 	C:\WINDOWS\system32\mswsock.dll
0x00007ff8aec20000 - 0x00007ff8aec36000 	C:\Users\ASUS\.vscode\extensions\redhat.java-1.38.0-win32-x64\jre\17.0.13-win32-x86_64\bin\nio.dll
0x00007ff8cf1d0000 - 0x00007ff8cf1e0000 	c:\Users\ASUS\.vscode\extensions\redhat.java-1.38.0-win32-x64\jre\17.0.13-win32-x86_64\bin\verify.dll
0x00007ff8992f0000 - 0x00007ff899335000 	C:\Users\ASUS\AppData\Roaming\Code\User\globalStorage\redhat.java\1.38.0\config_win\org.eclipse.equinox.launcher\org.eclipse.equinox.launcher.win32.win32.x86_64_1.2.1100.v20240722-2106\eclipse_11904.dll
0x00007ff8e1f40000 - 0x00007ff8e20e5000 	C:\WINDOWS\System32\ole32.dll
0x00007ff8df1c0000 - 0x00007ff8df1db000 	C:\WINDOWS\SYSTEM32\CRYPTSP.dll
0x00007ff8dea40000 - 0x00007ff8dea75000 	C:\WINDOWS\system32\rsaenh.dll
0x00007ff8df050000 - 0x00007ff8df078000 	C:\WINDOWS\SYSTEM32\USERENV.dll
0x00007ff8df1b0000 - 0x00007ff8df1bc000 	C:\WINDOWS\SYSTEM32\CRYPTBASE.dll
0x00007ff8de550000 - 0x00007ff8de57d000 	C:\WINDOWS\SYSTEM32\IPHLPAPI.DLL
0x00007ff8e1780000 - 0x00007ff8e1789000 	C:\WINDOWS\System32\NSI.dll
0x00007ff8dc150000 - 0x00007ff8dc169000 	C:\WINDOWS\SYSTEM32\dhcpcsvc6.DLL
0x00007ff8dc080000 - 0x00007ff8dc09f000 	C:\WINDOWS\SYSTEM32\dhcpcsvc.DLL
0x00007ff8de580000 - 0x00007ff8de682000 	C:\WINDOWS\SYSTEM32\DNSAPI.dll
0x00007ff897800000 - 0x00007ff897849000 	C:\Users\ASUS\AppData\Local\Temp\jna-2018896\jna10475606944711965357.dll
0x00007ff8e26e0000 - 0x00007ff8e26e8000 	C:\WINDOWS\System32\PSAPI.DLL

dbghelp: loaded successfully - version: 4.0.5 - missing functions: none
symbol engine: initialized successfully - sym options: 0x614 - pdb path: .;c:\Users\ASUS\.vscode\extensions\redhat.java-1.38.0-win32-x64\jre\17.0.13-win32-x86_64\bin;C:\WINDOWS\SYSTEM32;C:\WINDOWS\WinSxS\amd64_microsoft.windows.common-controls_6595b64144ccf1df_6.0.22621.4541_none_2710d1c57384c085;c:\Users\ASUS\.vscode\extensions\redhat.java-1.38.0-win32-x64\jre\17.0.13-win32-x86_64\bin\server;C:\Users\ASUS\AppData\Roaming\Code\User\globalStorage\redhat.java\1.38.0\config_win\org.eclipse.equinox.launcher\org.eclipse.equinox.launcher.win32.win32.x86_64_1.2.1100.v20240722-2106;C:\Users\ASUS\AppData\Local\Temp\jna-2018896

VM Arguments:
jvm_args: --add-modules=ALL-SYSTEM --add-opens=java.base/java.util=ALL-UNNAMED --add-opens=java.base/java.lang=ALL-UNNAMED --add-opens=java.base/sun.nio.fs=ALL-UNNAMED -Declipse.application=org.eclipse.jdt.ls.core.id1 -Dosgi.bundles.defaultStartLevel=4 -Declipse.product=org.eclipse.jdt.ls.core.product -Djava.import.generatesMetadataFilesAtProjectRoot=false -DDetectVMInstallationsJob.disabled=true -Dfile.encoding=utf8 -XX:+UseParallelGC -XX:GCTimeRatio=4 -XX:AdaptiveSizePolicyWeight=90 -Dsun.zip.disableMemoryMapping=true -Xmx1G -Xms100m -Xlog:disable -javaagent:c:\Users\ASUS\.vscode\extensions\redhat.java-1.38.0-win32-x64\lombok\lombok-1.18.34.jar -XX:+HeapDumpOnOutOfMemoryError -XX:HeapDumpPath=c:\Users\ASUS\AppData\Roaming\Code\User\workspaceStorage\9fdc986f79f7f5afd451b576530659b4\redhat.java -Daether.dependencyCollector.impl=bf 
java_command: c:\Users\ASUS\.vscode\extensions\redhat.java-1.38.0-win32-x64\server\plugins\org.eclipse.equinox.launcher_1.6.900.v20240613-2009.jar -configuration c:\Users\ASUS\AppData\Roaming\Code\User\globalStorage\redhat.java\1.38.0\config_win -data c:\Users\ASUS\AppData\Roaming\Code\User\workspaceStorage\9fdc986f79f7f5afd451b576530659b4\redhat.java\jdt_ws --pipe=\\.\pipe\lsp-f1121754e2836ab948b31b7afe74a7d3-sock
java_class_path (initial): c:\Users\ASUS\.vscode\extensions\redhat.java-1.38.0-win32-x64\server\plugins\org.eclipse.equinox.launcher_1.6.900.v20240613-2009.jar
Launcher Type: SUN_STANDARD

[Global flags]
    uintx AdaptiveSizePolicyWeight                 = 90                                        {product} {command line}
     intx CICompilerCount                          = 12                                        {product} {ergonomic}
    uintx GCTimeRatio                              = 4                                         {product} {command line}
     bool HeapDumpOnOutOfMemoryError               = true                                   {manageable} {command line}
    ccstr HeapDumpPath                             = c:\Users\ASUS\AppData\Roaming\Code\User\workspaceStorage\9fdc986f79f7f5afd451b576530659b4\redhat.java         {manageable} {command line}
   size_t InitialHeapSize                          = 104857600                                 {product} {command line}
   size_t MaxHeapSize                              = 1073741824                                {product} {command line}
   size_t MaxNewSize                               = 357564416                                 {product} {ergonomic}
   size_t MinHeapDeltaBytes                        = 524288                                    {product} {ergonomic}
   size_t MinHeapSize                              = 104857600                                 {product} {command line}
   size_t NewSize                                  = 34603008                                  {product} {ergonomic}
    uintx NonNMethodCodeHeapSize                   = 7602480                                {pd product} {ergonomic}
    uintx NonProfiledCodeHeapSize                  = 122027880                              {pd product} {ergonomic}
   size_t OldSize                                  = 70254592                                  {product} {ergonomic}
    uintx ProfiledCodeHeapSize                     = 122027880                              {pd product} {ergonomic}
    uintx ReservedCodeCacheSize                    = 251658240                              {pd product} {ergonomic}
     bool SegmentedCodeCache                       = true                                      {product} {ergonomic}
   size_t SoftMaxHeapSize                          = 1073741824                             {manageable} {ergonomic}
     bool UseCompressedClassPointers               = true                           {product lp64_product} {ergonomic}
     bool UseCompressedOops                        = true                           {product lp64_product} {ergonomic}
     bool UseLargePagesIndividualAllocation        = false                                  {pd product} {ergonomic}
     bool UseParallelGC                            = true                                      {product} {command line}

Logging:
Log output configuration:
 #0: stdout all=off uptime,level,tags
 #1: stderr all=off uptime,level,tags

Environment Variables:
PATH=C:\Program Files\Common Files\Oracle\Java\javapath;C:\Program Files (x86)\Common Files\Oracle\Java\java8path;C:\Program Files (x86)\Common Files\Oracle\Java\javapath;C:\ProgramData\Oracle\Java\javapath;C:\Windows\system32;C:\Windows;C:\Windows\System32\Wbem;C:\Windows\System32\WindowsPowerShell\v1.0\;C:\Windows\System32\OpenSSH\;C:\Program Files (x86)\NVIDIA Corporation\PhysX\Common;C:\WINDOWS\system32;C:\WINDOWS;C:\WINDOWS\System32\Wbem;C:\WINDOWS\System32\WindowsPowerShell\v1.0\;C:\WINDOWS\System32\OpenSSH\;C:\Program Files (x86)\Microsoft SQL Server\160\Tools\Binn\;C:\Program Files\Microsoft SQL Server\160\Tools\Binn\;C:\Program Files\Microsoft SQL Server\Client SDK\ODBC\170\Tools\Binn\;C:\Program Files\Microsoft SQL Server\160\DTS\Binn\;C:\Program Files (x86)\Microsoft SQL Server\160\DTS\Binn\;C:\Program Files\Azure Data Studio\bin;C:\Program Files\dotnet\;C:\Program Files\nodejs\;C:\Program Files\Git\cmd;C:\Program Files\Cloudflare\Cloudflare WARP\;C:\Program Files\MySQL\MySQL Shell 8.0\bin\;C:\Users\ASUS\AppData\Local\Microsoft\WindowsApps;;C:\Program Files\Azure Data Studio\bin;C:\Users\ASUS\AppData\Local\Programs\Microsoft VS Code\bin;C:\Users\ASUS\AppData\Roaming\npm
USERNAME=ASUS
OS=Windows_NT
PROCESSOR_IDENTIFIER=AMD64 Family 25 Model 68 Stepping 1, AuthenticAMD
TMP=C:\Users\ASUS\AppData\Local\Temp
TEMP=C:\Users\ASUS\AppData\Local\Temp



Periodic native trim disabled


---------------  S Y S T E M  ---------------

OS:
 Windows 11 , 64 bit Build 22621 (10.0.22621.4391)
OS uptime: 7 days 22:23 hours

CPU: total 16 (initial active 16) (16 cores per cpu, 2 threads per core) family 25 model 68 stepping 1 microcode 0x0, cx8, cmov, fxsr, ht, mmx, 3dnowpref, sse, sse2, sse3, ssse3, sse4a, sse4.1, sse4.2, popcnt, lzcnt, tsc, tscinvbit, avx, avx2, aes, clmul, bmi1, bmi2, adx, sha, fma, vzeroupper, clflush, clflushopt
Processor Information for all 16 processors :
  Max Mhz: 3201, Current Mhz: 3201, Mhz Limit: 3201

Memory: 4k page, system-wide physical 15613M (1765M free)
TotalPageFile size 19709M (AvailPageFile size 4M)
current process WorkingSet (physical memory assigned to process): 680M, peak: 709M
current process commit charge ("private bytes"): 654M, peak: 719M

vm_info: OpenJDK 64-Bit Server VM (17.0.13+11) for windows-amd64 JRE (17.0.13+11), built on Oct 16 2024 00:10:08 by "admin" with MS VC++ 17.7 (VS2022)

END.
